INFO - 2023-11-29 06:49:25 --> Session: Class initialized using 'CodeIgniter\Session\Handlers\FileHandler' driver.
INFO - 2023-11-29 06:49:38 --> Session: Class initialized using 'CodeIgniter\Session\Handlers\FileHandler' driver.
INFO - 2023-11-29 06:50:20 --> Session: Class initialized using 'CodeIgniter\Session\Handlers\FileHandler' driver.
INFO - 2023-11-29 06:50:21 --> Session: Class initialized using 'CodeIgniter\Session\Handlers\FileHandler' driver.
INFO - 2023-11-29 06:50:44 --> Session: Class initialized using 'CodeIgniter\Session\Handlers\FileHandler' driver.
INFO - 2023-11-29 06:51:01 --> Session: Class initialized using 'CodeIgniter\Session\Handlers\FileHandler' driver.
INFO - 2023-11-29 06:51:16 --> Session: Class initialized using 'CodeIgniter\Session\Handlers\FileHandler' driver.
INFO - 2023-11-29 06:56:36 --> Session: Class initialized using 'CodeIgniter\Session\Handlers\FileHandler' driver.
INFO - 2023-11-29 06:56:44 --> Session: Class initialized using 'CodeIgniter\Session\Handlers\FileHandler' driver.
INFO - 2023-11-29 06:56:44 --> Session: Class initialized using 'CodeIgniter\Session\Handlers\FileHandler' driver.
INFO - 2023-11-29 06:58:08 --> Session: Class initialized using 'CodeIgniter\Session\Handlers\FileHandler' driver.
INFO - 2023-11-29 07:00:18 --> Session: Class initialized using 'CodeIgniter\Session\Handlers\FileHandler' driver.
INFO - 2023-11-29 07:00:19 --> Session: Class initialized using 'CodeIgniter\Session\Handlers\FileHandler' driver.
INFO - 2023-11-29 07:00:20 --> Session: Class initialized using 'CodeIgniter\Session\Handlers\FileHandler' driver.
INFO - 2023-11-29 07:00:21 --> Session: Class initialized using 'CodeIgniter\Session\Handlers\FileHandler' driver.
INFO - 2023-11-29 07:00:22 --> Session: Class initialized using 'CodeIgniter\Session\Handlers\FileHandler' driver.
INFO - 2023-11-29 07:01:13 --> Session: Class initialized using 'CodeIgniter\Session\Handlers\FileHandler' driver.
INFO - 2023-11-29 07:01:14 --> Session: Class initialized using 'CodeIgniter\Session\Handlers\FileHandler' driver.
INFO - 2023-11-29 07:01:15 --> Session: Class initialized using 'CodeIgniter\Session\Handlers\FileHandler' driver.
INFO - 2023-11-29 07:01:15 --> Session: Class initialized using 'CodeIgniter\Session\Handlers\FileHandler' driver.
INFO - 2023-11-29 07:01:15 --> Session: Class initialized using 'CodeIgniter\Session\Handlers\FileHandler' driver.
INFO - 2023-11-29 07:01:15 --> Session: Class initialized using 'CodeIgniter\Session\Handlers\FileHandler' driver.
INFO - 2023-11-29 07:02:19 --> Session: Class initialized using 'CodeIgniter\Session\Handlers\FileHandler' driver.
INFO - 2023-11-29 07:02:20 --> Session: Class initialized using 'CodeIgniter\Session\Handlers\FileHandler' driver.
INFO - 2023-11-29 07:02:21 --> Session: Class initialized using 'CodeIgniter\Session\Handlers\FileHandler' driver.
INFO - 2023-11-29 07:02:21 --> Session: Class initialized using 'CodeIgniter\Session\Handlers\FileHandler' driver.
INFO - 2023-11-29 07:02:22 --> Session: Class initialized using 'CodeIgniter\Session\Handlers\FileHandler' driver.
INFO - 2023-11-29 07:02:23 --> Session: Class initialized using 'CodeIgniter\Session\Handlers\FileHandler' driver.
INFO - 2023-11-29 07:02:41 --> Session: Class initialized using 'CodeIgniter\Session\Handlers\FileHandler' driver.
INFO - 2023-11-29 07:02:42 --> Session: Class initialized using 'CodeIgniter\Session\Handlers\FileHandler' driver.
INFO - 2023-11-29 07:02:43 --> Session: Class initialized using 'CodeIgniter\Session\Handlers\FileHandler' driver.
INFO - 2023-11-29 07:02:43 --> Session: Class initialized using 'CodeIgniter\Session\Handlers\FileHandler' driver.
INFO - 2023-11-29 07:02:44 --> Session: Class initialized using 'CodeIgniter\Session\Handlers\FileHandler' driver.
INFO - 2023-11-29 07:02:45 --> Session: Class initialized using 'CodeIgniter\Session\Handlers\FileHandler' driver.
INFO - 2023-11-29 07:02:46 --> Session: Class initialized using 'CodeIgniter\Session\Handlers\FileHandler' driver.
INFO - 2023-11-29 07:02:46 --> Session: Class initialized using 'CodeIgniter\Session\Handlers\FileHandler' driver.
INFO - 2023-11-29 07:02:46 --> Session: Class initialized using 'CodeIgniter\Session\Handlers\FileHandler' driver.
INFO - 2023-11-29 07:02:47 --> Session: Class initialized using 'CodeIgniter\Session\Handlers\FileHandler' driver.
INFO - 2023-11-29 07:02:47 --> Session: Class initialized using 'CodeIgniter\Session\Handlers\FileHandler' driver.
INFO - 2023-11-29 07:02:47 --> Session: Class initialized using 'CodeIgniter\Session\Handlers\FileHandler' driver.
INFO - 2023-11-29 07:02:47 --> Session: Class initialized using 'CodeIgniter\Session\Handlers\FileHandler' driver.
INFO - 2023-11-29 07:02:48 --> Session: Class initialized using 'CodeIgniter\Session\Handlers\FileHandler' driver.
INFO - 2023-11-29 07:02:50 --> Session: Class initialized using 'CodeIgniter\Session\Handlers\FileHandler' driver.
INFO - 2023-11-29 07:02:51 --> Session: Class initialized using 'CodeIgniter\Session\Handlers\FileHandler' driver.
INFO - 2023-11-29 07:02:52 --> Session: Class initialized using 'CodeIgniter\Session\Handlers\FileHandler' driver.
INFO - 2023-11-29 07:02:53 --> Session: Class initialized using 'CodeIgniter\Session\Handlers\FileHandler' driver.
INFO - 2023-11-29 07:02:54 --> Session: Class initialized using 'CodeIgniter\Session\Handlers\FileHandler' driver.
INFO - 2023-11-29 07:02:57 --> Session: Class initialized using 'CodeIgniter\Session\Handlers\FileHandler' driver.
INFO - 2023-11-29 07:05:14 --> Session: Class initialized using 'CodeIgniter\Session\Handlers\FileHandler' driver.
INFO - 2023-11-29 07:06:40 --> Session: Class initialized using 'CodeIgniter\Session\Handlers\FileHandler' driver.
INFO - 2023-11-29 07:06:50 --> Session: Class initialized using 'CodeIgniter\Session\Handlers\FileHandler' driver.
INFO - 2023-11-29 07:06:50 --> Session: Class initialized using 'CodeIgniter\Session\Handlers\FileHandler' driver.
CRITICAL - 2023-11-29 07:22:13 --> Undefined variable $data_client
in APPPATH\Views\Dasboards\masterpelanggan.php on line 53.
 1 APPPATH\Views\Dasboards\masterpelanggan.php(53): CodeIgniter\Debug\Exceptions->errorHandler(2, 'Undefined variable $data_client', 'C:\\xampp\\htdocs\\CI4\\app\\Views\\Dasboards\\masterpelanggan.php', 53)
 2 SYSTEMPATH\View\View.php(213): include('C:\\xampp\\htdocs\\CI4\\app\\Views\\Dasboards\\masterpelanggan.php')
 3 SYSTEMPATH\View\View.php(216): CodeIgniter\View\View->CodeIgniter\View\{closure}()
 4 SYSTEMPATH\Common.php(1184): CodeIgniter\View\View->render('Dasboards/masterpelanggan', [], true)
 5 APPPATH\Controllers\Template_dasboards.php(18): view('Dasboards/masterpelanggan')
 6 SYSTEMPATH\CodeIgniter.php(934): App\Controllers\Template_dasboards->masterpelanggan()
 7 SYSTEMPATH\CodeIgniter.php(499): CodeIgniter\CodeIgniter->runController(Object(App\Controllers\Template_dasboards))
 8 SYSTEMPATH\CodeIgniter.php(368): CodeIgniter\CodeIgniter->handleRequest(null, Object(Config\Cache), false)
 9 FCPATH\index.php(67): CodeIgniter\CodeIgniter->run()
10 SYSTEMPATH\Commands\Server\rewrite.php(47): require_once('C:\\xampp\\htdocs\\CI4\\public\\index.php')
CRITICAL - 2023-11-29 07:29:01 --> Undefined variable $data_client
in APPPATH\Views\Dasboards\masterpelanggan.php on line 53.
 1 APPPATH\Views\Dasboards\masterpelanggan.php(53): CodeIgniter\Debug\Exceptions->errorHandler(2, 'Undefined variable $data_client', 'C:\\xampp\\htdocs\\CI4\\app\\Views\\Dasboards\\masterpelanggan.php', 53)
 2 SYSTEMPATH\View\View.php(213): include('C:\\xampp\\htdocs\\CI4\\app\\Views\\Dasboards\\masterpelanggan.php')
 3 SYSTEMPATH\View\View.php(216): CodeIgniter\View\View->CodeIgniter\View\{closure}()
 4 SYSTEMPATH\Common.php(1184): CodeIgniter\View\View->render('Dasboards/masterpelanggan', [], true)
 5 APPPATH\Controllers\Template_dasboards.php(18): view('Dasboards/masterpelanggan')
 6 SYSTEMPATH\CodeIgniter.php(934): App\Controllers\Template_dasboards->masterpelanggan()
 7 SYSTEMPATH\CodeIgniter.php(499): CodeIgniter\CodeIgniter->runController(Object(App\Controllers\Template_dasboards))
 8 SYSTEMPATH\CodeIgniter.php(368): CodeIgniter\CodeIgniter->handleRequest(null, Object(Config\Cache), false)
 9 FCPATH\index.php(67): CodeIgniter\CodeIgniter->run()
10 SYSTEMPATH\Commands\Server\rewrite.php(47): require_once('C:\\xampp\\htdocs\\CI4\\public\\index.php')
CRITICAL - 2023-11-29 07:29:02 --> Undefined variable $data_client
in APPPATH\Views\Dasboards\masterpelanggan.php on line 53.
 1 APPPATH\Views\Dasboards\masterpelanggan.php(53): CodeIgniter\Debug\Exceptions->errorHandler(2, 'Undefined variable $data_client', 'C:\\xampp\\htdocs\\CI4\\app\\Views\\Dasboards\\masterpelanggan.php', 53)
 2 SYSTEMPATH\View\View.php(213): include('C:\\xampp\\htdocs\\CI4\\app\\Views\\Dasboards\\masterpelanggan.php')
 3 SYSTEMPATH\View\View.php(216): CodeIgniter\View\View->CodeIgniter\View\{closure}()
 4 SYSTEMPATH\Common.php(1184): CodeIgniter\View\View->render('Dasboards/masterpelanggan', [], true)
 5 APPPATH\Controllers\Template_dasboards.php(18): view('Dasboards/masterpelanggan')
 6 SYSTEMPATH\CodeIgniter.php(934): App\Controllers\Template_dasboards->masterpelanggan()
 7 SYSTEMPATH\CodeIgniter.php(499): CodeIgniter\CodeIgniter->runController(Object(App\Controllers\Template_dasboards))
 8 SYSTEMPATH\CodeIgniter.php(368): CodeIgniter\CodeIgniter->handleRequest(null, Object(Config\Cache), false)
 9 FCPATH\index.php(67): CodeIgniter\CodeIgniter->run()
10 SYSTEMPATH\Commands\Server\rewrite.php(47): require_once('C:\\xampp\\htdocs\\CI4\\public\\index.php')
INFO - 2023-11-29 07:29:06 --> Session: Class initialized using 'CodeIgniter\Session\Handlers\FileHandler' driver.
CRITICAL - 2023-11-29 07:29:17 --> Undefined variable $data_client
in APPPATH\Views\Dasboards\masterpelanggan.php on line 53.
 1 APPPATH\Views\Dasboards\masterpelanggan.php(53): CodeIgniter\Debug\Exceptions->errorHandler(2, 'Undefined variable $data_client', 'C:\\xampp\\htdocs\\CI4\\app\\Views\\Dasboards\\masterpelanggan.php', 53)
 2 SYSTEMPATH\View\View.php(213): include('C:\\xampp\\htdocs\\CI4\\app\\Views\\Dasboards\\masterpelanggan.php')
 3 SYSTEMPATH\View\View.php(216): CodeIgniter\View\View->CodeIgniter\View\{closure}()
 4 SYSTEMPATH\Common.php(1184): CodeIgniter\View\View->render('Dasboards/masterpelanggan', [], true)
 5 APPPATH\Controllers\Template_dasboards.php(18): view('Dasboards/masterpelanggan')
 6 SYSTEMPATH\CodeIgniter.php(934): App\Controllers\Template_dasboards->masterpelanggan()
 7 SYSTEMPATH\CodeIgniter.php(499): CodeIgniter\CodeIgniter->runController(Object(App\Controllers\Template_dasboards))
 8 SYSTEMPATH\CodeIgniter.php(368): CodeIgniter\CodeIgniter->handleRequest(null, Object(Config\Cache), false)
 9 FCPATH\index.php(67): CodeIgniter\CodeIgniter->run()
10 SYSTEMPATH\Commands\Server\rewrite.php(47): require_once('C:\\xampp\\htdocs\\CI4\\public\\index.php')
INFO - 2023-11-29 07:29:23 --> Session: Class initialized using 'CodeIgniter\Session\Handlers\FileHandler' driver.
CRITICAL - 2023-11-29 07:29:32 --> Undefined variable $data_client
in APPPATH\Views\Dasboards\masterpelanggan.php on line 53.
 1 APPPATH\Views\Dasboards\masterpelanggan.php(53): CodeIgniter\Debug\Exceptions->errorHandler(2, 'Undefined variable $data_client', 'C:\\xampp\\htdocs\\CI4\\app\\Views\\Dasboards\\masterpelanggan.php', 53)
 2 SYSTEMPATH\View\View.php(213): include('C:\\xampp\\htdocs\\CI4\\app\\Views\\Dasboards\\masterpelanggan.php')
 3 SYSTEMPATH\View\View.php(216): CodeIgniter\View\View->CodeIgniter\View\{closure}()
 4 SYSTEMPATH\Common.php(1184): CodeIgniter\View\View->render('Dasboards/masterpelanggan', [], true)
 5 APPPATH\Controllers\Template_dasboards.php(18): view('Dasboards/masterpelanggan')
 6 SYSTEMPATH\CodeIgniter.php(934): App\Controllers\Template_dasboards->masterpelanggan()
 7 SYSTEMPATH\CodeIgniter.php(499): CodeIgniter\CodeIgniter->runController(Object(App\Controllers\Template_dasboards))
 8 SYSTEMPATH\CodeIgniter.php(368): CodeIgniter\CodeIgniter->handleRequest(null, Object(Config\Cache), false)
 9 FCPATH\index.php(67): CodeIgniter\CodeIgniter->run()
10 SYSTEMPATH\Commands\Server\rewrite.php(47): require_once('C:\\xampp\\htdocs\\CI4\\public\\index.php')
CRITICAL - 2023-11-29 07:51:40 --> Undefined variable $data_client
in APPPATH\Views\Dasboards\masterpelanggan.php on line 53.
 1 APPPATH\Views\Dasboards\masterpelanggan.php(53): CodeIgniter\Debug\Exceptions->errorHandler(2, 'Undefined variable $data_client', 'C:\\xampp\\htdocs\\CI4\\app\\Views\\Dasboards\\masterpelanggan.php', 53)
 2 SYSTEMPATH\View\View.php(213): include('C:\\xampp\\htdocs\\CI4\\app\\Views\\Dasboards\\masterpelanggan.php')
 3 SYSTEMPATH\View\View.php(216): CodeIgniter\View\View->CodeIgniter\View\{closure}()
 4 SYSTEMPATH\Common.php(1184): CodeIgniter\View\View->render('Dasboards/masterpelanggan', [], true)
 5 APPPATH\Controllers\Template_dasboards.php(18): view('Dasboards/masterpelanggan')
 6 SYSTEMPATH\CodeIgniter.php(934): App\Controllers\Template_dasboards->masterpelanggan()
 7 SYSTEMPATH\CodeIgniter.php(499): CodeIgniter\CodeIgniter->runController(Object(App\Controllers\Template_dasboards))
 8 SYSTEMPATH\CodeIgniter.php(368): CodeIgniter\CodeIgniter->handleRequest(null, Object(Config\Cache), false)
 9 FCPATH\index.php(67): CodeIgniter\CodeIgniter->run()
10 SYSTEMPATH\Commands\Server\rewrite.php(47): require_once('C:\\xampp\\htdocs\\CI4\\public\\index.php')
CRITICAL - 2023-11-29 07:51:42 --> Undefined variable $data_client
in APPPATH\Views\Dasboards\masterpelanggan.php on line 53.
 1 APPPATH\Views\Dasboards\masterpelanggan.php(53): CodeIgniter\Debug\Exceptions->errorHandler(2, 'Undefined variable $data_client', 'C:\\xampp\\htdocs\\CI4\\app\\Views\\Dasboards\\masterpelanggan.php', 53)
 2 SYSTEMPATH\View\View.php(213): include('C:\\xampp\\htdocs\\CI4\\app\\Views\\Dasboards\\masterpelanggan.php')
 3 SYSTEMPATH\View\View.php(216): CodeIgniter\View\View->CodeIgniter\View\{closure}()
 4 SYSTEMPATH\Common.php(1184): CodeIgniter\View\View->render('Dasboards/masterpelanggan', [], true)
 5 APPPATH\Controllers\Template_dasboards.php(18): view('Dasboards/masterpelanggan')
 6 SYSTEMPATH\CodeIgniter.php(934): App\Controllers\Template_dasboards->masterpelanggan()
 7 SYSTEMPATH\CodeIgniter.php(499): CodeIgniter\CodeIgniter->runController(Object(App\Controllers\Template_dasboards))
 8 SYSTEMPATH\CodeIgniter.php(368): CodeIgniter\CodeIgniter->handleRequest(null, Object(Config\Cache), false)
 9 FCPATH\index.php(67): CodeIgniter\CodeIgniter->run()
10 SYSTEMPATH\Commands\Server\rewrite.php(47): require_once('C:\\xampp\\htdocs\\CI4\\public\\index.php')
CRITICAL - 2023-11-29 07:56:12 --> Undefined variable $data_client
in APPPATH\Views\Dasboards\masterpelanggan.php on line 53.
 1 APPPATH\Views\Dasboards\masterpelanggan.php(53): CodeIgniter\Debug\Exceptions->errorHandler(2, 'Undefined variable $data_client', 'C:\\xampp\\htdocs\\CI4\\app\\Views\\Dasboards\\masterpelanggan.php', 53)
 2 SYSTEMPATH\View\View.php(213): include('C:\\xampp\\htdocs\\CI4\\app\\Views\\Dasboards\\masterpelanggan.php')
 3 SYSTEMPATH\View\View.php(216): CodeIgniter\View\View->CodeIgniter\View\{closure}()
 4 SYSTEMPATH\Common.php(1184): CodeIgniter\View\View->render('Dasboards/masterpelanggan', [], true)
 5 APPPATH\Controllers\Template_dasboards.php(18): view('Dasboards/masterpelanggan')
 6 SYSTEMPATH\CodeIgniter.php(934): App\Controllers\Template_dasboards->masterpelanggan()
 7 SYSTEMPATH\CodeIgniter.php(499): CodeIgniter\CodeIgniter->runController(Object(App\Controllers\Template_dasboards))
 8 SYSTEMPATH\CodeIgniter.php(368): CodeIgniter\CodeIgniter->handleRequest(null, Object(Config\Cache), false)
 9 FCPATH\index.php(67): CodeIgniter\CodeIgniter->run()
10 SYSTEMPATH\Commands\Server\rewrite.php(47): require_once('C:\\xampp\\htdocs\\CI4\\public\\index.php')
CRITICAL - 2023-11-29 07:56:16 --> Undefined variable $data_client
in APPPATH\Views\Dasboards\masterpelanggan.php on line 53.
 1 APPPATH\Views\Dasboards\masterpelanggan.php(53): CodeIgniter\Debug\Exceptions->errorHandler(2, 'Undefined variable $data_client', 'C:\\xampp\\htdocs\\CI4\\app\\Views\\Dasboards\\masterpelanggan.php', 53)
 2 SYSTEMPATH\View\View.php(213): include('C:\\xampp\\htdocs\\CI4\\app\\Views\\Dasboards\\masterpelanggan.php')
 3 SYSTEMPATH\View\View.php(216): CodeIgniter\View\View->CodeIgniter\View\{closure}()
 4 SYSTEMPATH\Common.php(1184): CodeIgniter\View\View->render('Dasboards/masterpelanggan', [], true)
 5 APPPATH\Controllers\Template_dasboards.php(18): view('Dasboards/masterpelanggan')
 6 SYSTEMPATH\CodeIgniter.php(934): App\Controllers\Template_dasboards->masterpelanggan()
 7 SYSTEMPATH\CodeIgniter.php(499): CodeIgniter\CodeIgniter->runController(Object(App\Controllers\Template_dasboards))
 8 SYSTEMPATH\CodeIgniter.php(368): CodeIgniter\CodeIgniter->handleRequest(null, Object(Config\Cache), false)
 9 FCPATH\index.php(67): CodeIgniter\CodeIgniter->run()
10 SYSTEMPATH\Commands\Server\rewrite.php(47): require_once('C:\\xampp\\htdocs\\CI4\\public\\index.php')
CRITICAL - 2023-11-29 07:56:17 --> Undefined variable $data_client
in APPPATH\Views\Dasboards\masterpelanggan.php on line 53.
 1 APPPATH\Views\Dasboards\masterpelanggan.php(53): CodeIgniter\Debug\Exceptions->errorHandler(2, 'Undefined variable $data_client', 'C:\\xampp\\htdocs\\CI4\\app\\Views\\Dasboards\\masterpelanggan.php', 53)
 2 SYSTEMPATH\View\View.php(213): include('C:\\xampp\\htdocs\\CI4\\app\\Views\\Dasboards\\masterpelanggan.php')
 3 SYSTEMPATH\View\View.php(216): CodeIgniter\View\View->CodeIgniter\View\{closure}()
 4 SYSTEMPATH\Common.php(1184): CodeIgniter\View\View->render('Dasboards/masterpelanggan', [], true)
 5 APPPATH\Controllers\Template_dasboards.php(18): view('Dasboards/masterpelanggan')
 6 SYSTEMPATH\CodeIgniter.php(934): App\Controllers\Template_dasboards->masterpelanggan()
 7 SYSTEMPATH\CodeIgniter.php(499): CodeIgniter\CodeIgniter->runController(Object(App\Controllers\Template_dasboards))
 8 SYSTEMPATH\CodeIgniter.php(368): CodeIgniter\CodeIgniter->handleRequest(null, Object(Config\Cache), false)
 9 FCPATH\index.php(67): CodeIgniter\CodeIgniter->run()
10 SYSTEMPATH\Commands\Server\rewrite.php(47): require_once('C:\\xampp\\htdocs\\CI4\\public\\index.php')
CRITICAL - 2023-11-29 07:56:18 --> Undefined variable $data_client
in APPPATH\Views\Dasboards\masterpelanggan.php on line 53.
 1 APPPATH\Views\Dasboards\masterpelanggan.php(53): CodeIgniter\Debug\Exceptions->errorHandler(2, 'Undefined variable $data_client', 'C:\\xampp\\htdocs\\CI4\\app\\Views\\Dasboards\\masterpelanggan.php', 53)
 2 SYSTEMPATH\View\View.php(213): include('C:\\xampp\\htdocs\\CI4\\app\\Views\\Dasboards\\masterpelanggan.php')
 3 SYSTEMPATH\View\View.php(216): CodeIgniter\View\View->CodeIgniter\View\{closure}()
 4 SYSTEMPATH\Common.php(1184): CodeIgniter\View\View->render('Dasboards/masterpelanggan', [], true)
 5 APPPATH\Controllers\Template_dasboards.php(18): view('Dasboards/masterpelanggan')
 6 SYSTEMPATH\CodeIgniter.php(934): App\Controllers\Template_dasboards->masterpelanggan()
 7 SYSTEMPATH\CodeIgniter.php(499): CodeIgniter\CodeIgniter->runController(Object(App\Controllers\Template_dasboards))
 8 SYSTEMPATH\CodeIgniter.php(368): CodeIgniter\CodeIgniter->handleRequest(null, Object(Config\Cache), false)
 9 FCPATH\index.php(67): CodeIgniter\CodeIgniter->run()
10 SYSTEMPATH\Commands\Server\rewrite.php(47): require_once('C:\\xampp\\htdocs\\CI4\\public\\index.php')
CRITICAL - 2023-11-29 07:56:20 --> Undefined variable $data_client
in APPPATH\Views\Dasboards\masterpelanggan.php on line 53.
 1 APPPATH\Views\Dasboards\masterpelanggan.php(53): CodeIgniter\Debug\Exceptions->errorHandler(2, 'Undefined variable $data_client', 'C:\\xampp\\htdocs\\CI4\\app\\Views\\Dasboards\\masterpelanggan.php', 53)
 2 SYSTEMPATH\View\View.php(213): include('C:\\xampp\\htdocs\\CI4\\app\\Views\\Dasboards\\masterpelanggan.php')
 3 SYSTEMPATH\View\View.php(216): CodeIgniter\View\View->CodeIgniter\View\{closure}()
 4 SYSTEMPATH\Common.php(1184): CodeIgniter\View\View->render('Dasboards/masterpelanggan', [], true)
 5 APPPATH\Controllers\Template_dasboards.php(18): view('Dasboards/masterpelanggan')
 6 SYSTEMPATH\CodeIgniter.php(934): App\Controllers\Template_dasboards->masterpelanggan()
 7 SYSTEMPATH\CodeIgniter.php(499): CodeIgniter\CodeIgniter->runController(Object(App\Controllers\Template_dasboards))
 8 SYSTEMPATH\CodeIgniter.php(368): CodeIgniter\CodeIgniter->handleRequest(null, Object(Config\Cache), false)
 9 FCPATH\index.php(67): CodeIgniter\CodeIgniter->run()
10 SYSTEMPATH\Commands\Server\rewrite.php(47): require_once('C:\\xampp\\htdocs\\CI4\\public\\index.php')
CRITICAL - 2023-11-29 08:03:06 --> Undefined variable $data_client
in APPPATH\Views\Dasboards\masterpelanggan.php on line 53.
 1 APPPATH\Views\Dasboards\masterpelanggan.php(53): CodeIgniter\Debug\Exceptions->errorHandler(2, 'Undefined variable $data_client', 'C:\\xampp\\htdocs\\CI4\\app\\Views\\Dasboards\\masterpelanggan.php', 53)
 2 SYSTEMPATH\View\View.php(213): include('C:\\xampp\\htdocs\\CI4\\app\\Views\\Dasboards\\masterpelanggan.php')
 3 SYSTEMPATH\View\View.php(216): CodeIgniter\View\View->CodeIgniter\View\{closure}()
 4 SYSTEMPATH\Common.php(1184): CodeIgniter\View\View->render('Dasboards/masterpelanggan', [], true)
 5 APPPATH\Controllers\Template_dasboards.php(18): view('Dasboards/masterpelanggan')
 6 SYSTEMPATH\CodeIgniter.php(934): App\Controllers\Template_dasboards->masterpelanggan()
 7 SYSTEMPATH\CodeIgniter.php(499): CodeIgniter\CodeIgniter->runController(Object(App\Controllers\Template_dasboards))
 8 SYSTEMPATH\CodeIgniter.php(368): CodeIgniter\CodeIgniter->handleRequest(null, Object(Config\Cache), false)
 9 FCPATH\index.php(67): CodeIgniter\CodeIgniter->run()
10 SYSTEMPATH\Commands\Server\rewrite.php(47): require_once('C:\\xampp\\htdocs\\CI4\\public\\index.php')
CRITICAL - 2023-11-29 08:16:03 --> Undefined variable $data_client
in APPPATH\Views\Dasboards\masterpelanggan.php on line 53.
 1 APPPATH\Views\Dasboards\masterpelanggan.php(53): CodeIgniter\Debug\Exceptions->errorHandler(2, 'Undefined variable $data_client', 'C:\\xampp\\htdocs\\CI4\\app\\Views\\Dasboards\\masterpelanggan.php', 53)
 2 SYSTEMPATH\View\View.php(213): include('C:\\xampp\\htdocs\\CI4\\app\\Views\\Dasboards\\masterpelanggan.php')
 3 SYSTEMPATH\View\View.php(216): CodeIgniter\View\View->CodeIgniter\View\{closure}()
 4 SYSTEMPATH\Common.php(1184): CodeIgniter\View\View->render('Dasboards/masterpelanggan', [], true)
 5 APPPATH\Controllers\Template_dasboards.php(18): view('Dasboards/masterpelanggan')
 6 SYSTEMPATH\CodeIgniter.php(934): App\Controllers\Template_dasboards->masterpelanggan()
 7 SYSTEMPATH\CodeIgniter.php(499): CodeIgniter\CodeIgniter->runController(Object(App\Controllers\Template_dasboards))
 8 SYSTEMPATH\CodeIgniter.php(368): CodeIgniter\CodeIgniter->handleRequest(null, Object(Config\Cache), false)
 9 FCPATH\index.php(67): CodeIgniter\CodeIgniter->run()
10 SYSTEMPATH\Commands\Server\rewrite.php(47): require_once('C:\\xampp\\htdocs\\CI4\\public\\index.php')
INFO - 2023-11-29 18:29:51 --> Session: Class initialized using 'CodeIgniter\Session\Handlers\FileHandler' driver.
CRITICAL - 2023-11-29 18:30:02 --> Undefined variable $data_client
in APPPATH\Views\Dasboards\masterpelanggan.php on line 53.
 1 APPPATH\Views\Dasboards\masterpelanggan.php(53): CodeIgniter\Debug\Exceptions->errorHandler(2, 'Undefined variable $data_client', 'C:\\xampp\\htdocs\\CI4\\app\\Views\\Dasboards\\masterpelanggan.php', 53)
 2 SYSTEMPATH\View\View.php(213): include('C:\\xampp\\htdocs\\CI4\\app\\Views\\Dasboards\\masterpelanggan.php')
 3 SYSTEMPATH\View\View.php(216): CodeIgniter\View\View->CodeIgniter\View\{closure}()
 4 SYSTEMPATH\Common.php(1184): CodeIgniter\View\View->render('Dasboards/masterpelanggan', [], true)
 5 APPPATH\Controllers\Template_dasboards.php(18): view('Dasboards/masterpelanggan')
 6 SYSTEMPATH\CodeIgniter.php(934): App\Controllers\Template_dasboards->masterpelanggan()
 7 SYSTEMPATH\CodeIgniter.php(499): CodeIgniter\CodeIgniter->runController(Object(App\Controllers\Template_dasboards))
 8 SYSTEMPATH\CodeIgniter.php(368): CodeIgniter\CodeIgniter->handleRequest(null, Object(Config\Cache), false)
 9 FCPATH\index.php(67): CodeIgniter\CodeIgniter->run()
10 SYSTEMPATH\Commands\Server\rewrite.php(47): require_once('C:\\xampp\\htdocs\\CI4\\public\\index.php')
CRITICAL - 2023-11-29 18:35:46 --> Undefined variable $data_client
in APPPATH\Views\Dasboards\masterpelanggan.php on line 53.
 1 APPPATH\Views\Dasboards\masterpelanggan.php(53): CodeIgniter\Debug\Exceptions->errorHandler(2, 'Undefined variable $data_client', 'C:\\xampp\\htdocs\\CI4\\app\\Views\\Dasboards\\masterpelanggan.php', 53)
 2 SYSTEMPATH\View\View.php(213): include('C:\\xampp\\htdocs\\CI4\\app\\Views\\Dasboards\\masterpelanggan.php')
 3 SYSTEMPATH\View\View.php(216): CodeIgniter\View\View->CodeIgniter\View\{closure}()
 4 SYSTEMPATH\Common.php(1184): CodeIgniter\View\View->render('Dasboards/masterpelanggan', [], true)
 5 APPPATH\Controllers\Template_dasboards.php(18): view('Dasboards/masterpelanggan')
 6 SYSTEMPATH\CodeIgniter.php(934): App\Controllers\Template_dasboards->masterpelanggan()
 7 SYSTEMPATH\CodeIgniter.php(499): CodeIgniter\CodeIgniter->runController(Object(App\Controllers\Template_dasboards))
 8 SYSTEMPATH\CodeIgniter.php(368): CodeIgniter\CodeIgniter->handleRequest(null, Object(Config\Cache), false)
 9 FCPATH\index.php(67): CodeIgniter\CodeIgniter->run()
10 SYSTEMPATH\Commands\Server\rewrite.php(47): require_once('C:\\xampp\\htdocs\\CI4\\public\\index.php')
CRITICAL - 2023-11-29 18:52:49 --> Undefined variable $data_client
in APPPATH\Views\Dasboards\masterpelanggan.php on line 53.
 1 APPPATH\Views\Dasboards\masterpelanggan.php(53): CodeIgniter\Debug\Exceptions->errorHandler(2, 'Undefined variable $data_client', 'C:\\xampp\\htdocs\\CI4\\app\\Views\\Dasboards\\masterpelanggan.php', 53)
 2 SYSTEMPATH\View\View.php(213): include('C:\\xampp\\htdocs\\CI4\\app\\Views\\Dasboards\\masterpelanggan.php')
 3 SYSTEMPATH\View\View.php(216): CodeIgniter\View\View->CodeIgniter\View\{closure}()
 4 SYSTEMPATH\Common.php(1184): CodeIgniter\View\View->render('Dasboards/masterpelanggan', [], true)
 5 APPPATH\Controllers\Template_dasboards.php(18): view('Dasboards/masterpelanggan')
 6 SYSTEMPATH\CodeIgniter.php(934): App\Controllers\Template_dasboards->masterpelanggan()
 7 SYSTEMPATH\CodeIgniter.php(499): CodeIgniter\CodeIgniter->runController(Object(App\Controllers\Template_dasboards))
 8 SYSTEMPATH\CodeIgniter.php(368): CodeIgniter\CodeIgniter->handleRequest(null, Object(Config\Cache), false)
 9 FCPATH\index.php(67): CodeIgniter\CodeIgniter->run()
10 SYSTEMPATH\Commands\Server\rewrite.php(47): require_once('C:\\xampp\\htdocs\\CI4\\public\\index.php')
CRITICAL - 2023-11-29 18:54:17 --> Undefined variable $data_client
in APPPATH\Views\Dasboards\masterpelanggan.php on line 53.
 1 APPPATH\Views\Dasboards\masterpelanggan.php(53): CodeIgniter\Debug\Exceptions->errorHandler(2, 'Undefined variable $data_client', 'C:\\xampp\\htdocs\\CI4\\app\\Views\\Dasboards\\masterpelanggan.php', 53)
 2 SYSTEMPATH\View\View.php(213): include('C:\\xampp\\htdocs\\CI4\\app\\Views\\Dasboards\\masterpelanggan.php')
 3 SYSTEMPATH\View\View.php(216): CodeIgniter\View\View->CodeIgniter\View\{closure}()
 4 SYSTEMPATH\Common.php(1184): CodeIgniter\View\View->render('Dasboards/masterpelanggan', [], true)
 5 APPPATH\Controllers\Template_dasboards.php(18): view('Dasboards/masterpelanggan')
 6 SYSTEMPATH\CodeIgniter.php(934): App\Controllers\Template_dasboards->masterpelanggan()
 7 SYSTEMPATH\CodeIgniter.php(499): CodeIgniter\CodeIgniter->runController(Object(App\Controllers\Template_dasboards))
 8 SYSTEMPATH\CodeIgniter.php(368): CodeIgniter\CodeIgniter->handleRequest(null, Object(Config\Cache), false)
 9 FCPATH\index.php(67): CodeIgniter\CodeIgniter->run()
10 SYSTEMPATH\Commands\Server\rewrite.php(47): require_once('C:\\xampp\\htdocs\\CI4\\public\\index.php')
CRITICAL - 2023-11-29 19:10:35 --> Undefined variable $data_client
in APPPATH\Views\Dasboards\masterpelanggan.php on line 53.
 1 APPPATH\Views\Dasboards\masterpelanggan.php(53): CodeIgniter\Debug\Exceptions->errorHandler(2, 'Undefined variable $data_client', 'C:\\xampp\\htdocs\\CI4\\app\\Views\\Dasboards\\masterpelanggan.php', 53)
 2 SYSTEMPATH\View\View.php(213): include('C:\\xampp\\htdocs\\CI4\\app\\Views\\Dasboards\\masterpelanggan.php')
 3 SYSTEMPATH\View\View.php(216): CodeIgniter\View\View->CodeIgniter\View\{closure}()
 4 SYSTEMPATH\Common.php(1184): CodeIgniter\View\View->render('Dasboards/masterpelanggan', [], true)
 5 APPPATH\Controllers\Template_dasboards.php(18): view('Dasboards/masterpelanggan')
 6 SYSTEMPATH\CodeIgniter.php(934): App\Controllers\Template_dasboards->masterpelanggan()
 7 SYSTEMPATH\CodeIgniter.php(499): CodeIgniter\CodeIgniter->runController(Object(App\Controllers\Template_dasboards))
 8 SYSTEMPATH\CodeIgniter.php(368): CodeIgniter\CodeIgniter->handleRequest(null, Object(Config\Cache), false)
 9 FCPATH\index.php(67): CodeIgniter\CodeIgniter->run()
10 SYSTEMPATH\Commands\Server\rewrite.php(47): require_once('C:\\xampp\\htdocs\\CI4\\public\\index.php')
CRITICAL - 2023-11-29 19:10:36 --> Undefined variable $data_client
in APPPATH\Views\Dasboards\masterpelanggan.php on line 53.
 1 APPPATH\Views\Dasboards\masterpelanggan.php(53): CodeIgniter\Debug\Exceptions->errorHandler(2, 'Undefined variable $data_client', 'C:\\xampp\\htdocs\\CI4\\app\\Views\\Dasboards\\masterpelanggan.php', 53)
 2 SYSTEMPATH\View\View.php(213): include('C:\\xampp\\htdocs\\CI4\\app\\Views\\Dasboards\\masterpelanggan.php')
 3 SYSTEMPATH\View\View.php(216): CodeIgniter\View\View->CodeIgniter\View\{closure}()
 4 SYSTEMPATH\Common.php(1184): CodeIgniter\View\View->render('Dasboards/masterpelanggan', [], true)
 5 APPPATH\Controllers\Template_dasboards.php(18): view('Dasboards/masterpelanggan')
 6 SYSTEMPATH\CodeIgniter.php(934): App\Controllers\Template_dasboards->masterpelanggan()
 7 SYSTEMPATH\CodeIgniter.php(499): CodeIgniter\CodeIgniter->runController(Object(App\Controllers\Template_dasboards))
 8 SYSTEMPATH\CodeIgniter.php(368): CodeIgniter\CodeIgniter->handleRequest(null, Object(Config\Cache), false)
 9 FCPATH\index.php(67): CodeIgniter\CodeIgniter->run()
10 SYSTEMPATH\Commands\Server\rewrite.php(47): require_once('C:\\xampp\\htdocs\\CI4\\public\\index.php')
INFO - 2023-11-29 19:10:46 --> Session: Class initialized using 'CodeIgniter\Session\Handlers\FileHandler' driver.
CRITICAL - 2023-11-29 19:10:50 --> Undefined variable $data_client
in APPPATH\Views\Dasboards\masterpelanggan.php on line 53.
 1 APPPATH\Views\Dasboards\masterpelanggan.php(53): CodeIgniter\Debug\Exceptions->errorHandler(2, 'Undefined variable $data_client', 'C:\\xampp\\htdocs\\CI4\\app\\Views\\Dasboards\\masterpelanggan.php', 53)
 2 SYSTEMPATH\View\View.php(213): include('C:\\xampp\\htdocs\\CI4\\app\\Views\\Dasboards\\masterpelanggan.php')
 3 SYSTEMPATH\View\View.php(216): CodeIgniter\View\View->CodeIgniter\View\{closure}()
 4 SYSTEMPATH\Common.php(1184): CodeIgniter\View\View->render('Dasboards/masterpelanggan', [], true)
 5 APPPATH\Controllers\Template_dasboards.php(18): view('Dasboards/masterpelanggan')
 6 SYSTEMPATH\CodeIgniter.php(934): App\Controllers\Template_dasboards->masterpelanggan()
 7 SYSTEMPATH\CodeIgniter.php(499): CodeIgniter\CodeIgniter->runController(Object(App\Controllers\Template_dasboards))
 8 SYSTEMPATH\CodeIgniter.php(368): CodeIgniter\CodeIgniter->handleRequest(null, Object(Config\Cache), false)
 9 FCPATH\index.php(67): CodeIgniter\CodeIgniter->run()
10 SYSTEMPATH\Commands\Server\rewrite.php(47): require_once('C:\\xampp\\htdocs\\CI4\\public\\index.php')
CRITICAL - 2023-11-29 19:12:17 --> Undefined variable $data_client
in APPPATH\Views\Dasboards\masterpelanggan.php on line 53.
 1 APPPATH\Views\Dasboards\masterpelanggan.php(53): CodeIgniter\Debug\Exceptions->errorHandler(2, 'Undefined variable $data_client', 'C:\\xampp\\htdocs\\CI4\\app\\Views\\Dasboards\\masterpelanggan.php', 53)
 2 SYSTEMPATH\View\View.php(213): include('C:\\xampp\\htdocs\\CI4\\app\\Views\\Dasboards\\masterpelanggan.php')
 3 SYSTEMPATH\View\View.php(216): CodeIgniter\View\View->CodeIgniter\View\{closure}()
 4 SYSTEMPATH\Common.php(1184): CodeIgniter\View\View->render('Dasboards/masterpelanggan', [], true)
 5 APPPATH\Controllers\Template_dasboards.php(18): view('Dasboards/masterpelanggan')
 6 SYSTEMPATH\CodeIgniter.php(934): App\Controllers\Template_dasboards->masterpelanggan()
 7 SYSTEMPATH\CodeIgniter.php(499): CodeIgniter\CodeIgniter->runController(Object(App\Controllers\Template_dasboards))
 8 SYSTEMPATH\CodeIgniter.php(368): CodeIgniter\CodeIgniter->handleRequest(null, Object(Config\Cache), false)
 9 FCPATH\index.php(67): CodeIgniter\CodeIgniter->run()
10 SYSTEMPATH\Commands\Server\rewrite.php(47): require_once('C:\\xampp\\htdocs\\CI4\\public\\index.php')
CRITICAL - 2023-11-29 19:12:27 --> Undefined variable $data_client
in APPPATH\Views\Dasboards\masterpelanggan.php on line 53.
 1 APPPATH\Views\Dasboards\masterpelanggan.php(53): CodeIgniter\Debug\Exceptions->errorHandler(2, 'Undefined variable $data_client', 'C:\\xampp\\htdocs\\CI4\\app\\Views\\Dasboards\\masterpelanggan.php', 53)
 2 SYSTEMPATH\View\View.php(213): include('C:\\xampp\\htdocs\\CI4\\app\\Views\\Dasboards\\masterpelanggan.php')
 3 SYSTEMPATH\View\View.php(216): CodeIgniter\View\View->CodeIgniter\View\{closure}()
 4 SYSTEMPATH\Common.php(1184): CodeIgniter\View\View->render('Dasboards/masterpelanggan', [], true)
 5 APPPATH\Controllers\Template_dasboards.php(18): view('Dasboards/masterpelanggan')
 6 SYSTEMPATH\CodeIgniter.php(934): App\Controllers\Template_dasboards->masterpelanggan()
 7 SYSTEMPATH\CodeIgniter.php(499): CodeIgniter\CodeIgniter->runController(Object(App\Controllers\Template_dasboards))
 8 SYSTEMPATH\CodeIgniter.php(368): CodeIgniter\CodeIgniter->handleRequest(null, Object(Config\Cache), false)
 9 FCPATH\index.php(67): CodeIgniter\CodeIgniter->run()
10 SYSTEMPATH\Commands\Server\rewrite.php(47): require_once('C:\\xampp\\htdocs\\CI4\\public\\index.php')
CRITICAL - 2023-11-29 19:16:10 --> Undefined variable $data_client
in APPPATH\Views\Dasboards\masterpelanggan.php on line 53.
 1 APPPATH\Views\Dasboards\masterpelanggan.php(53): CodeIgniter\Debug\Exceptions->errorHandler(2, 'Undefined variable $data_client', 'C:\\xampp\\htdocs\\CI4\\app\\Views\\Dasboards\\masterpelanggan.php', 53)
 2 SYSTEMPATH\View\View.php(213): include('C:\\xampp\\htdocs\\CI4\\app\\Views\\Dasboards\\masterpelanggan.php')
 3 SYSTEMPATH\View\View.php(216): CodeIgniter\View\View->CodeIgniter\View\{closure}()
 4 SYSTEMPATH\Common.php(1184): CodeIgniter\View\View->render('Dasboards/masterpelanggan', [], true)
 5 APPPATH\Controllers\Template_dasboards.php(18): view('Dasboards/masterpelanggan')
 6 SYSTEMPATH\CodeIgniter.php(934): App\Controllers\Template_dasboards->masterpelanggan()
 7 SYSTEMPATH\CodeIgniter.php(499): CodeIgniter\CodeIgniter->runController(Object(App\Controllers\Template_dasboards))
 8 SYSTEMPATH\CodeIgniter.php(368): CodeIgniter\CodeIgniter->handleRequest(null, Object(Config\Cache), false)
 9 FCPATH\index.php(67): CodeIgniter\CodeIgniter->run()
10 SYSTEMPATH\Commands\Server\rewrite.php(47): require_once('C:\\xampp\\htdocs\\CI4\\public\\index.php')
CRITICAL - 2023-11-29 19:31:05 --> Undefined variable $data_client
in APPPATH\Views\Dasboards\masterpelanggan.php on line 53.
 1 APPPATH\Views\Dasboards\masterpelanggan.php(53): CodeIgniter\Debug\Exceptions->errorHandler(2, 'Undefined variable $data_client', 'C:\\xampp\\htdocs\\CI4\\app\\Views\\Dasboards\\masterpelanggan.php', 53)
 2 SYSTEMPATH\View\View.php(213): include('C:\\xampp\\htdocs\\CI4\\app\\Views\\Dasboards\\masterpelanggan.php')
 3 SYSTEMPATH\View\View.php(216): CodeIgniter\View\View->CodeIgniter\View\{closure}()
 4 SYSTEMPATH\Common.php(1184): CodeIgniter\View\View->render('Dasboards/masterpelanggan', [], true)
 5 APPPATH\Controllers\Template_dasboards.php(18): view('Dasboards/masterpelanggan')
 6 SYSTEMPATH\CodeIgniter.php(934): App\Controllers\Template_dasboards->masterpelanggan()
 7 SYSTEMPATH\CodeIgniter.php(499): CodeIgniter\CodeIgniter->runController(Object(App\Controllers\Template_dasboards))
 8 SYSTEMPATH\CodeIgniter.php(368): CodeIgniter\CodeIgniter->handleRequest(null, Object(Config\Cache), false)
 9 FCPATH\index.php(67): CodeIgniter\CodeIgniter->run()
10 SYSTEMPATH\Commands\Server\rewrite.php(47): require_once('C:\\xampp\\htdocs\\CI4\\public\\index.php')
CRITICAL - 2023-11-29 19:31:06 --> Undefined variable $data_client
in APPPATH\Views\Dasboards\masterpelanggan.php on line 53.
 1 APPPATH\Views\Dasboards\masterpelanggan.php(53): CodeIgniter\Debug\Exceptions->errorHandler(2, 'Undefined variable $data_client', 'C:\\xampp\\htdocs\\CI4\\app\\Views\\Dasboards\\masterpelanggan.php', 53)
 2 SYSTEMPATH\View\View.php(213): include('C:\\xampp\\htdocs\\CI4\\app\\Views\\Dasboards\\masterpelanggan.php')
 3 SYSTEMPATH\View\View.php(216): CodeIgniter\View\View->CodeIgniter\View\{closure}()
 4 SYSTEMPATH\Common.php(1184): CodeIgniter\View\View->render('Dasboards/masterpelanggan', [], true)
 5 APPPATH\Controllers\Template_dasboards.php(18): view('Dasboards/masterpelanggan')
 6 SYSTEMPATH\CodeIgniter.php(934): App\Controllers\Template_dasboards->masterpelanggan()
 7 SYSTEMPATH\CodeIgniter.php(499): CodeIgniter\CodeIgniter->runController(Object(App\Controllers\Template_dasboards))
 8 SYSTEMPATH\CodeIgniter.php(368): CodeIgniter\CodeIgniter->handleRequest(null, Object(Config\Cache), false)
 9 FCPATH\index.php(67): CodeIgniter\CodeIgniter->run()
10 SYSTEMPATH\Commands\Server\rewrite.php(47): require_once('C:\\xampp\\htdocs\\CI4\\public\\index.php')
CRITICAL - 2023-11-29 19:31:07 --> Undefined variable $data_client
in APPPATH\Views\Dasboards\masterpelanggan.php on line 53.
 1 APPPATH\Views\Dasboards\masterpelanggan.php(53): CodeIgniter\Debug\Exceptions->errorHandler(2, 'Undefined variable $data_client', 'C:\\xampp\\htdocs\\CI4\\app\\Views\\Dasboards\\masterpelanggan.php', 53)
 2 SYSTEMPATH\View\View.php(213): include('C:\\xampp\\htdocs\\CI4\\app\\Views\\Dasboards\\masterpelanggan.php')
 3 SYSTEMPATH\View\View.php(216): CodeIgniter\View\View->CodeIgniter\View\{closure}()
 4 SYSTEMPATH\Common.php(1184): CodeIgniter\View\View->render('Dasboards/masterpelanggan', [], true)
 5 APPPATH\Controllers\Template_dasboards.php(18): view('Dasboards/masterpelanggan')
 6 SYSTEMPATH\CodeIgniter.php(934): App\Controllers\Template_dasboards->masterpelanggan()
 7 SYSTEMPATH\CodeIgniter.php(499): CodeIgniter\CodeIgniter->runController(Object(App\Controllers\Template_dasboards))
 8 SYSTEMPATH\CodeIgniter.php(368): CodeIgniter\CodeIgniter->handleRequest(null, Object(Config\Cache), false)
 9 FCPATH\index.php(67): CodeIgniter\CodeIgniter->run()
10 SYSTEMPATH\Commands\Server\rewrite.php(47): require_once('C:\\xampp\\htdocs\\CI4\\public\\index.php')
