INFO - 2023-11-11 10:26:26 --> Session: Class initialized using 'CodeIgniter\Session\Handlers\FileHandler' driver.
INFO - 2023-11-11 10:26:40 --> Session: Class initialized using 'CodeIgniter\Session\Handlers\FileHandler' driver.
INFO - 2023-11-11 10:26:57 --> Session: Class initialized using 'CodeIgniter\Session\Handlers\FileHandler' driver.
INFO - 2023-11-11 10:27:57 --> Session: Class initialized using 'CodeIgniter\Session\Handlers\FileHandler' driver.
INFO - 2023-11-11 11:14:44 --> Session: Class initialized using 'CodeIgniter\Session\Handlers\FileHandler' driver.
INFO - 2023-11-11 11:14:51 --> Session: Class initialized using 'CodeIgniter\Session\Handlers\FileHandler' driver.
CRITICAL - 2023-11-11 11:14:51 --> Cannot access offset of type string on string
in APPPATH\Views\Dasboards\mastermobil.php on line 71.
 1 SYSTEMPATH\View\View.php(213): include()
 2 SYSTEMPATH\View\View.php(216): CodeIgniter\View\View->CodeIgniter\View\{closure}()
 3 SYSTEMPATH\Common.php(1184): CodeIgniter\View\View->render('Dasboards/mastermobil', [], true)
 4 APPPATH\Controllers\MasterMobil.php(156): view('Dasboards/mastermobil', [...])
 5 SYSTEMPATH\CodeIgniter.php(934): App\Controllers\MasterMobil->ubah1('228')
 6 SYSTEMPATH\CodeIgniter.php(499): CodeIgniter\CodeIgniter->runController(Object(App\Controllers\MasterMobil))
 7 SYSTEMPATH\CodeIgniter.php(368): CodeIgniter\CodeIgniter->handleRequest(null, Object(Config\Cache), false)
 8 FCPATH\index.php(67): CodeIgniter\CodeIgniter->run()
 9 SYSTEMPATH\Commands\Server\rewrite.php(47): require_once('C:\\xampp\\htdocs\\CI4\\public\\index.php')
INFO - 2023-11-11 12:50:27 --> Session: Class initialized using 'CodeIgniter\Session\Handlers\FileHandler' driver.
CRITICAL - 2023-11-11 12:50:27 --> Attempt to read property "no_polisi" on array
in APPPATH\Views\Dasboards\mastermobil.php on line 71.
 1 APPPATH\Views\Dasboards\mastermobil.php(71): CodeIgniter\Debug\Exceptions->errorHandler(2, 'Attempt to read property "no_polisi" on array', 'C:\\xampp\\htdocs\\CI4\\app\\Views\\Dasboards\\mastermobil.php', 71)
 2 SYSTEMPATH\View\View.php(213): include('C:\\xampp\\htdocs\\CI4\\app\\Views\\Dasboards\\mastermobil.php')
 3 SYSTEMPATH\View\View.php(216): CodeIgniter\View\View->CodeIgniter\View\{closure}()
 4 SYSTEMPATH\Common.php(1184): CodeIgniter\View\View->render('Dasboards/mastermobil', [], true)
 5 APPPATH\Controllers\MasterMobil.php(22): view('Dasboards/mastermobil', [...])
 6 SYSTEMPATH\CodeIgniter.php(934): App\Controllers\MasterMobil->index()
 7 SYSTEMPATH\CodeIgniter.php(499): CodeIgniter\CodeIgniter->runController(Object(App\Controllers\MasterMobil))
 8 SYSTEMPATH\CodeIgniter.php(368): CodeIgniter\CodeIgniter->handleRequest(null, Object(Config\Cache), false)
 9 FCPATH\index.php(67): CodeIgniter\CodeIgniter->run()
10 SYSTEMPATH\Commands\Server\rewrite.php(47): require_once('C:\\xampp\\htdocs\\CI4\\public\\index.php')
INFO - 2023-11-11 12:54:22 --> Session: Class initialized using 'CodeIgniter\Session\Handlers\FileHandler' driver.
CRITICAL - 2023-11-11 12:54:22 --> Attempt to read property "no_polisi" on array
in APPPATH\Views\Dasboards\mastermobil.php on line 71.
 1 APPPATH\Views\Dasboards\mastermobil.php(71): CodeIgniter\Debug\Exceptions->errorHandler(2, 'Attempt to read property "no_polisi" on array', 'C:\\xampp\\htdocs\\CI4\\app\\Views\\Dasboards\\mastermobil.php', 71)
 2 SYSTEMPATH\View\View.php(213): include('C:\\xampp\\htdocs\\CI4\\app\\Views\\Dasboards\\mastermobil.php')
 3 SYSTEMPATH\View\View.php(216): CodeIgniter\View\View->CodeIgniter\View\{closure}()
 4 SYSTEMPATH\Common.php(1184): CodeIgniter\View\View->render('Dasboards/mastermobil', [], true)
 5 APPPATH\Controllers\MasterMobil.php(23): view('Dasboards/mastermobil', [...])
 6 SYSTEMPATH\CodeIgniter.php(934): App\Controllers\MasterMobil->index()
 7 SYSTEMPATH\CodeIgniter.php(499): CodeIgniter\CodeIgniter->runController(Object(App\Controllers\MasterMobil))
 8 SYSTEMPATH\CodeIgniter.php(368): CodeIgniter\CodeIgniter->handleRequest(null, Object(Config\Cache), false)
 9 FCPATH\index.php(67): CodeIgniter\CodeIgniter->run()
10 SYSTEMPATH\Commands\Server\rewrite.php(47): require_once('C:\\xampp\\htdocs\\CI4\\public\\index.php')
INFO - 2023-11-11 12:54:30 --> Session: Class initialized using 'CodeIgniter\Session\Handlers\FileHandler' driver.
CRITICAL - 2023-11-11 12:54:30 --> Attempt to read property "no_polisi" on array
in APPPATH\Views\Dasboards\mastermobil.php on line 71.
 1 APPPATH\Views\Dasboards\mastermobil.php(71): CodeIgniter\Debug\Exceptions->errorHandler(2, 'Attempt to read property "no_polisi" on array', 'C:\\xampp\\htdocs\\CI4\\app\\Views\\Dasboards\\mastermobil.php', 71)
 2 SYSTEMPATH\View\View.php(213): include('C:\\xampp\\htdocs\\CI4\\app\\Views\\Dasboards\\mastermobil.php')
 3 SYSTEMPATH\View\View.php(216): CodeIgniter\View\View->CodeIgniter\View\{closure}()
 4 SYSTEMPATH\Common.php(1184): CodeIgniter\View\View->render('Dasboards/mastermobil', [], true)
 5 APPPATH\Controllers\MasterMobil.php(23): view('Dasboards/mastermobil', [...])
 6 SYSTEMPATH\CodeIgniter.php(934): App\Controllers\MasterMobil->index()
 7 SYSTEMPATH\CodeIgniter.php(499): CodeIgniter\CodeIgniter->runController(Object(App\Controllers\MasterMobil))
 8 SYSTEMPATH\CodeIgniter.php(368): CodeIgniter\CodeIgniter->handleRequest(null, Object(Config\Cache), false)
 9 FCPATH\index.php(67): CodeIgniter\CodeIgniter->run()
10 SYSTEMPATH\Commands\Server\rewrite.php(47): require_once('C:\\xampp\\htdocs\\CI4\\public\\index.php')
INFO - 2023-11-11 12:54:38 --> Session: Class initialized using 'CodeIgniter\Session\Handlers\FileHandler' driver.
CRITICAL - 2023-11-11 12:54:38 --> Attempt to read property "no_polisi" on array
in APPPATH\Views\Dasboards\mastermobil.php on line 71.
 1 APPPATH\Views\Dasboards\mastermobil.php(71): CodeIgniter\Debug\Exceptions->errorHandler(2, 'Attempt to read property "no_polisi" on array', 'C:\\xampp\\htdocs\\CI4\\app\\Views\\Dasboards\\mastermobil.php', 71)
 2 SYSTEMPATH\View\View.php(213): include('C:\\xampp\\htdocs\\CI4\\app\\Views\\Dasboards\\mastermobil.php')
 3 SYSTEMPATH\View\View.php(216): CodeIgniter\View\View->CodeIgniter\View\{closure}()
 4 SYSTEMPATH\Common.php(1184): CodeIgniter\View\View->render('Dasboards/mastermobil', [], true)
 5 APPPATH\Controllers\MasterMobil.php(23): view('Dasboards/mastermobil', [...])
 6 SYSTEMPATH\CodeIgniter.php(934): App\Controllers\MasterMobil->index()
 7 SYSTEMPATH\CodeIgniter.php(499): CodeIgniter\CodeIgniter->runController(Object(App\Controllers\MasterMobil))
 8 SYSTEMPATH\CodeIgniter.php(368): CodeIgniter\CodeIgniter->handleRequest(null, Object(Config\Cache), false)
 9 FCPATH\index.php(67): CodeIgniter\CodeIgniter->run()
10 SYSTEMPATH\Commands\Server\rewrite.php(47): require_once('C:\\xampp\\htdocs\\CI4\\public\\index.php')
INFO - 2023-11-11 12:55:49 --> Session: Class initialized using 'CodeIgniter\Session\Handlers\FileHandler' driver.
CRITICAL - 2023-11-11 12:55:49 --> Attempt to read property "no_polisi" on array
in APPPATH\Views\Dasboards\mastermobil.php on line 72.
 1 APPPATH\Views\Dasboards\mastermobil.php(72): CodeIgniter\Debug\Exceptions->errorHandler(2, 'Attempt to read property "no_polisi" on array', 'C:\\xampp\\htdocs\\CI4\\app\\Views\\Dasboards\\mastermobil.php', 72)
 2 SYSTEMPATH\View\View.php(213): include('C:\\xampp\\htdocs\\CI4\\app\\Views\\Dasboards\\mastermobil.php')
 3 SYSTEMPATH\View\View.php(216): CodeIgniter\View\View->CodeIgniter\View\{closure}()
 4 SYSTEMPATH\Common.php(1184): CodeIgniter\View\View->render('Dasboards/mastermobil', [], true)
 5 APPPATH\Controllers\MasterMobil.php(23): view('Dasboards/mastermobil', [...])
 6 SYSTEMPATH\CodeIgniter.php(934): App\Controllers\MasterMobil->index()
 7 SYSTEMPATH\CodeIgniter.php(499): CodeIgniter\CodeIgniter->runController(Object(App\Controllers\MasterMobil))
 8 SYSTEMPATH\CodeIgniter.php(368): CodeIgniter\CodeIgniter->handleRequest(null, Object(Config\Cache), false)
 9 FCPATH\index.php(67): CodeIgniter\CodeIgniter->run()
10 SYSTEMPATH\Commands\Server\rewrite.php(47): require_once('C:\\xampp\\htdocs\\CI4\\public\\index.php')
INFO - 2023-11-11 12:56:23 --> Session: Class initialized using 'CodeIgniter\Session\Handlers\FileHandler' driver.
CRITICAL - 2023-11-11 12:56:23 --> Attempt to read property "no_polisi" on array
in APPPATH\Views\Dasboards\mastermobil.php on line 72.
 1 APPPATH\Views\Dasboards\mastermobil.php(72): CodeIgniter\Debug\Exceptions->errorHandler(2, 'Attempt to read property "no_polisi" on array', 'C:\\xampp\\htdocs\\CI4\\app\\Views\\Dasboards\\mastermobil.php', 72)
 2 SYSTEMPATH\View\View.php(213): include('C:\\xampp\\htdocs\\CI4\\app\\Views\\Dasboards\\mastermobil.php')
 3 SYSTEMPATH\View\View.php(216): CodeIgniter\View\View->CodeIgniter\View\{closure}()
 4 SYSTEMPATH\Common.php(1184): CodeIgniter\View\View->render('Dasboards/mastermobil', [], true)
 5 APPPATH\Controllers\MasterMobil.php(23): view('Dasboards/mastermobil', [...])
 6 SYSTEMPATH\CodeIgniter.php(934): App\Controllers\MasterMobil->index()
 7 SYSTEMPATH\CodeIgniter.php(499): CodeIgniter\CodeIgniter->runController(Object(App\Controllers\MasterMobil))
 8 SYSTEMPATH\CodeIgniter.php(368): CodeIgniter\CodeIgniter->handleRequest(null, Object(Config\Cache), false)
 9 FCPATH\index.php(67): CodeIgniter\CodeIgniter->run()
10 SYSTEMPATH\Commands\Server\rewrite.php(47): require_once('C:\\xampp\\htdocs\\CI4\\public\\index.php')
INFO - 2023-11-11 12:59:01 --> Session: Class initialized using 'CodeIgniter\Session\Handlers\FileHandler' driver.
INFO - 2023-11-11 12:59:14 --> Session: Class initialized using 'CodeIgniter\Session\Handlers\FileHandler' driver.
CRITICAL - 2023-11-11 12:59:14 --> Cannot access offset of type string on string
in APPPATH\Views\Dasboards\mastermobil.php on line 72.
 1 SYSTEMPATH\View\View.php(213): include()
 2 SYSTEMPATH\View\View.php(216): CodeIgniter\View\View->CodeIgniter\View\{closure}()
 3 SYSTEMPATH\Common.php(1184): CodeIgniter\View\View->render('Dasboards/mastermobil', [], true)
 4 APPPATH\Controllers\MasterMobil.php(157): view('Dasboards/mastermobil', [...])
 5 SYSTEMPATH\CodeIgniter.php(934): App\Controllers\MasterMobil->ubah1('228')
 6 SYSTEMPATH\CodeIgniter.php(499): CodeIgniter\CodeIgniter->runController(Object(App\Controllers\MasterMobil))
 7 SYSTEMPATH\CodeIgniter.php(368): CodeIgniter\CodeIgniter->handleRequest(null, Object(Config\Cache), false)
 8 FCPATH\index.php(67): CodeIgniter\CodeIgniter->run()
 9 SYSTEMPATH\Commands\Server\rewrite.php(47): require_once('C:\\xampp\\htdocs\\CI4\\public\\index.php')
INFO - 2023-11-11 14:46:39 --> Session: Class initialized using 'CodeIgniter\Session\Handlers\FileHandler' driver.
