CRITICAL - 2023-07-09 14:17:14 --> syntax error, unexpected single-quoted string "header", expecting variable
in APPPATH\Controllers\Home.php on line 13.
 1 SYSTEMPATH\Autoloader\Autoloader.php(289): CodeIgniter\Autoloader\Autoloader->includeFile('C:\\xampp\\htdocs\\CI4\\app\\Controllers\\Home.php')
 2 SYSTEMPATH\Autoloader\Autoloader.php(267): CodeIgniter\Autoloader\Autoloader->loadInNamespace('App\\Controllers\\Home')
 3 [internal function]: CodeIgniter\Autoloader\Autoloader->loadClass('App\\Controllers\\Home')
 4 SYSTEMPATH\CodeIgniter.php(892): class_exists('\\App\\Controllers\\Home', true)
 5 SYSTEMPATH\CodeIgniter.php(486): CodeIgniter\CodeIgniter->startController()
 6 SYSTEMPATH\CodeIgniter.php(368): CodeIgniter\CodeIgniter->handleRequest(null, Object(Config\Cache), false)
 7 FCPATH\index.php(67): CodeIgniter\CodeIgniter->run()
 8 SYSTEMPATH\Commands\Server\rewrite.php(47): require_once('C:\\xampp\\htdocs\\CI4\\public\\index.php')
CRITICAL - 2023-07-09 14:33:56 --> syntax error, unexpected token "."
in APPPATH\Controllers\Home.php on line 11.
 1 SYSTEMPATH\Autoloader\Autoloader.php(289): CodeIgniter\Autoloader\Autoloader->includeFile('C:\\xampp\\htdocs\\CI4\\app\\Controllers\\Home.php')
 2 SYSTEMPATH\Autoloader\Autoloader.php(267): CodeIgniter\Autoloader\Autoloader->loadInNamespace('App\\Controllers\\Home')
 3 [internal function]: CodeIgniter\Autoloader\Autoloader->loadClass('App\\Controllers\\Home')
 4 SYSTEMPATH\CodeIgniter.php(892): class_exists('\\App\\Controllers\\Home', true)
 5 SYSTEMPATH\CodeIgniter.php(486): CodeIgniter\CodeIgniter->startController()
 6 SYSTEMPATH\CodeIgniter.php(368): CodeIgniter\CodeIgniter->handleRequest(null, Object(Config\Cache), false)
 7 FCPATH\index.php(67): CodeIgniter\CodeIgniter->run()
 8 SYSTEMPATH\Commands\Server\rewrite.php(47): require_once('C:\\xampp\\htdocs\\CI4\\public\\index.php')
CRITICAL - 2023-07-09 14:56:20 --> syntax error, unexpected token "."
in APPPATH\Controllers\Home.php on line 11.
 1 SYSTEMPATH\Autoloader\Autoloader.php(289): CodeIgniter\Autoloader\Autoloader->includeFile('C:\\xampp\\htdocs\\CI4\\app\\Controllers\\Home.php')
 2 SYSTEMPATH\Autoloader\Autoloader.php(267): CodeIgniter\Autoloader\Autoloader->loadInNamespace('App\\Controllers\\Home')
 3 [internal function]: CodeIgniter\Autoloader\Autoloader->loadClass('App\\Controllers\\Home')
 4 SYSTEMPATH\CodeIgniter.php(892): class_exists('\\App\\Controllers\\Home', true)
 5 SYSTEMPATH\CodeIgniter.php(486): CodeIgniter\CodeIgniter->startController()
 6 SYSTEMPATH\CodeIgniter.php(368): CodeIgniter\CodeIgniter->handleRequest(null, Object(Config\Cache), false)
 7 FCPATH\index.php(67): CodeIgniter\CodeIgniter->run()
 8 SYSTEMPATH\Commands\Server\rewrite.php(47): require_once('C:\\xampp\\htdocs\\CI4\\public\\index.php')
CRITICAL - 2023-07-09 14:57:34 --> syntax error, unexpected token "."
in APPPATH\Controllers\Home.php on line 11.
 1 SYSTEMPATH\Autoloader\Autoloader.php(289): CodeIgniter\Autoloader\Autoloader->includeFile('C:\\xampp\\htdocs\\CI4\\app\\Controllers\\Home.php')
 2 SYSTEMPATH\Autoloader\Autoloader.php(267): CodeIgniter\Autoloader\Autoloader->loadInNamespace('App\\Controllers\\Home')
 3 [internal function]: CodeIgniter\Autoloader\Autoloader->loadClass('App\\Controllers\\Home')
 4 SYSTEMPATH\Commands\Utilities\Routes\ControllerMethodReader.php(43): ReflectionClass->__construct('App\\Controllers\\Home')
 5 SYSTEMPATH\Commands\Utilities\Routes\AutoRouteCollector.php(49): CodeIgniter\Commands\Utilities\Routes\ControllerMethodReader->read('App\\Controllers\\Home', 'Home', 'index')
 6 SYSTEMPATH\Commands\Utilities\Routes.php(146): CodeIgniter\Commands\Utilities\Routes\AutoRouteCollector->get()
 7 SYSTEMPATH\CLI\Commands.php(65): CodeIgniter\Commands\Utilities\Routes->run([])
 8 SYSTEMPATH\CLI\Console.php(37): CodeIgniter\CLI\Commands->run('routes', [])
 9 ROOTPATH\spark(97): CodeIgniter\CLI\Console->run()
CRITICAL - 2023-07-09 16:38:04 --> include(../Views/Templates/header.php): Failed to open stream: No such file or directory
in APPPATH\Views\home.php on line 1.
 1 APPPATH\Views\home.php(1): CodeIgniter\Debug\Exceptions->errorHandler(2, 'include(../Views/Templates/header.php): Failed to open stream: No such file or directory', 'C:\\xampp\\htdocs\\CI4\\app\\Views\\home.php', 1)
 2 APPPATH\Views\home.php(1): include()
 3 SYSTEMPATH\View\View.php(213): include('C:\\xampp\\htdocs\\CI4\\app\\Views\\home.php')
 4 SYSTEMPATH\View\View.php(216): CodeIgniter\View\View->CodeIgniter\View\{closure}()
 5 SYSTEMPATH\Common.php(1184): CodeIgniter\View\View->render('home', [], true)
 6 APPPATH\Controllers\Home.php(9): view('home')
 7 SYSTEMPATH\CodeIgniter.php(934): App\Controllers\Home->index()
 8 SYSTEMPATH\CodeIgniter.php(499): CodeIgniter\CodeIgniter->runController(Object(App\Controllers\Home))
 9 SYSTEMPATH\CodeIgniter.php(368): CodeIgniter\CodeIgniter->handleRequest(null, Object(Config\Cache), false)
10 FCPATH\index.php(67): CodeIgniter\CodeIgniter->run()
11 SYSTEMPATH\Commands\Server\rewrite.php(47): require_once('C:\\xampp\\htdocs\\CI4\\public\\index.php')
CRITICAL - 2023-07-09 16:38:07 --> include(../Views/Templates/header.php): Failed to open stream: No such file or directory
in APPPATH\Views\home.php on line 1.
 1 APPPATH\Views\home.php(1): CodeIgniter\Debug\Exceptions->errorHandler(2, 'include(../Views/Templates/header.php): Failed to open stream: No such file or directory', 'C:\\xampp\\htdocs\\CI4\\app\\Views\\home.php', 1)
 2 APPPATH\Views\home.php(1): include()
 3 SYSTEMPATH\View\View.php(213): include('C:\\xampp\\htdocs\\CI4\\app\\Views\\home.php')
 4 SYSTEMPATH\View\View.php(216): CodeIgniter\View\View->CodeIgniter\View\{closure}()
 5 SYSTEMPATH\Common.php(1184): CodeIgniter\View\View->render('home', [], true)
 6 APPPATH\Controllers\Home.php(9): view('home')
 7 SYSTEMPATH\CodeIgniter.php(934): App\Controllers\Home->index()
 8 SYSTEMPATH\CodeIgniter.php(499): CodeIgniter\CodeIgniter->runController(Object(App\Controllers\Home))
 9 SYSTEMPATH\CodeIgniter.php(368): CodeIgniter\CodeIgniter->handleRequest(null, Object(Config\Cache), false)
10 FCPATH\index.php(67): CodeIgniter\CodeIgniter->run()
11 SYSTEMPATH\Commands\Server\rewrite.php(47): require_once('C:\\xampp\\htdocs\\CI4\\public\\index.php')
CRITICAL - 2023-07-09 16:39:30 --> include(header.php): Failed to open stream: No such file or directory
in APPPATH\Views\home.php on line 1.
 1 APPPATH\Views\home.php(1): CodeIgniter\Debug\Exceptions->errorHandler(2, 'include(header.php): Failed to open stream: No such file or directory', 'C:\\xampp\\htdocs\\CI4\\app\\Views\\home.php', 1)
 2 APPPATH\Views\home.php(1): include()
 3 SYSTEMPATH\View\View.php(213): include('C:\\xampp\\htdocs\\CI4\\app\\Views\\home.php')
 4 SYSTEMPATH\View\View.php(216): CodeIgniter\View\View->CodeIgniter\View\{closure}()
 5 SYSTEMPATH\Common.php(1184): CodeIgniter\View\View->render('home', [], true)
 6 APPPATH\Controllers\Home.php(9): view('home')
 7 SYSTEMPATH\CodeIgniter.php(934): App\Controllers\Home->index()
 8 SYSTEMPATH\CodeIgniter.php(499): CodeIgniter\CodeIgniter->runController(Object(App\Controllers\Home))
 9 SYSTEMPATH\CodeIgniter.php(368): CodeIgniter\CodeIgniter->handleRequest(null, Object(Config\Cache), false)
10 FCPATH\index.php(67): CodeIgniter\CodeIgniter->run()
11 SYSTEMPATH\Commands\Server\rewrite.php(47): require_once('C:\\xampp\\htdocs\\CI4\\public\\index.php')
CRITICAL - 2023-07-09 16:41:21 --> include(./Templates/header.php): Failed to open stream: No such file or directory
in APPPATH\Views\home.php on line 1.
 1 APPPATH\Views\home.php(1): CodeIgniter\Debug\Exceptions->errorHandler(2, 'include(./Templates/header.php): Failed to open stream: No such file or directory', 'C:\\xampp\\htdocs\\CI4\\app\\Views\\home.php', 1)
 2 APPPATH\Views\home.php(1): include()
 3 SYSTEMPATH\View\View.php(213): include('C:\\xampp\\htdocs\\CI4\\app\\Views\\home.php')
 4 SYSTEMPATH\View\View.php(216): CodeIgniter\View\View->CodeIgniter\View\{closure}()
 5 SYSTEMPATH\Common.php(1184): CodeIgniter\View\View->render('home', [], true)
 6 APPPATH\Controllers\Home.php(9): view('home')
 7 SYSTEMPATH\CodeIgniter.php(934): App\Controllers\Home->index()
 8 SYSTEMPATH\CodeIgniter.php(499): CodeIgniter\CodeIgniter->runController(Object(App\Controllers\Home))
 9 SYSTEMPATH\CodeIgniter.php(368): CodeIgniter\CodeIgniter->handleRequest(null, Object(Config\Cache), false)
10 FCPATH\index.php(67): CodeIgniter\CodeIgniter->run()
11 SYSTEMPATH\Commands\Server\rewrite.php(47): require_once('C:\\xampp\\htdocs\\CI4\\public\\index.php')
CRITICAL - 2023-07-09 16:41:21 --> include(./Templates/header.php): Failed to open stream: No such file or directory
in APPPATH\Views\home.php on line 1.
 1 APPPATH\Views\home.php(1): CodeIgniter\Debug\Exceptions->errorHandler(2, 'include(./Templates/header.php): Failed to open stream: No such file or directory', 'C:\\xampp\\htdocs\\CI4\\app\\Views\\home.php', 1)
 2 APPPATH\Views\home.php(1): include()
 3 SYSTEMPATH\View\View.php(213): include('C:\\xampp\\htdocs\\CI4\\app\\Views\\home.php')
 4 SYSTEMPATH\View\View.php(216): CodeIgniter\View\View->CodeIgniter\View\{closure}()
 5 SYSTEMPATH\Common.php(1184): CodeIgniter\View\View->render('home', [], true)
 6 APPPATH\Controllers\Home.php(9): view('home')
 7 SYSTEMPATH\CodeIgniter.php(934): App\Controllers\Home->index()
 8 SYSTEMPATH\CodeIgniter.php(499): CodeIgniter\CodeIgniter->runController(Object(App\Controllers\Home))
 9 SYSTEMPATH\CodeIgniter.php(368): CodeIgniter\CodeIgniter->handleRequest(null, Object(Config\Cache), false)
10 FCPATH\index.php(67): CodeIgniter\CodeIgniter->run()
11 SYSTEMPATH\Commands\Server\rewrite.php(47): require_once('C:\\xampp\\htdocs\\CI4\\public\\index.php')
CRITICAL - 2023-07-09 16:41:23 --> include(./Templates/header.php): Failed to open stream: No such file or directory
in APPPATH\Views\home.php on line 1.
 1 APPPATH\Views\home.php(1): CodeIgniter\Debug\Exceptions->errorHandler(2, 'include(./Templates/header.php): Failed to open stream: No such file or directory', 'C:\\xampp\\htdocs\\CI4\\app\\Views\\home.php', 1)
 2 APPPATH\Views\home.php(1): include()
 3 SYSTEMPATH\View\View.php(213): include('C:\\xampp\\htdocs\\CI4\\app\\Views\\home.php')
 4 SYSTEMPATH\View\View.php(216): CodeIgniter\View\View->CodeIgniter\View\{closure}()
 5 SYSTEMPATH\Common.php(1184): CodeIgniter\View\View->render('home', [], true)
 6 APPPATH\Controllers\Home.php(9): view('home')
 7 SYSTEMPATH\CodeIgniter.php(934): App\Controllers\Home->index()
 8 SYSTEMPATH\CodeIgniter.php(499): CodeIgniter\CodeIgniter->runController(Object(App\Controllers\Home))
 9 SYSTEMPATH\CodeIgniter.php(368): CodeIgniter\CodeIgniter->handleRequest(null, Object(Config\Cache), false)
10 FCPATH\index.php(67): CodeIgniter\CodeIgniter->run()
11 SYSTEMPATH\Commands\Server\rewrite.php(47): require_once('C:\\xampp\\htdocs\\CI4\\public\\index.php')
CRITICAL - 2023-07-09 18:28:38 --> include(./Templates/header.php): Failed to open stream: No such file or directory
in APPPATH\Views\home.php on line 1.
 1 APPPATH\Views\home.php(1): CodeIgniter\Debug\Exceptions->errorHandler(2, 'include(./Templates/header.php): Failed to open stream: No such file or directory', 'C:\\xampp\\htdocs\\CI4\\app\\Views\\home.php', 1)
 2 APPPATH\Views\home.php(1): include()
 3 SYSTEMPATH\View\View.php(213): include('C:\\xampp\\htdocs\\CI4\\app\\Views\\home.php')
 4 SYSTEMPATH\View\View.php(216): CodeIgniter\View\View->CodeIgniter\View\{closure}()
 5 SYSTEMPATH\Common.php(1184): CodeIgniter\View\View->render('home', [], true)
 6 APPPATH\Controllers\Home.php(9): view('home')
 7 SYSTEMPATH\CodeIgniter.php(934): App\Controllers\Home->index()
 8 SYSTEMPATH\CodeIgniter.php(499): CodeIgniter\CodeIgniter->runController(Object(App\Controllers\Home))
 9 SYSTEMPATH\CodeIgniter.php(368): CodeIgniter\CodeIgniter->handleRequest(null, Object(Config\Cache), false)
10 FCPATH\index.php(67): CodeIgniter\CodeIgniter->run()
11 SYSTEMPATH\Commands\Server\rewrite.php(47): require_once('C:\\xampp\\htdocs\\CI4\\public\\index.php')
CRITICAL - 2023-07-09 18:33:25 --> Invalid file: "header.php"
in SYSTEMPATH\Exceptions\FrameworkException.php on line 33.
 1 SYSTEMPATH\View\View.php(201): CodeIgniter\Exceptions\FrameworkException::forInvalidFile('header.php')
 2 SYSTEMPATH\Common.php(1184): CodeIgniter\View\View->render('header', [], true)
 3 APPPATH\Controllers\Home.php(9): view('header')
 4 SYSTEMPATH\CodeIgniter.php(934): App\Controllers\Home->index()
 5 SYSTEMPATH\CodeIgniter.php(499): CodeIgniter\CodeIgniter->runController(Object(App\Controllers\Home))
 6 SYSTEMPATH\CodeIgniter.php(368): CodeIgniter\CodeIgniter->handleRequest(null, Object(Config\Cache), false)
 7 FCPATH\index.php(67): CodeIgniter\CodeIgniter->run()
 8 SYSTEMPATH\Commands\Server\rewrite.php(47): require_once('C:\\xampp\\htdocs\\CI4\\public\\index.php')
CRITICAL - 2023-07-09 18:33:26 --> Invalid file: "header.php"
in SYSTEMPATH\Exceptions\FrameworkException.php on line 33.
 1 SYSTEMPATH\View\View.php(201): CodeIgniter\Exceptions\FrameworkException::forInvalidFile('header.php')
 2 SYSTEMPATH\Common.php(1184): CodeIgniter\View\View->render('header', [], true)
 3 APPPATH\Controllers\Home.php(9): view('header')
 4 SYSTEMPATH\CodeIgniter.php(934): App\Controllers\Home->index()
 5 SYSTEMPATH\CodeIgniter.php(499): CodeIgniter\CodeIgniter->runController(Object(App\Controllers\Home))
 6 SYSTEMPATH\CodeIgniter.php(368): CodeIgniter\CodeIgniter->handleRequest(null, Object(Config\Cache), false)
 7 FCPATH\index.php(67): CodeIgniter\CodeIgniter->run()
 8 SYSTEMPATH\Commands\Server\rewrite.php(47): require_once('C:\\xampp\\htdocs\\CI4\\public\\index.php')
CRITICAL - 2023-07-09 18:33:36 --> Invalid file: "header.php"
in SYSTEMPATH\Exceptions\FrameworkException.php on line 33.
 1 SYSTEMPATH\View\View.php(201): CodeIgniter\Exceptions\FrameworkException::forInvalidFile('header.php')
 2 SYSTEMPATH\Common.php(1184): CodeIgniter\View\View->render('header', [], true)
 3 APPPATH\Controllers\Home.php(9): view('header')
 4 SYSTEMPATH\CodeIgniter.php(934): App\Controllers\Home->index()
 5 SYSTEMPATH\CodeIgniter.php(499): CodeIgniter\CodeIgniter->runController(Object(App\Controllers\Home))
 6 SYSTEMPATH\CodeIgniter.php(368): CodeIgniter\CodeIgniter->handleRequest(null, Object(Config\Cache), false)
 7 FCPATH\index.php(67): CodeIgniter\CodeIgniter->run()
 8 SYSTEMPATH\Commands\Server\rewrite.php(47): require_once('C:\\xampp\\htdocs\\CI4\\public\\index.php')
CRITICAL - 2023-07-09 18:33:39 --> Invalid file: "header.php"
in SYSTEMPATH\Exceptions\FrameworkException.php on line 33.
 1 SYSTEMPATH\View\View.php(201): CodeIgniter\Exceptions\FrameworkException::forInvalidFile('header.php')
 2 SYSTEMPATH\Common.php(1184): CodeIgniter\View\View->render('header', [], true)
 3 APPPATH\Controllers\Home.php(9): view('header')
 4 SYSTEMPATH\CodeIgniter.php(934): App\Controllers\Home->index()
 5 SYSTEMPATH\CodeIgniter.php(499): CodeIgniter\CodeIgniter->runController(Object(App\Controllers\Home))
 6 SYSTEMPATH\CodeIgniter.php(368): CodeIgniter\CodeIgniter->handleRequest(null, Object(Config\Cache), false)
 7 FCPATH\index.php(67): CodeIgniter\CodeIgniter->run()
 8 SYSTEMPATH\Commands\Server\rewrite.php(47): require_once('C:\\xampp\\htdocs\\CI4\\public\\index.php')
CRITICAL - 2023-07-09 18:34:50 --> Invalid file: "header.php"
in SYSTEMPATH\Exceptions\FrameworkException.php on line 33.
 1 SYSTEMPATH\View\View.php(201): CodeIgniter\Exceptions\FrameworkException::forInvalidFile('header.php')
 2 SYSTEMPATH\Common.php(1184): CodeIgniter\View\View->render('header', [], true)
 3 APPPATH\Controllers\Home.php(9): view('header')
 4 SYSTEMPATH\CodeIgniter.php(934): App\Controllers\Home->index()
 5 SYSTEMPATH\CodeIgniter.php(499): CodeIgniter\CodeIgniter->runController(Object(App\Controllers\Home))
 6 SYSTEMPATH\CodeIgniter.php(368): CodeIgniter\CodeIgniter->handleRequest(null, Object(Config\Cache), false)
 7 FCPATH\index.php(67): CodeIgniter\CodeIgniter->run()
 8 SYSTEMPATH\Commands\Server\rewrite.php(47): require_once('C:\\xampp\\htdocs\\CI4\\public\\index.php')
CRITICAL - 2023-07-09 18:35:26 --> Invalid file: "header.php"
in SYSTEMPATH\Exceptions\FrameworkException.php on line 33.
 1 SYSTEMPATH\View\View.php(201): CodeIgniter\Exceptions\FrameworkException::forInvalidFile('header.php')
 2 SYSTEMPATH\Common.php(1184): CodeIgniter\View\View->render('header', [], true)
 3 APPPATH\Controllers\Home.php(9): view('header')
 4 SYSTEMPATH\CodeIgniter.php(934): App\Controllers\Home->index()
 5 SYSTEMPATH\CodeIgniter.php(499): CodeIgniter\CodeIgniter->runController(Object(App\Controllers\Home))
 6 SYSTEMPATH\CodeIgniter.php(368): CodeIgniter\CodeIgniter->handleRequest(null, Object(Config\Cache), false)
 7 FCPATH\index.php(67): CodeIgniter\CodeIgniter->run()
 8 SYSTEMPATH\Commands\Server\rewrite.php(47): require_once('C:\\xampp\\htdocs\\CI4\\public\\index.php')
CRITICAL - 2023-07-09 18:35:27 --> Invalid file: "header.php"
in SYSTEMPATH\Exceptions\FrameworkException.php on line 33.
 1 SYSTEMPATH\View\View.php(201): CodeIgniter\Exceptions\FrameworkException::forInvalidFile('header.php')
 2 SYSTEMPATH\Common.php(1184): CodeIgniter\View\View->render('header', [], true)
 3 APPPATH\Controllers\Home.php(9): view('header')
 4 SYSTEMPATH\CodeIgniter.php(934): App\Controllers\Home->index()
 5 SYSTEMPATH\CodeIgniter.php(499): CodeIgniter\CodeIgniter->runController(Object(App\Controllers\Home))
 6 SYSTEMPATH\CodeIgniter.php(368): CodeIgniter\CodeIgniter->handleRequest(null, Object(Config\Cache), false)
 7 FCPATH\index.php(67): CodeIgniter\CodeIgniter->run()
 8 SYSTEMPATH\Commands\Server\rewrite.php(47): require_once('C:\\xampp\\htdocs\\CI4\\public\\index.php')
CRITICAL - 2023-07-09 18:35:27 --> Invalid file: "header.php"
in SYSTEMPATH\Exceptions\FrameworkException.php on line 33.
 1 SYSTEMPATH\View\View.php(201): CodeIgniter\Exceptions\FrameworkException::forInvalidFile('header.php')
 2 SYSTEMPATH\Common.php(1184): CodeIgniter\View\View->render('header', [], true)
 3 APPPATH\Controllers\Home.php(9): view('header')
 4 SYSTEMPATH\CodeIgniter.php(934): App\Controllers\Home->index()
 5 SYSTEMPATH\CodeIgniter.php(499): CodeIgniter\CodeIgniter->runController(Object(App\Controllers\Home))
 6 SYSTEMPATH\CodeIgniter.php(368): CodeIgniter\CodeIgniter->handleRequest(null, Object(Config\Cache), false)
 7 FCPATH\index.php(67): CodeIgniter\CodeIgniter->run()
 8 SYSTEMPATH\Commands\Server\rewrite.php(47): require_once('C:\\xampp\\htdocs\\CI4\\public\\index.php')
CRITICAL - 2023-07-09 18:35:27 --> Invalid file: "header.php"
in SYSTEMPATH\Exceptions\FrameworkException.php on line 33.
 1 SYSTEMPATH\View\View.php(201): CodeIgniter\Exceptions\FrameworkException::forInvalidFile('header.php')
 2 SYSTEMPATH\Common.php(1184): CodeIgniter\View\View->render('header', [], true)
 3 APPPATH\Controllers\Home.php(9): view('header')
 4 SYSTEMPATH\CodeIgniter.php(934): App\Controllers\Home->index()
 5 SYSTEMPATH\CodeIgniter.php(499): CodeIgniter\CodeIgniter->runController(Object(App\Controllers\Home))
 6 SYSTEMPATH\CodeIgniter.php(368): CodeIgniter\CodeIgniter->handleRequest(null, Object(Config\Cache), false)
 7 FCPATH\index.php(67): CodeIgniter\CodeIgniter->run()
 8 SYSTEMPATH\Commands\Server\rewrite.php(47): require_once('C:\\xampp\\htdocs\\CI4\\public\\index.php')
CRITICAL - 2023-07-09 18:35:28 --> Invalid file: "header.php"
in SYSTEMPATH\Exceptions\FrameworkException.php on line 33.
 1 SYSTEMPATH\View\View.php(201): CodeIgniter\Exceptions\FrameworkException::forInvalidFile('header.php')
 2 SYSTEMPATH\Common.php(1184): CodeIgniter\View\View->render('header', [], true)
 3 APPPATH\Controllers\Home.php(9): view('header')
 4 SYSTEMPATH\CodeIgniter.php(934): App\Controllers\Home->index()
 5 SYSTEMPATH\CodeIgniter.php(499): CodeIgniter\CodeIgniter->runController(Object(App\Controllers\Home))
 6 SYSTEMPATH\CodeIgniter.php(368): CodeIgniter\CodeIgniter->handleRequest(null, Object(Config\Cache), false)
 7 FCPATH\index.php(67): CodeIgniter\CodeIgniter->run()
 8 SYSTEMPATH\Commands\Server\rewrite.php(47): require_once('C:\\xampp\\htdocs\\CI4\\public\\index.php')
CRITICAL - 2023-07-09 18:35:28 --> Invalid file: "header.php"
in SYSTEMPATH\Exceptions\FrameworkException.php on line 33.
 1 SYSTEMPATH\View\View.php(201): CodeIgniter\Exceptions\FrameworkException::forInvalidFile('header.php')
 2 SYSTEMPATH\Common.php(1184): CodeIgniter\View\View->render('header', [], true)
 3 APPPATH\Controllers\Home.php(9): view('header')
 4 SYSTEMPATH\CodeIgniter.php(934): App\Controllers\Home->index()
 5 SYSTEMPATH\CodeIgniter.php(499): CodeIgniter\CodeIgniter->runController(Object(App\Controllers\Home))
 6 SYSTEMPATH\CodeIgniter.php(368): CodeIgniter\CodeIgniter->handleRequest(null, Object(Config\Cache), false)
 7 FCPATH\index.php(67): CodeIgniter\CodeIgniter->run()
 8 SYSTEMPATH\Commands\Server\rewrite.php(47): require_once('C:\\xampp\\htdocs\\CI4\\public\\index.php')
CRITICAL - 2023-07-09 18:35:28 --> Invalid file: "header.php"
in SYSTEMPATH\Exceptions\FrameworkException.php on line 33.
 1 SYSTEMPATH\View\View.php(201): CodeIgniter\Exceptions\FrameworkException::forInvalidFile('header.php')
 2 SYSTEMPATH\Common.php(1184): CodeIgniter\View\View->render('header', [], true)
 3 APPPATH\Controllers\Home.php(9): view('header')
 4 SYSTEMPATH\CodeIgniter.php(934): App\Controllers\Home->index()
 5 SYSTEMPATH\CodeIgniter.php(499): CodeIgniter\CodeIgniter->runController(Object(App\Controllers\Home))
 6 SYSTEMPATH\CodeIgniter.php(368): CodeIgniter\CodeIgniter->handleRequest(null, Object(Config\Cache), false)
 7 FCPATH\index.php(67): CodeIgniter\CodeIgniter->run()
 8 SYSTEMPATH\Commands\Server\rewrite.php(47): require_once('C:\\xampp\\htdocs\\CI4\\public\\index.php')
CRITICAL - 2023-07-09 18:35:28 --> Invalid file: "header.php"
in SYSTEMPATH\Exceptions\FrameworkException.php on line 33.
 1 SYSTEMPATH\View\View.php(201): CodeIgniter\Exceptions\FrameworkException::forInvalidFile('header.php')
 2 SYSTEMPATH\Common.php(1184): CodeIgniter\View\View->render('header', [], true)
 3 APPPATH\Controllers\Home.php(9): view('header')
 4 SYSTEMPATH\CodeIgniter.php(934): App\Controllers\Home->index()
 5 SYSTEMPATH\CodeIgniter.php(499): CodeIgniter\CodeIgniter->runController(Object(App\Controllers\Home))
 6 SYSTEMPATH\CodeIgniter.php(368): CodeIgniter\CodeIgniter->handleRequest(null, Object(Config\Cache), false)
 7 FCPATH\index.php(67): CodeIgniter\CodeIgniter->run()
 8 SYSTEMPATH\Commands\Server\rewrite.php(47): require_once('C:\\xampp\\htdocs\\CI4\\public\\index.php')
CRITICAL - 2023-07-09 18:35:28 --> Invalid file: "header.php"
in SYSTEMPATH\Exceptions\FrameworkException.php on line 33.
 1 SYSTEMPATH\View\View.php(201): CodeIgniter\Exceptions\FrameworkException::forInvalidFile('header.php')
 2 SYSTEMPATH\Common.php(1184): CodeIgniter\View\View->render('header', [], true)
 3 APPPATH\Controllers\Home.php(9): view('header')
 4 SYSTEMPATH\CodeIgniter.php(934): App\Controllers\Home->index()
 5 SYSTEMPATH\CodeIgniter.php(499): CodeIgniter\CodeIgniter->runController(Object(App\Controllers\Home))
 6 SYSTEMPATH\CodeIgniter.php(368): CodeIgniter\CodeIgniter->handleRequest(null, Object(Config\Cache), false)
 7 FCPATH\index.php(67): CodeIgniter\CodeIgniter->run()
 8 SYSTEMPATH\Commands\Server\rewrite.php(47): require_once('C:\\xampp\\htdocs\\CI4\\public\\index.php')
CRITICAL - 2023-07-09 18:35:28 --> Invalid file: "header.php"
in SYSTEMPATH\Exceptions\FrameworkException.php on line 33.
 1 SYSTEMPATH\View\View.php(201): CodeIgniter\Exceptions\FrameworkException::forInvalidFile('header.php')
 2 SYSTEMPATH\Common.php(1184): CodeIgniter\View\View->render('header', [], true)
 3 APPPATH\Controllers\Home.php(9): view('header')
 4 SYSTEMPATH\CodeIgniter.php(934): App\Controllers\Home->index()
 5 SYSTEMPATH\CodeIgniter.php(499): CodeIgniter\CodeIgniter->runController(Object(App\Controllers\Home))
 6 SYSTEMPATH\CodeIgniter.php(368): CodeIgniter\CodeIgniter->handleRequest(null, Object(Config\Cache), false)
 7 FCPATH\index.php(67): CodeIgniter\CodeIgniter->run()
 8 SYSTEMPATH\Commands\Server\rewrite.php(47): require_once('C:\\xampp\\htdocs\\CI4\\public\\index.php')
CRITICAL - 2023-07-09 18:35:29 --> Invalid file: "header.php"
in SYSTEMPATH\Exceptions\FrameworkException.php on line 33.
 1 SYSTEMPATH\View\View.php(201): CodeIgniter\Exceptions\FrameworkException::forInvalidFile('header.php')
 2 SYSTEMPATH\Common.php(1184): CodeIgniter\View\View->render('header', [], true)
 3 APPPATH\Controllers\Home.php(9): view('header')
 4 SYSTEMPATH\CodeIgniter.php(934): App\Controllers\Home->index()
 5 SYSTEMPATH\CodeIgniter.php(499): CodeIgniter\CodeIgniter->runController(Object(App\Controllers\Home))
 6 SYSTEMPATH\CodeIgniter.php(368): CodeIgniter\CodeIgniter->handleRequest(null, Object(Config\Cache), false)
 7 FCPATH\index.php(67): CodeIgniter\CodeIgniter->run()
 8 SYSTEMPATH\Commands\Server\rewrite.php(47): require_once('C:\\xampp\\htdocs\\CI4\\public\\index.php')
CRITICAL - 2023-07-09 18:35:29 --> Invalid file: "header.php"
in SYSTEMPATH\Exceptions\FrameworkException.php on line 33.
 1 SYSTEMPATH\View\View.php(201): CodeIgniter\Exceptions\FrameworkException::forInvalidFile('header.php')
 2 SYSTEMPATH\Common.php(1184): CodeIgniter\View\View->render('header', [], true)
 3 APPPATH\Controllers\Home.php(9): view('header')
 4 SYSTEMPATH\CodeIgniter.php(934): App\Controllers\Home->index()
 5 SYSTEMPATH\CodeIgniter.php(499): CodeIgniter\CodeIgniter->runController(Object(App\Controllers\Home))
 6 SYSTEMPATH\CodeIgniter.php(368): CodeIgniter\CodeIgniter->handleRequest(null, Object(Config\Cache), false)
 7 FCPATH\index.php(67): CodeIgniter\CodeIgniter->run()
 8 SYSTEMPATH\Commands\Server\rewrite.php(47): require_once('C:\\xampp\\htdocs\\CI4\\public\\index.php')
CRITICAL - 2023-07-09 18:39:54 --> Invalid file: "../views/Template/header.php"
in SYSTEMPATH\Exceptions\FrameworkException.php on line 33.
 1 SYSTEMPATH\View\View.php(201): CodeIgniter\Exceptions\FrameworkException::forInvalidFile('../views/Template/header.php')
 2 SYSTEMPATH\Common.php(1184): CodeIgniter\View\View->render('../views/Template/header', [], true)
 3 APPPATH\Controllers\Home.php(9): view('../views/Template/header')
 4 SYSTEMPATH\CodeIgniter.php(934): App\Controllers\Home->index()
 5 SYSTEMPATH\CodeIgniter.php(499): CodeIgniter\CodeIgniter->runController(Object(App\Controllers\Home))
 6 SYSTEMPATH\CodeIgniter.php(368): CodeIgniter\CodeIgniter->handleRequest(null, Object(Config\Cache), false)
 7 FCPATH\index.php(67): CodeIgniter\CodeIgniter->run()
 8 SYSTEMPATH\Commands\Server\rewrite.php(47): require_once('C:\\xampp\\htdocs\\CI4\\public\\index.php')
CRITICAL - 2023-07-09 18:43:36 --> Invalid file: "../views/Template/header.php"
in SYSTEMPATH\Exceptions\FrameworkException.php on line 33.
 1 SYSTEMPATH\View\View.php(201): CodeIgniter\Exceptions\FrameworkException::forInvalidFile('../views/Template/header.php')
 2 SYSTEMPATH\Common.php(1184): CodeIgniter\View\View->render('../views/Template/header', [], true)
 3 APPPATH\Controllers\Header.php(9): view('../views/Template/header')
 4 SYSTEMPATH\CodeIgniter.php(934): App\Controllers\Header->index()
 5 SYSTEMPATH\CodeIgniter.php(499): CodeIgniter\CodeIgniter->runController(Object(App\Controllers\Header))
 6 SYSTEMPATH\CodeIgniter.php(368): CodeIgniter\CodeIgniter->handleRequest(null, Object(Config\Cache), false)
 7 FCPATH\index.php(67): CodeIgniter\CodeIgniter->run()
 8 SYSTEMPATH\Commands\Server\rewrite.php(47): require_once('C:\\xampp\\htdocs\\CI4\\public\\index.php')
CRITICAL - 2023-07-09 18:43:37 --> Invalid file: "../views/Template/header.php"
in SYSTEMPATH\Exceptions\FrameworkException.php on line 33.
 1 SYSTEMPATH\View\View.php(201): CodeIgniter\Exceptions\FrameworkException::forInvalidFile('../views/Template/header.php')
 2 SYSTEMPATH\Common.php(1184): CodeIgniter\View\View->render('../views/Template/header', [], true)
 3 APPPATH\Controllers\Header.php(9): view('../views/Template/header')
 4 SYSTEMPATH\CodeIgniter.php(934): App\Controllers\Header->index()
 5 SYSTEMPATH\CodeIgniter.php(499): CodeIgniter\CodeIgniter->runController(Object(App\Controllers\Header))
 6 SYSTEMPATH\CodeIgniter.php(368): CodeIgniter\CodeIgniter->handleRequest(null, Object(Config\Cache), false)
 7 FCPATH\index.php(67): CodeIgniter\CodeIgniter->run()
 8 SYSTEMPATH\Commands\Server\rewrite.php(47): require_once('C:\\xampp\\htdocs\\CI4\\public\\index.php')
CRITICAL - 2023-07-09 18:43:38 --> Invalid file: "../views/Template/header.php"
in SYSTEMPATH\Exceptions\FrameworkException.php on line 33.
 1 SYSTEMPATH\View\View.php(201): CodeIgniter\Exceptions\FrameworkException::forInvalidFile('../views/Template/header.php')
 2 SYSTEMPATH\Common.php(1184): CodeIgniter\View\View->render('../views/Template/header', [], true)
 3 APPPATH\Controllers\Header.php(9): view('../views/Template/header')
 4 SYSTEMPATH\CodeIgniter.php(934): App\Controllers\Header->index()
 5 SYSTEMPATH\CodeIgniter.php(499): CodeIgniter\CodeIgniter->runController(Object(App\Controllers\Header))
 6 SYSTEMPATH\CodeIgniter.php(368): CodeIgniter\CodeIgniter->handleRequest(null, Object(Config\Cache), false)
 7 FCPATH\index.php(67): CodeIgniter\CodeIgniter->run()
 8 SYSTEMPATH\Commands\Server\rewrite.php(47): require_once('C:\\xampp\\htdocs\\CI4\\public\\index.php')
CRITICAL - 2023-07-09 18:43:38 --> Invalid file: "../views/Template/header.php"
in SYSTEMPATH\Exceptions\FrameworkException.php on line 33.
 1 SYSTEMPATH\View\View.php(201): CodeIgniter\Exceptions\FrameworkException::forInvalidFile('../views/Template/header.php')
 2 SYSTEMPATH\Common.php(1184): CodeIgniter\View\View->render('../views/Template/header', [], true)
 3 APPPATH\Controllers\Header.php(9): view('../views/Template/header')
 4 SYSTEMPATH\CodeIgniter.php(934): App\Controllers\Header->index()
 5 SYSTEMPATH\CodeIgniter.php(499): CodeIgniter\CodeIgniter->runController(Object(App\Controllers\Header))
 6 SYSTEMPATH\CodeIgniter.php(368): CodeIgniter\CodeIgniter->handleRequest(null, Object(Config\Cache), false)
 7 FCPATH\index.php(67): CodeIgniter\CodeIgniter->run()
 8 SYSTEMPATH\Commands\Server\rewrite.php(47): require_once('C:\\xampp\\htdocs\\CI4\\public\\index.php')
CRITICAL - 2023-07-09 18:43:38 --> Invalid file: "../views/Template/header.php"
in SYSTEMPATH\Exceptions\FrameworkException.php on line 33.
 1 SYSTEMPATH\View\View.php(201): CodeIgniter\Exceptions\FrameworkException::forInvalidFile('../views/Template/header.php')
 2 SYSTEMPATH\Common.php(1184): CodeIgniter\View\View->render('../views/Template/header', [], true)
 3 APPPATH\Controllers\Header.php(9): view('../views/Template/header')
 4 SYSTEMPATH\CodeIgniter.php(934): App\Controllers\Header->index()
 5 SYSTEMPATH\CodeIgniter.php(499): CodeIgniter\CodeIgniter->runController(Object(App\Controllers\Header))
 6 SYSTEMPATH\CodeIgniter.php(368): CodeIgniter\CodeIgniter->handleRequest(null, Object(Config\Cache), false)
 7 FCPATH\index.php(67): CodeIgniter\CodeIgniter->run()
 8 SYSTEMPATH\Commands\Server\rewrite.php(47): require_once('C:\\xampp\\htdocs\\CI4\\public\\index.php')
CRITICAL - 2023-07-09 18:43:39 --> Invalid file: "../views/Template/header.php"
in SYSTEMPATH\Exceptions\FrameworkException.php on line 33.
 1 SYSTEMPATH\View\View.php(201): CodeIgniter\Exceptions\FrameworkException::forInvalidFile('../views/Template/header.php')
 2 SYSTEMPATH\Common.php(1184): CodeIgniter\View\View->render('../views/Template/header', [], true)
 3 APPPATH\Controllers\Header.php(9): view('../views/Template/header')
 4 SYSTEMPATH\CodeIgniter.php(934): App\Controllers\Header->index()
 5 SYSTEMPATH\CodeIgniter.php(499): CodeIgniter\CodeIgniter->runController(Object(App\Controllers\Header))
 6 SYSTEMPATH\CodeIgniter.php(368): CodeIgniter\CodeIgniter->handleRequest(null, Object(Config\Cache), false)
 7 FCPATH\index.php(67): CodeIgniter\CodeIgniter->run()
 8 SYSTEMPATH\Commands\Server\rewrite.php(47): require_once('C:\\xampp\\htdocs\\CI4\\public\\index.php')
CRITICAL - 2023-07-09 18:43:39 --> Invalid file: "../views/Template/header.php"
in SYSTEMPATH\Exceptions\FrameworkException.php on line 33.
 1 SYSTEMPATH\View\View.php(201): CodeIgniter\Exceptions\FrameworkException::forInvalidFile('../views/Template/header.php')
 2 SYSTEMPATH\Common.php(1184): CodeIgniter\View\View->render('../views/Template/header', [], true)
 3 APPPATH\Controllers\Header.php(9): view('../views/Template/header')
 4 SYSTEMPATH\CodeIgniter.php(934): App\Controllers\Header->index()
 5 SYSTEMPATH\CodeIgniter.php(499): CodeIgniter\CodeIgniter->runController(Object(App\Controllers\Header))
 6 SYSTEMPATH\CodeIgniter.php(368): CodeIgniter\CodeIgniter->handleRequest(null, Object(Config\Cache), false)
 7 FCPATH\index.php(67): CodeIgniter\CodeIgniter->run()
 8 SYSTEMPATH\Commands\Server\rewrite.php(47): require_once('C:\\xampp\\htdocs\\CI4\\public\\index.php')
CRITICAL - 2023-07-09 18:43:39 --> Invalid file: "../views/Template/header.php"
in SYSTEMPATH\Exceptions\FrameworkException.php on line 33.
 1 SYSTEMPATH\View\View.php(201): CodeIgniter\Exceptions\FrameworkException::forInvalidFile('../views/Template/header.php')
 2 SYSTEMPATH\Common.php(1184): CodeIgniter\View\View->render('../views/Template/header', [], true)
 3 APPPATH\Controllers\Header.php(9): view('../views/Template/header')
 4 SYSTEMPATH\CodeIgniter.php(934): App\Controllers\Header->index()
 5 SYSTEMPATH\CodeIgniter.php(499): CodeIgniter\CodeIgniter->runController(Object(App\Controllers\Header))
 6 SYSTEMPATH\CodeIgniter.php(368): CodeIgniter\CodeIgniter->handleRequest(null, Object(Config\Cache), false)
 7 FCPATH\index.php(67): CodeIgniter\CodeIgniter->run()
 8 SYSTEMPATH\Commands\Server\rewrite.php(47): require_once('C:\\xampp\\htdocs\\CI4\\public\\index.php')
CRITICAL - 2023-07-09 18:43:40 --> Invalid file: "../views/Template/header.php"
in SYSTEMPATH\Exceptions\FrameworkException.php on line 33.
 1 SYSTEMPATH\View\View.php(201): CodeIgniter\Exceptions\FrameworkException::forInvalidFile('../views/Template/header.php')
 2 SYSTEMPATH\Common.php(1184): CodeIgniter\View\View->render('../views/Template/header', [], true)
 3 APPPATH\Controllers\Header.php(9): view('../views/Template/header')
 4 SYSTEMPATH\CodeIgniter.php(934): App\Controllers\Header->index()
 5 SYSTEMPATH\CodeIgniter.php(499): CodeIgniter\CodeIgniter->runController(Object(App\Controllers\Header))
 6 SYSTEMPATH\CodeIgniter.php(368): CodeIgniter\CodeIgniter->handleRequest(null, Object(Config\Cache), false)
 7 FCPATH\index.php(67): CodeIgniter\CodeIgniter->run()
 8 SYSTEMPATH\Commands\Server\rewrite.php(47): require_once('C:\\xampp\\htdocs\\CI4\\public\\index.php')
CRITICAL - 2023-07-09 18:45:51 --> Invalid file: "header.php"
in SYSTEMPATH\Exceptions\FrameworkException.php on line 33.
 1 SYSTEMPATH\View\View.php(201): CodeIgniter\Exceptions\FrameworkException::forInvalidFile('header.php')
 2 SYSTEMPATH\Common.php(1184): CodeIgniter\View\View->render('header', [], true)
 3 APPPATH\Controllers\Header.php(9): view('header')
 4 SYSTEMPATH\CodeIgniter.php(934): App\Controllers\Header->index()
 5 SYSTEMPATH\CodeIgniter.php(499): CodeIgniter\CodeIgniter->runController(Object(App\Controllers\Header))
 6 SYSTEMPATH\CodeIgniter.php(368): CodeIgniter\CodeIgniter->handleRequest(null, Object(Config\Cache), false)
 7 FCPATH\index.php(67): CodeIgniter\CodeIgniter->run()
 8 SYSTEMPATH\Commands\Server\rewrite.php(47): require_once('C:\\xampp\\htdocs\\CI4\\public\\index.php')
CRITICAL - 2023-07-09 18:45:51 --> Invalid file: "header.php"
in SYSTEMPATH\Exceptions\FrameworkException.php on line 33.
 1 SYSTEMPATH\View\View.php(201): CodeIgniter\Exceptions\FrameworkException::forInvalidFile('header.php')
 2 SYSTEMPATH\Common.php(1184): CodeIgniter\View\View->render('header', [], true)
 3 APPPATH\Controllers\Header.php(9): view('header')
 4 SYSTEMPATH\CodeIgniter.php(934): App\Controllers\Header->index()
 5 SYSTEMPATH\CodeIgniter.php(499): CodeIgniter\CodeIgniter->runController(Object(App\Controllers\Header))
 6 SYSTEMPATH\CodeIgniter.php(368): CodeIgniter\CodeIgniter->handleRequest(null, Object(Config\Cache), false)
 7 FCPATH\index.php(67): CodeIgniter\CodeIgniter->run()
 8 SYSTEMPATH\Commands\Server\rewrite.php(47): require_once('C:\\xampp\\htdocs\\CI4\\public\\index.php')
CRITICAL - 2023-07-09 18:45:52 --> Invalid file: "header.php"
in SYSTEMPATH\Exceptions\FrameworkException.php on line 33.
 1 SYSTEMPATH\View\View.php(201): CodeIgniter\Exceptions\FrameworkException::forInvalidFile('header.php')
 2 SYSTEMPATH\Common.php(1184): CodeIgniter\View\View->render('header', [], true)
 3 APPPATH\Controllers\Header.php(9): view('header')
 4 SYSTEMPATH\CodeIgniter.php(934): App\Controllers\Header->index()
 5 SYSTEMPATH\CodeIgniter.php(499): CodeIgniter\CodeIgniter->runController(Object(App\Controllers\Header))
 6 SYSTEMPATH\CodeIgniter.php(368): CodeIgniter\CodeIgniter->handleRequest(null, Object(Config\Cache), false)
 7 FCPATH\index.php(67): CodeIgniter\CodeIgniter->run()
 8 SYSTEMPATH\Commands\Server\rewrite.php(47): require_once('C:\\xampp\\htdocs\\CI4\\public\\index.php')
CRITICAL - 2023-07-09 18:50:31 --> include(../Views/Templates/header.php): Failed to open stream: No such file or directory
in APPPATH\Views\home.php on line 1.
 1 APPPATH\Views\home.php(1): CodeIgniter\Debug\Exceptions->errorHandler(2, 'include(../Views/Templates/header.php): Failed to open stream: No such file or directory', 'C:\\xampp\\htdocs\\CI4\\app\\Views\\home.php', 1)
 2 APPPATH\Views\home.php(1): include()
 3 SYSTEMPATH\View\View.php(213): include('C:\\xampp\\htdocs\\CI4\\app\\Views\\home.php')
 4 SYSTEMPATH\View\View.php(216): CodeIgniter\View\View->CodeIgniter\View\{closure}()
 5 SYSTEMPATH\Common.php(1184): CodeIgniter\View\View->render('Home', [], true)
 6 APPPATH\Controllers\Home.php(9): view('Home')
 7 SYSTEMPATH\CodeIgniter.php(934): App\Controllers\Home->index()
 8 SYSTEMPATH\CodeIgniter.php(499): CodeIgniter\CodeIgniter->runController(Object(App\Controllers\Home))
 9 SYSTEMPATH\CodeIgniter.php(368): CodeIgniter\CodeIgniter->handleRequest(null, Object(Config\Cache), false)
10 FCPATH\index.php(67): CodeIgniter\CodeIgniter->run()
11 SYSTEMPATH\Commands\Server\rewrite.php(47): require_once('C:\\xampp\\htdocs\\CI4\\public\\index.php')
CRITICAL - 2023-07-09 18:51:00 --> include(./Templates/header.php): Failed to open stream: No such file or directory
in APPPATH\Views\home.php on line 1.
 1 APPPATH\Views\home.php(1): CodeIgniter\Debug\Exceptions->errorHandler(2, 'include(./Templates/header.php): Failed to open stream: No such file or directory', 'C:\\xampp\\htdocs\\CI4\\app\\Views\\home.php', 1)
 2 APPPATH\Views\home.php(1): include()
 3 SYSTEMPATH\View\View.php(213): include('C:\\xampp\\htdocs\\CI4\\app\\Views\\home.php')
 4 SYSTEMPATH\View\View.php(216): CodeIgniter\View\View->CodeIgniter\View\{closure}()
 5 SYSTEMPATH\Common.php(1184): CodeIgniter\View\View->render('Home', [], true)
 6 APPPATH\Controllers\Home.php(9): view('Home')
 7 SYSTEMPATH\CodeIgniter.php(934): App\Controllers\Home->index()
 8 SYSTEMPATH\CodeIgniter.php(499): CodeIgniter\CodeIgniter->runController(Object(App\Controllers\Home))
 9 SYSTEMPATH\CodeIgniter.php(368): CodeIgniter\CodeIgniter->handleRequest(null, Object(Config\Cache), false)
10 FCPATH\index.php(67): CodeIgniter\CodeIgniter->run()
11 SYSTEMPATH\Commands\Server\rewrite.php(47): require_once('C:\\xampp\\htdocs\\CI4\\public\\index.php')
CRITICAL - 2023-07-09 18:51:01 --> include(./Templates/header.php): Failed to open stream: No such file or directory
in APPPATH\Views\home.php on line 1.
 1 APPPATH\Views\home.php(1): CodeIgniter\Debug\Exceptions->errorHandler(2, 'include(./Templates/header.php): Failed to open stream: No such file or directory', 'C:\\xampp\\htdocs\\CI4\\app\\Views\\home.php', 1)
 2 APPPATH\Views\home.php(1): include()
 3 SYSTEMPATH\View\View.php(213): include('C:\\xampp\\htdocs\\CI4\\app\\Views\\home.php')
 4 SYSTEMPATH\View\View.php(216): CodeIgniter\View\View->CodeIgniter\View\{closure}()
 5 SYSTEMPATH\Common.php(1184): CodeIgniter\View\View->render('Home', [], true)
 6 APPPATH\Controllers\Home.php(9): view('Home')
 7 SYSTEMPATH\CodeIgniter.php(934): App\Controllers\Home->index()
 8 SYSTEMPATH\CodeIgniter.php(499): CodeIgniter\CodeIgniter->runController(Object(App\Controllers\Home))
 9 SYSTEMPATH\CodeIgniter.php(368): CodeIgniter\CodeIgniter->handleRequest(null, Object(Config\Cache), false)
10 FCPATH\index.php(67): CodeIgniter\CodeIgniter->run()
11 SYSTEMPATH\Commands\Server\rewrite.php(47): require_once('C:\\xampp\\htdocs\\CI4\\public\\index.php')
CRITICAL - 2023-07-09 18:51:48 --> include(./Templates/header.php): Failed to open stream: No such file or directory
in APPPATH\Views\home.php on line 1.
 1 APPPATH\Views\home.php(1): CodeIgniter\Debug\Exceptions->errorHandler(2, 'include(./Templates/header.php): Failed to open stream: No such file or directory', 'C:\\xampp\\htdocs\\CI4\\app\\Views\\home.php', 1)
 2 APPPATH\Views\home.php(1): include()
 3 SYSTEMPATH\View\View.php(213): include('C:\\xampp\\htdocs\\CI4\\app\\Views\\home.php')
 4 SYSTEMPATH\View\View.php(216): CodeIgniter\View\View->CodeIgniter\View\{closure}()
 5 SYSTEMPATH\Common.php(1184): CodeIgniter\View\View->render('home', [], true)
 6 APPPATH\Controllers\Home.php(9): view('home')
 7 SYSTEMPATH\CodeIgniter.php(934): App\Controllers\Home->index()
 8 SYSTEMPATH\CodeIgniter.php(499): CodeIgniter\CodeIgniter->runController(Object(App\Controllers\Home))
 9 SYSTEMPATH\CodeIgniter.php(368): CodeIgniter\CodeIgniter->handleRequest(null, Object(Config\Cache), false)
10 FCPATH\index.php(67): CodeIgniter\CodeIgniter->run()
11 SYSTEMPATH\Commands\Server\rewrite.php(47): require_once('C:\\xampp\\htdocs\\CI4\\public\\index.php')
CRITICAL - 2023-07-09 18:51:48 --> include(./Templates/header.php): Failed to open stream: No such file or directory
in APPPATH\Views\home.php on line 1.
 1 APPPATH\Views\home.php(1): CodeIgniter\Debug\Exceptions->errorHandler(2, 'include(./Templates/header.php): Failed to open stream: No such file or directory', 'C:\\xampp\\htdocs\\CI4\\app\\Views\\home.php', 1)
 2 APPPATH\Views\home.php(1): include()
 3 SYSTEMPATH\View\View.php(213): include('C:\\xampp\\htdocs\\CI4\\app\\Views\\home.php')
 4 SYSTEMPATH\View\View.php(216): CodeIgniter\View\View->CodeIgniter\View\{closure}()
 5 SYSTEMPATH\Common.php(1184): CodeIgniter\View\View->render('home', [], true)
 6 APPPATH\Controllers\Home.php(9): view('home')
 7 SYSTEMPATH\CodeIgniter.php(934): App\Controllers\Home->index()
 8 SYSTEMPATH\CodeIgniter.php(499): CodeIgniter\CodeIgniter->runController(Object(App\Controllers\Home))
 9 SYSTEMPATH\CodeIgniter.php(368): CodeIgniter\CodeIgniter->handleRequest(null, Object(Config\Cache), false)
10 FCPATH\index.php(67): CodeIgniter\CodeIgniter->run()
11 SYSTEMPATH\Commands\Server\rewrite.php(47): require_once('C:\\xampp\\htdocs\\CI4\\public\\index.php')
CRITICAL - 2023-07-09 18:51:49 --> include(./Templates/header.php): Failed to open stream: No such file or directory
in APPPATH\Views\home.php on line 1.
 1 APPPATH\Views\home.php(1): CodeIgniter\Debug\Exceptions->errorHandler(2, 'include(./Templates/header.php): Failed to open stream: No such file or directory', 'C:\\xampp\\htdocs\\CI4\\app\\Views\\home.php', 1)
 2 APPPATH\Views\home.php(1): include()
 3 SYSTEMPATH\View\View.php(213): include('C:\\xampp\\htdocs\\CI4\\app\\Views\\home.php')
 4 SYSTEMPATH\View\View.php(216): CodeIgniter\View\View->CodeIgniter\View\{closure}()
 5 SYSTEMPATH\Common.php(1184): CodeIgniter\View\View->render('home', [], true)
 6 APPPATH\Controllers\Home.php(9): view('home')
 7 SYSTEMPATH\CodeIgniter.php(934): App\Controllers\Home->index()
 8 SYSTEMPATH\CodeIgniter.php(499): CodeIgniter\CodeIgniter->runController(Object(App\Controllers\Home))
 9 SYSTEMPATH\CodeIgniter.php(368): CodeIgniter\CodeIgniter->handleRequest(null, Object(Config\Cache), false)
10 FCPATH\index.php(67): CodeIgniter\CodeIgniter->run()
11 SYSTEMPATH\Commands\Server\rewrite.php(47): require_once('C:\\xampp\\htdocs\\CI4\\public\\index.php')
CRITICAL - 2023-07-09 18:51:49 --> include(./Templates/header.php): Failed to open stream: No such file or directory
in APPPATH\Views\home.php on line 1.
 1 APPPATH\Views\home.php(1): CodeIgniter\Debug\Exceptions->errorHandler(2, 'include(./Templates/header.php): Failed to open stream: No such file or directory', 'C:\\xampp\\htdocs\\CI4\\app\\Views\\home.php', 1)
 2 APPPATH\Views\home.php(1): include()
 3 SYSTEMPATH\View\View.php(213): include('C:\\xampp\\htdocs\\CI4\\app\\Views\\home.php')
 4 SYSTEMPATH\View\View.php(216): CodeIgniter\View\View->CodeIgniter\View\{closure}()
 5 SYSTEMPATH\Common.php(1184): CodeIgniter\View\View->render('home', [], true)
 6 APPPATH\Controllers\Home.php(9): view('home')
 7 SYSTEMPATH\CodeIgniter.php(934): App\Controllers\Home->index()
 8 SYSTEMPATH\CodeIgniter.php(499): CodeIgniter\CodeIgniter->runController(Object(App\Controllers\Home))
 9 SYSTEMPATH\CodeIgniter.php(368): CodeIgniter\CodeIgniter->handleRequest(null, Object(Config\Cache), false)
10 FCPATH\index.php(67): CodeIgniter\CodeIgniter->run()
11 SYSTEMPATH\Commands\Server\rewrite.php(47): require_once('C:\\xampp\\htdocs\\CI4\\public\\index.php')
CRITICAL - 2023-07-09 18:51:49 --> include(./Templates/header.php): Failed to open stream: No such file or directory
in APPPATH\Views\home.php on line 1.
 1 APPPATH\Views\home.php(1): CodeIgniter\Debug\Exceptions->errorHandler(2, 'include(./Templates/header.php): Failed to open stream: No such file or directory', 'C:\\xampp\\htdocs\\CI4\\app\\Views\\home.php', 1)
 2 APPPATH\Views\home.php(1): include()
 3 SYSTEMPATH\View\View.php(213): include('C:\\xampp\\htdocs\\CI4\\app\\Views\\home.php')
 4 SYSTEMPATH\View\View.php(216): CodeIgniter\View\View->CodeIgniter\View\{closure}()
 5 SYSTEMPATH\Common.php(1184): CodeIgniter\View\View->render('home', [], true)
 6 APPPATH\Controllers\Home.php(9): view('home')
 7 SYSTEMPATH\CodeIgniter.php(934): App\Controllers\Home->index()
 8 SYSTEMPATH\CodeIgniter.php(499): CodeIgniter\CodeIgniter->runController(Object(App\Controllers\Home))
 9 SYSTEMPATH\CodeIgniter.php(368): CodeIgniter\CodeIgniter->handleRequest(null, Object(Config\Cache), false)
10 FCPATH\index.php(67): CodeIgniter\CodeIgniter->run()
11 SYSTEMPATH\Commands\Server\rewrite.php(47): require_once('C:\\xampp\\htdocs\\CI4\\public\\index.php')
CRITICAL - 2023-07-09 18:53:11 --> include(./Templates/header.php): Failed to open stream: No such file or directory
in APPPATH\Views\home.php on line 1.
 1 APPPATH\Views\home.php(1): CodeIgniter\Debug\Exceptions->errorHandler(2, 'include(./Templates/header.php): Failed to open stream: No such file or directory', 'C:\\xampp\\htdocs\\CI4\\app\\Views\\home.php', 1)
 2 APPPATH\Views\home.php(1): include()
 3 SYSTEMPATH\View\View.php(213): include('C:\\xampp\\htdocs\\CI4\\app\\Views\\home.php')
 4 SYSTEMPATH\View\View.php(216): CodeIgniter\View\View->CodeIgniter\View\{closure}()
 5 SYSTEMPATH\Common.php(1184): CodeIgniter\View\View->render('home', [], true)
 6 APPPATH\Controllers\Home.php(9): view('home')
 7 SYSTEMPATH\CodeIgniter.php(934): App\Controllers\Home->index()
 8 SYSTEMPATH\CodeIgniter.php(499): CodeIgniter\CodeIgniter->runController(Object(App\Controllers\Home))
 9 SYSTEMPATH\CodeIgniter.php(368): CodeIgniter\CodeIgniter->handleRequest(null, Object(Config\Cache), false)
10 FCPATH\index.php(67): CodeIgniter\CodeIgniter->run()
11 SYSTEMPATH\Commands\Server\rewrite.php(47): require_once('C:\\xampp\\htdocs\\CI4\\public\\index.php')
CRITICAL - 2023-07-09 18:55:39 --> Invalid file: "header.php"
in SYSTEMPATH\Exceptions\FrameworkException.php on line 33.
 1 SYSTEMPATH\View\View.php(201): CodeIgniter\Exceptions\FrameworkException::forInvalidFile('header.php')
 2 SYSTEMPATH\Common.php(1184): CodeIgniter\View\View->render('header', [], true)
 3 APPPATH\Controllers\Header.php(9): view('header')
 4 SYSTEMPATH\CodeIgniter.php(934): App\Controllers\Header->index()
 5 SYSTEMPATH\CodeIgniter.php(499): CodeIgniter\CodeIgniter->runController(Object(App\Controllers\Header))
 6 SYSTEMPATH\CodeIgniter.php(368): CodeIgniter\CodeIgniter->handleRequest(null, Object(Config\Cache), false)
 7 FCPATH\index.php(67): CodeIgniter\CodeIgniter->run()
 8 SYSTEMPATH\Commands\Server\rewrite.php(47): require_once('C:\\xampp\\htdocs\\CI4\\public\\index.php')
CRITICAL - 2023-07-09 18:58:29 --> Invalid file: "header.php"
in SYSTEMPATH\Exceptions\FrameworkException.php on line 33.
 1 SYSTEMPATH\View\View.php(201): CodeIgniter\Exceptions\FrameworkException::forInvalidFile('header.php')
 2 SYSTEMPATH\Common.php(1184): CodeIgniter\View\View->render('header', [], true)
 3 APPPATH\Controllers\Header.php(9): view('header')
 4 SYSTEMPATH\CodeIgniter.php(934): App\Controllers\Header->index()
 5 SYSTEMPATH\CodeIgniter.php(499): CodeIgniter\CodeIgniter->runController(Object(App\Controllers\Header))
 6 SYSTEMPATH\CodeIgniter.php(368): CodeIgniter\CodeIgniter->handleRequest(null, Object(Config\Cache), false)
 7 FCPATH\index.php(67): CodeIgniter\CodeIgniter->run()
 8 SYSTEMPATH\Commands\Server\rewrite.php(47): require_once('C:\\xampp\\htdocs\\CI4\\public\\index.php')
CRITICAL - 2023-07-09 19:00:28 --> include(../Views/Pages/home.php): Failed to open stream: No such file or directory
in APPPATH\Views\header.php on line 87.
 1 APPPATH\Views\header.php(87): CodeIgniter\Debug\Exceptions->errorHandler(2, 'include(../Views/Pages/home.php): Failed to open stream: No such file or directory', 'C:\\xampp\\htdocs\\CI4\\app\\Views\\header.php', 87)
 2 APPPATH\Views\header.php(87): include()
 3 SYSTEMPATH\View\View.php(213): include('C:\\xampp\\htdocs\\CI4\\app\\Views\\header.php')
 4 SYSTEMPATH\View\View.php(216): CodeIgniter\View\View->CodeIgniter\View\{closure}()
 5 SYSTEMPATH\Common.php(1184): CodeIgniter\View\View->render('header', [], true)
 6 APPPATH\Controllers\Header.php(9): view('header')
 7 SYSTEMPATH\CodeIgniter.php(934): App\Controllers\Header->index()
 8 SYSTEMPATH\CodeIgniter.php(499): CodeIgniter\CodeIgniter->runController(Object(App\Controllers\Header))
 9 SYSTEMPATH\CodeIgniter.php(368): CodeIgniter\CodeIgniter->handleRequest(null, Object(Config\Cache), false)
10 FCPATH\index.php(67): CodeIgniter\CodeIgniter->run()
11 SYSTEMPATH\Commands\Server\rewrite.php(47): require_once('C:\\xampp\\htdocs\\CI4\\public\\index.php')
CRITICAL - 2023-07-09 19:02:53 --> include(./Templates/header.php): Failed to open stream: No such file or directory
in APPPATH\Views\Pages\home.php on line 1.
 1 APPPATH\Views\Pages\home.php(1): CodeIgniter\Debug\Exceptions->errorHandler(2, 'include(./Templates/header.php): Failed to open stream: No such file or directory', 'C:\\xampp\\htdocs\\CI4\\app\\Views\\Pages\\home.php', 1)
 2 APPPATH\Views\Pages\home.php(1): include()
 3 APPPATH\Views\header.php(87): include('C:\\xampp\\htdocs\\CI4\\app\\Views\\Pages\\home.php')
 4 SYSTEMPATH\View\View.php(213): include('C:\\xampp\\htdocs\\CI4\\app\\Views\\header.php')
 5 SYSTEMPATH\View\View.php(216): CodeIgniter\View\View->CodeIgniter\View\{closure}()
 6 SYSTEMPATH\Common.php(1184): CodeIgniter\View\View->render('header', [], true)
 7 APPPATH\Controllers\Header.php(9): view('header')
 8 SYSTEMPATH\CodeIgniter.php(934): App\Controllers\Header->index()
 9 SYSTEMPATH\CodeIgniter.php(499): CodeIgniter\CodeIgniter->runController(Object(App\Controllers\Header))
10 SYSTEMPATH\CodeIgniter.php(368): CodeIgniter\CodeIgniter->handleRequest(null, Object(Config\Cache), false)
11 FCPATH\index.php(67): CodeIgniter\CodeIgniter->run()
12 SYSTEMPATH\Commands\Server\rewrite.php(47): require_once('C:\\xampp\\htdocs\\CI4\\public\\index.php')
CRITICAL - 2023-07-09 19:03:42 --> include(./Templates/header.php): Failed to open stream: No such file or directory
in APPPATH\Views\home.php on line 1.
 1 APPPATH\Views\home.php(1): CodeIgniter\Debug\Exceptions->errorHandler(2, 'include(./Templates/header.php): Failed to open stream: No such file or directory', 'C:\\xampp\\htdocs\\CI4\\app\\Views\\home.php', 1)
 2 APPPATH\Views\home.php(1): include()
 3 APPPATH\Views\header.php(87): include('C:\\xampp\\htdocs\\CI4\\app\\Views\\home.php')
 4 SYSTEMPATH\View\View.php(213): include('C:\\xampp\\htdocs\\CI4\\app\\Views\\header.php')
 5 SYSTEMPATH\View\View.php(216): CodeIgniter\View\View->CodeIgniter\View\{closure}()
 6 SYSTEMPATH\Common.php(1184): CodeIgniter\View\View->render('header', [], true)
 7 APPPATH\Controllers\Header.php(9): view('header')
 8 SYSTEMPATH\CodeIgniter.php(934): App\Controllers\Header->index()
 9 SYSTEMPATH\CodeIgniter.php(499): CodeIgniter\CodeIgniter->runController(Object(App\Controllers\Header))
10 SYSTEMPATH\CodeIgniter.php(368): CodeIgniter\CodeIgniter->handleRequest(null, Object(Config\Cache), false)
11 FCPATH\index.php(67): CodeIgniter\CodeIgniter->run()
12 SYSTEMPATH\Commands\Server\rewrite.php(47): require_once('C:\\xampp\\htdocs\\CI4\\public\\index.php')
CRITICAL - 2023-07-09 19:03:43 --> include(./Templates/header.php): Failed to open stream: No such file or directory
in APPPATH\Views\home.php on line 1.
 1 APPPATH\Views\home.php(1): CodeIgniter\Debug\Exceptions->errorHandler(2, 'include(./Templates/header.php): Failed to open stream: No such file or directory', 'C:\\xampp\\htdocs\\CI4\\app\\Views\\home.php', 1)
 2 APPPATH\Views\home.php(1): include()
 3 APPPATH\Views\header.php(87): include('C:\\xampp\\htdocs\\CI4\\app\\Views\\home.php')
 4 SYSTEMPATH\View\View.php(213): include('C:\\xampp\\htdocs\\CI4\\app\\Views\\header.php')
 5 SYSTEMPATH\View\View.php(216): CodeIgniter\View\View->CodeIgniter\View\{closure}()
 6 SYSTEMPATH\Common.php(1184): CodeIgniter\View\View->render('header', [], true)
 7 APPPATH\Controllers\Header.php(9): view('header')
 8 SYSTEMPATH\CodeIgniter.php(934): App\Controllers\Header->index()
 9 SYSTEMPATH\CodeIgniter.php(499): CodeIgniter\CodeIgniter->runController(Object(App\Controllers\Header))
10 SYSTEMPATH\CodeIgniter.php(368): CodeIgniter\CodeIgniter->handleRequest(null, Object(Config\Cache), false)
11 FCPATH\index.php(67): CodeIgniter\CodeIgniter->run()
12 SYSTEMPATH\Commands\Server\rewrite.php(47): require_once('C:\\xampp\\htdocs\\CI4\\public\\index.php')
CRITICAL - 2023-07-09 19:04:23 --> include(./home.php): Failed to open stream: No such file or directory
in APPPATH\Views\header.php on line 87.
 1 APPPATH\Views\header.php(87): CodeIgniter\Debug\Exceptions->errorHandler(2, 'include(./home.php): Failed to open stream: No such file or directory', 'C:\\xampp\\htdocs\\CI4\\app\\Views\\header.php', 87)
 2 APPPATH\Views\header.php(87): include()
 3 SYSTEMPATH\View\View.php(213): include('C:\\xampp\\htdocs\\CI4\\app\\Views\\header.php')
 4 SYSTEMPATH\View\View.php(216): CodeIgniter\View\View->CodeIgniter\View\{closure}()
 5 SYSTEMPATH\Common.php(1184): CodeIgniter\View\View->render('header', [], true)
 6 APPPATH\Controllers\Header.php(9): view('header')
 7 SYSTEMPATH\CodeIgniter.php(934): App\Controllers\Header->index()
 8 SYSTEMPATH\CodeIgniter.php(499): CodeIgniter\CodeIgniter->runController(Object(App\Controllers\Header))
 9 SYSTEMPATH\CodeIgniter.php(368): CodeIgniter\CodeIgniter->handleRequest(null, Object(Config\Cache), false)
10 FCPATH\index.php(67): CodeIgniter\CodeIgniter->run()
11 SYSTEMPATH\Commands\Server\rewrite.php(47): require_once('C:\\xampp\\htdocs\\CI4\\public\\index.php')
CRITICAL - 2023-07-09 19:04:23 --> include(./home.php): Failed to open stream: No such file or directory
in APPPATH\Views\header.php on line 87.
 1 APPPATH\Views\header.php(87): CodeIgniter\Debug\Exceptions->errorHandler(2, 'include(./home.php): Failed to open stream: No such file or directory', 'C:\\xampp\\htdocs\\CI4\\app\\Views\\header.php', 87)
 2 APPPATH\Views\header.php(87): include()
 3 SYSTEMPATH\View\View.php(213): include('C:\\xampp\\htdocs\\CI4\\app\\Views\\header.php')
 4 SYSTEMPATH\View\View.php(216): CodeIgniter\View\View->CodeIgniter\View\{closure}()
 5 SYSTEMPATH\Common.php(1184): CodeIgniter\View\View->render('header', [], true)
 6 APPPATH\Controllers\Header.php(9): view('header')
 7 SYSTEMPATH\CodeIgniter.php(934): App\Controllers\Header->index()
 8 SYSTEMPATH\CodeIgniter.php(499): CodeIgniter\CodeIgniter->runController(Object(App\Controllers\Header))
 9 SYSTEMPATH\CodeIgniter.php(368): CodeIgniter\CodeIgniter->handleRequest(null, Object(Config\Cache), false)
10 FCPATH\index.php(67): CodeIgniter\CodeIgniter->run()
11 SYSTEMPATH\Commands\Server\rewrite.php(47): require_once('C:\\xampp\\htdocs\\CI4\\public\\index.php')
CRITICAL - 2023-07-09 19:04:41 --> include(./home.php): Failed to open stream: No such file or directory
in APPPATH\Views\header.php on line 87.
 1 APPPATH\Views\header.php(87): CodeIgniter\Debug\Exceptions->errorHandler(2, 'include(./home.php): Failed to open stream: No such file or directory', 'C:\\xampp\\htdocs\\CI4\\app\\Views\\header.php', 87)
 2 APPPATH\Views\header.php(87): include()
 3 SYSTEMPATH\View\View.php(213): include('C:\\xampp\\htdocs\\CI4\\app\\Views\\header.php')
 4 SYSTEMPATH\View\View.php(216): CodeIgniter\View\View->CodeIgniter\View\{closure}()
 5 SYSTEMPATH\Common.php(1184): CodeIgniter\View\View->render('header', [], true)
 6 APPPATH\Controllers\Header.php(9): view('header')
 7 SYSTEMPATH\CodeIgniter.php(934): App\Controllers\Header->index()
 8 SYSTEMPATH\CodeIgniter.php(499): CodeIgniter\CodeIgniter->runController(Object(App\Controllers\Header))
 9 SYSTEMPATH\CodeIgniter.php(368): CodeIgniter\CodeIgniter->handleRequest(null, Object(Config\Cache), false)
10 FCPATH\index.php(67): CodeIgniter\CodeIgniter->run()
11 SYSTEMPATH\Commands\Server\rewrite.php(47): require_once('C:\\xampp\\htdocs\\CI4\\public\\index.php')
