INFO - 2023-12-07 12:32:03 --> Session: Class initialized using 'CodeIgniter\Session\Handlers\FileHandler' driver.
CRITICAL - 2023-12-07 12:32:15 --> Call to undefined method App\Models\M_user::checkLogin
in SYSTEMPATH\Model.php on line 842.
 1 APPPATH\Controllers\AuthController.php(15): CodeIgniter\Model->__call('checkLogin', [...])
 2 SYSTEMPATH\CodeIgniter.php(934): App\Controllers\AuthController->login()
 3 SYSTEMPATH\CodeIgniter.php(499): CodeIgniter\CodeIgniter->runController(Object(App\Controllers\AuthController))
 4 SYSTEMPATH\CodeIgniter.php(368): CodeIgniter\CodeIgniter->handleRequest(null, Object(Config\Cache), false)
 5 FCPATH\index.php(67): CodeIgniter\CodeIgniter->run()
 6 SYSTEMPATH\Commands\Server\rewrite.php(47): require_once('C:\\xampp\\htdocs\\CI4\\public\\index.php')
CRITICAL - 2023-12-07 12:34:28 --> Call to undefined method App\Models\M_user::checkLogin
in SYSTEMPATH\Model.php on line 842.
 1 APPPATH\Controllers\AuthController.php(15): CodeIgniter\Model->__call('checkLogin', [...])
 2 SYSTEMPATH\CodeIgniter.php(934): App\Controllers\AuthController->login()
 3 SYSTEMPATH\CodeIgniter.php(499): CodeIgniter\CodeIgniter->runController(Object(App\Controllers\AuthController))
 4 SYSTEMPATH\CodeIgniter.php(368): CodeIgniter\CodeIgniter->handleRequest(null, Object(Config\Cache), false)
 5 FCPATH\index.php(67): CodeIgniter\CodeIgniter->run()
 6 SYSTEMPATH\Commands\Server\rewrite.php(47): require_once('C:\\xampp\\htdocs\\CI4\\public\\index.php')
INFO - 2023-12-07 12:34:33 --> Session: Class initialized using 'CodeIgniter\Session\Handlers\FileHandler' driver.
INFO - 2023-12-07 12:34:36 --> Session: Class initialized using 'CodeIgniter\Session\Handlers\FileHandler' driver.
CRITICAL - 2023-12-07 12:34:45 --> Call to undefined method App\Models\M_user::checkLogin
in SYSTEMPATH\Model.php on line 842.
 1 APPPATH\Controllers\AuthController.php(15): CodeIgniter\Model->__call('checkLogin', [...])
 2 SYSTEMPATH\CodeIgniter.php(934): App\Controllers\AuthController->login()
 3 SYSTEMPATH\CodeIgniter.php(499): CodeIgniter\CodeIgniter->runController(Object(App\Controllers\AuthController))
 4 SYSTEMPATH\CodeIgniter.php(368): CodeIgniter\CodeIgniter->handleRequest(null, Object(Config\Cache), false)
 5 FCPATH\index.php(67): CodeIgniter\CodeIgniter->run()
 6 SYSTEMPATH\Commands\Server\rewrite.php(47): require_once('C:\\xampp\\htdocs\\CI4\\public\\index.php')
CRITICAL - 2023-12-07 12:35:37 --> Undefined variable $data_client
in APPPATH\Views\Dasboards\masterpelanggan.php on line 53.
 1 APPPATH\Views\Dasboards\masterpelanggan.php(53): CodeIgniter\Debug\Exceptions->errorHandler(2, 'Undefined variable $data_client', 'C:\\xampp\\htdocs\\CI4\\app\\Views\\Dasboards\\masterpelanggan.php', 53)
 2 SYSTEMPATH\View\View.php(213): include('C:\\xampp\\htdocs\\CI4\\app\\Views\\Dasboards\\masterpelanggan.php')
 3 SYSTEMPATH\View\View.php(216): CodeIgniter\View\View->CodeIgniter\View\{closure}()
 4 SYSTEMPATH\Common.php(1184): CodeIgniter\View\View->render('Dasboards/masterpelanggan', [], true)
 5 APPPATH\Controllers\Template_dasboards.php(18): view('Dasboards/masterpelanggan')
 6 SYSTEMPATH\CodeIgniter.php(934): App\Controllers\Template_dasboards->masterpelanggan()
 7 SYSTEMPATH\CodeIgniter.php(499): CodeIgniter\CodeIgniter->runController(Object(App\Controllers\Template_dasboards))
 8 SYSTEMPATH\CodeIgniter.php(368): CodeIgniter\CodeIgniter->handleRequest(null, Object(Config\Cache), false)
 9 FCPATH\index.php(67): CodeIgniter\CodeIgniter->run()
10 SYSTEMPATH\Commands\Server\rewrite.php(47): require_once('C:\\xampp\\htdocs\\CI4\\public\\index.php')
CRITICAL - 2023-12-07 12:46:04 --> Undefined variable $data_client
in APPPATH\Views\Dasboards\masterpelanggan.php on line 53.
 1 APPPATH\Views\Dasboards\masterpelanggan.php(53): CodeIgniter\Debug\Exceptions->errorHandler(2, 'Undefined variable $data_client', 'C:\\xampp\\htdocs\\CI4\\app\\Views\\Dasboards\\masterpelanggan.php', 53)
 2 SYSTEMPATH\View\View.php(213): include('C:\\xampp\\htdocs\\CI4\\app\\Views\\Dasboards\\masterpelanggan.php')
 3 SYSTEMPATH\View\View.php(216): CodeIgniter\View\View->CodeIgniter\View\{closure}()
 4 SYSTEMPATH\Common.php(1184): CodeIgniter\View\View->render('Dasboards/masterpelanggan', [], true)
 5 APPPATH\Controllers\Template_dasboards.php(18): view('Dasboards/masterpelanggan')
 6 SYSTEMPATH\CodeIgniter.php(934): App\Controllers\Template_dasboards->masterpelanggan()
 7 SYSTEMPATH\CodeIgniter.php(499): CodeIgniter\CodeIgniter->runController(Object(App\Controllers\Template_dasboards))
 8 SYSTEMPATH\CodeIgniter.php(368): CodeIgniter\CodeIgniter->handleRequest(null, Object(Config\Cache), false)
 9 FCPATH\index.php(67): CodeIgniter\CodeIgniter->run()
10 SYSTEMPATH\Commands\Server\rewrite.php(47): require_once('C:\\xampp\\htdocs\\CI4\\public\\index.php')
CRITICAL - 2023-12-07 12:47:56 --> Undefined variable $data_client
in APPPATH\Views\Dasboards\masterpelanggan.php on line 53.
 1 APPPATH\Views\Dasboards\masterpelanggan.php(53): CodeIgniter\Debug\Exceptions->errorHandler(2, 'Undefined variable $data_client', 'C:\\xampp\\htdocs\\CI4\\app\\Views\\Dasboards\\masterpelanggan.php', 53)
 2 SYSTEMPATH\View\View.php(213): include('C:\\xampp\\htdocs\\CI4\\app\\Views\\Dasboards\\masterpelanggan.php')
 3 SYSTEMPATH\View\View.php(216): CodeIgniter\View\View->CodeIgniter\View\{closure}()
 4 SYSTEMPATH\Common.php(1184): CodeIgniter\View\View->render('Dasboards/masterpelanggan', [], true)
 5 APPPATH\Controllers\Template_dasboards.php(18): view('Dasboards/masterpelanggan')
 6 SYSTEMPATH\CodeIgniter.php(934): App\Controllers\Template_dasboards->masterpelanggan()
 7 SYSTEMPATH\CodeIgniter.php(499): CodeIgniter\CodeIgniter->runController(Object(App\Controllers\Template_dasboards))
 8 SYSTEMPATH\CodeIgniter.php(368): CodeIgniter\CodeIgniter->handleRequest(null, Object(Config\Cache), false)
 9 FCPATH\index.php(67): CodeIgniter\CodeIgniter->run()
10 SYSTEMPATH\Commands\Server\rewrite.php(47): require_once('C:\\xampp\\htdocs\\CI4\\public\\index.php')
CRITICAL - 2023-12-07 12:57:29 --> Undefined variable $data_client
in APPPATH\Views\Dasboards\masterpelanggan.php on line 53.
 1 APPPATH\Views\Dasboards\masterpelanggan.php(53): CodeIgniter\Debug\Exceptions->errorHandler(2, 'Undefined variable $data_client', 'C:\\xampp\\htdocs\\CI4\\app\\Views\\Dasboards\\masterpelanggan.php', 53)
 2 SYSTEMPATH\View\View.php(213): include('C:\\xampp\\htdocs\\CI4\\app\\Views\\Dasboards\\masterpelanggan.php')
 3 SYSTEMPATH\View\View.php(216): CodeIgniter\View\View->CodeIgniter\View\{closure}()
 4 SYSTEMPATH\Common.php(1184): CodeIgniter\View\View->render('Dasboards/masterpelanggan', [], true)
 5 APPPATH\Controllers\Template_dasboards.php(18): view('Dasboards/masterpelanggan')
 6 SYSTEMPATH\CodeIgniter.php(934): App\Controllers\Template_dasboards->masterpelanggan()
 7 SYSTEMPATH\CodeIgniter.php(499): CodeIgniter\CodeIgniter->runController(Object(App\Controllers\Template_dasboards))
 8 SYSTEMPATH\CodeIgniter.php(368): CodeIgniter\CodeIgniter->handleRequest(null, Object(Config\Cache), false)
 9 FCPATH\index.php(67): CodeIgniter\CodeIgniter->run()
10 SYSTEMPATH\Commands\Server\rewrite.php(47): require_once('C:\\xampp\\htdocs\\CI4\\public\\index.php')
CRITICAL - 2023-12-07 12:57:30 --> Undefined variable $data_client
in APPPATH\Views\Dasboards\masterpelanggan.php on line 53.
 1 APPPATH\Views\Dasboards\masterpelanggan.php(53): CodeIgniter\Debug\Exceptions->errorHandler(2, 'Undefined variable $data_client', 'C:\\xampp\\htdocs\\CI4\\app\\Views\\Dasboards\\masterpelanggan.php', 53)
 2 SYSTEMPATH\View\View.php(213): include('C:\\xampp\\htdocs\\CI4\\app\\Views\\Dasboards\\masterpelanggan.php')
 3 SYSTEMPATH\View\View.php(216): CodeIgniter\View\View->CodeIgniter\View\{closure}()
 4 SYSTEMPATH\Common.php(1184): CodeIgniter\View\View->render('Dasboards/masterpelanggan', [], true)
 5 APPPATH\Controllers\Template_dasboards.php(18): view('Dasboards/masterpelanggan')
 6 SYSTEMPATH\CodeIgniter.php(934): App\Controllers\Template_dasboards->masterpelanggan()
 7 SYSTEMPATH\CodeIgniter.php(499): CodeIgniter\CodeIgniter->runController(Object(App\Controllers\Template_dasboards))
 8 SYSTEMPATH\CodeIgniter.php(368): CodeIgniter\CodeIgniter->handleRequest(null, Object(Config\Cache), false)
 9 FCPATH\index.php(67): CodeIgniter\CodeIgniter->run()
10 SYSTEMPATH\Commands\Server\rewrite.php(47): require_once('C:\\xampp\\htdocs\\CI4\\public\\index.php')
CRITICAL - 2023-12-07 12:57:31 --> Undefined variable $data_client
in APPPATH\Views\Dasboards\masterpelanggan.php on line 53.
 1 APPPATH\Views\Dasboards\masterpelanggan.php(53): CodeIgniter\Debug\Exceptions->errorHandler(2, 'Undefined variable $data_client', 'C:\\xampp\\htdocs\\CI4\\app\\Views\\Dasboards\\masterpelanggan.php', 53)
 2 SYSTEMPATH\View\View.php(213): include('C:\\xampp\\htdocs\\CI4\\app\\Views\\Dasboards\\masterpelanggan.php')
 3 SYSTEMPATH\View\View.php(216): CodeIgniter\View\View->CodeIgniter\View\{closure}()
 4 SYSTEMPATH\Common.php(1184): CodeIgniter\View\View->render('Dasboards/masterpelanggan', [], true)
 5 APPPATH\Controllers\Template_dasboards.php(18): view('Dasboards/masterpelanggan')
 6 SYSTEMPATH\CodeIgniter.php(934): App\Controllers\Template_dasboards->masterpelanggan()
 7 SYSTEMPATH\CodeIgniter.php(499): CodeIgniter\CodeIgniter->runController(Object(App\Controllers\Template_dasboards))
 8 SYSTEMPATH\CodeIgniter.php(368): CodeIgniter\CodeIgniter->handleRequest(null, Object(Config\Cache), false)
 9 FCPATH\index.php(67): CodeIgniter\CodeIgniter->run()
10 SYSTEMPATH\Commands\Server\rewrite.php(47): require_once('C:\\xampp\\htdocs\\CI4\\public\\index.php')
CRITICAL - 2023-12-07 13:01:10 --> Undefined variable $data_client
in APPPATH\Views\Dasboards\masterpelanggan.php on line 53.
 1 APPPATH\Views\Dasboards\masterpelanggan.php(53): CodeIgniter\Debug\Exceptions->errorHandler(2, 'Undefined variable $data_client', 'C:\\xampp\\htdocs\\CI4\\app\\Views\\Dasboards\\masterpelanggan.php', 53)
 2 SYSTEMPATH\View\View.php(213): include('C:\\xampp\\htdocs\\CI4\\app\\Views\\Dasboards\\masterpelanggan.php')
 3 SYSTEMPATH\View\View.php(216): CodeIgniter\View\View->CodeIgniter\View\{closure}()
 4 SYSTEMPATH\Common.php(1184): CodeIgniter\View\View->render('Dasboards/masterpelanggan', [], true)
 5 APPPATH\Controllers\Template_dasboards.php(18): view('Dasboards/masterpelanggan')
 6 SYSTEMPATH\CodeIgniter.php(934): App\Controllers\Template_dasboards->masterpelanggan()
 7 SYSTEMPATH\CodeIgniter.php(499): CodeIgniter\CodeIgniter->runController(Object(App\Controllers\Template_dasboards))
 8 SYSTEMPATH\CodeIgniter.php(368): CodeIgniter\CodeIgniter->handleRequest(null, Object(Config\Cache), false)
 9 FCPATH\index.php(67): CodeIgniter\CodeIgniter->run()
10 SYSTEMPATH\Commands\Server\rewrite.php(47): require_once('C:\\xampp\\htdocs\\CI4\\public\\index.php')
CRITICAL - 2023-12-07 13:04:40 --> Undefined variable $data_client
in APPPATH\Views\Dasboards\masterpelanggan.php on line 53.
 1 APPPATH\Views\Dasboards\masterpelanggan.php(53): CodeIgniter\Debug\Exceptions->errorHandler(2, 'Undefined variable $data_client', 'C:\\xampp\\htdocs\\CI4\\app\\Views\\Dasboards\\masterpelanggan.php', 53)
 2 SYSTEMPATH\View\View.php(213): include('C:\\xampp\\htdocs\\CI4\\app\\Views\\Dasboards\\masterpelanggan.php')
 3 SYSTEMPATH\View\View.php(216): CodeIgniter\View\View->CodeIgniter\View\{closure}()
 4 SYSTEMPATH\Common.php(1184): CodeIgniter\View\View->render('Dasboards/masterpelanggan', [], true)
 5 APPPATH\Controllers\Template_dasboards.php(18): view('Dasboards/masterpelanggan')
 6 SYSTEMPATH\CodeIgniter.php(934): App\Controllers\Template_dasboards->masterpelanggan()
 7 SYSTEMPATH\CodeIgniter.php(499): CodeIgniter\CodeIgniter->runController(Object(App\Controllers\Template_dasboards))
 8 SYSTEMPATH\CodeIgniter.php(368): CodeIgniter\CodeIgniter->handleRequest(null, Object(Config\Cache), false)
 9 FCPATH\index.php(67): CodeIgniter\CodeIgniter->run()
10 SYSTEMPATH\Commands\Server\rewrite.php(47): require_once('C:\\xampp\\htdocs\\CI4\\public\\index.php')
CRITICAL - 2023-12-07 13:04:41 --> Undefined variable $data_client
in APPPATH\Views\Dasboards\masterpelanggan.php on line 53.
 1 APPPATH\Views\Dasboards\masterpelanggan.php(53): CodeIgniter\Debug\Exceptions->errorHandler(2, 'Undefined variable $data_client', 'C:\\xampp\\htdocs\\CI4\\app\\Views\\Dasboards\\masterpelanggan.php', 53)
 2 SYSTEMPATH\View\View.php(213): include('C:\\xampp\\htdocs\\CI4\\app\\Views\\Dasboards\\masterpelanggan.php')
 3 SYSTEMPATH\View\View.php(216): CodeIgniter\View\View->CodeIgniter\View\{closure}()
 4 SYSTEMPATH\Common.php(1184): CodeIgniter\View\View->render('Dasboards/masterpelanggan', [], true)
 5 APPPATH\Controllers\Template_dasboards.php(18): view('Dasboards/masterpelanggan')
 6 SYSTEMPATH\CodeIgniter.php(934): App\Controllers\Template_dasboards->masterpelanggan()
 7 SYSTEMPATH\CodeIgniter.php(499): CodeIgniter\CodeIgniter->runController(Object(App\Controllers\Template_dasboards))
 8 SYSTEMPATH\CodeIgniter.php(368): CodeIgniter\CodeIgniter->handleRequest(null, Object(Config\Cache), false)
 9 FCPATH\index.php(67): CodeIgniter\CodeIgniter->run()
10 SYSTEMPATH\Commands\Server\rewrite.php(47): require_once('C:\\xampp\\htdocs\\CI4\\public\\index.php')
CRITICAL - 2023-12-07 13:07:15 --> Undefined variable $data_client
in APPPATH\Views\Dasboards\masterpelanggan.php on line 53.
 1 APPPATH\Views\Dasboards\masterpelanggan.php(53): CodeIgniter\Debug\Exceptions->errorHandler(2, 'Undefined variable $data_client', 'C:\\xampp\\htdocs\\CI4\\app\\Views\\Dasboards\\masterpelanggan.php', 53)
 2 SYSTEMPATH\View\View.php(213): include('C:\\xampp\\htdocs\\CI4\\app\\Views\\Dasboards\\masterpelanggan.php')
 3 SYSTEMPATH\View\View.php(216): CodeIgniter\View\View->CodeIgniter\View\{closure}()
 4 SYSTEMPATH\Common.php(1184): CodeIgniter\View\View->render('Dasboards/masterpelanggan', [], true)
 5 APPPATH\Controllers\Template_dasboards.php(18): view('Dasboards/masterpelanggan')
 6 SYSTEMPATH\CodeIgniter.php(934): App\Controllers\Template_dasboards->masterpelanggan()
 7 SYSTEMPATH\CodeIgniter.php(499): CodeIgniter\CodeIgniter->runController(Object(App\Controllers\Template_dasboards))
 8 SYSTEMPATH\CodeIgniter.php(368): CodeIgniter\CodeIgniter->handleRequest(null, Object(Config\Cache), false)
 9 FCPATH\index.php(67): CodeIgniter\CodeIgniter->run()
10 SYSTEMPATH\Commands\Server\rewrite.php(47): require_once('C:\\xampp\\htdocs\\CI4\\public\\index.php')
CRITICAL - 2023-12-07 13:07:31 --> Undefined variable $data_client
in APPPATH\Views\Dasboards\masterpelanggan.php on line 53.
 1 APPPATH\Views\Dasboards\masterpelanggan.php(53): CodeIgniter\Debug\Exceptions->errorHandler(2, 'Undefined variable $data_client', 'C:\\xampp\\htdocs\\CI4\\app\\Views\\Dasboards\\masterpelanggan.php', 53)
 2 SYSTEMPATH\View\View.php(213): include('C:\\xampp\\htdocs\\CI4\\app\\Views\\Dasboards\\masterpelanggan.php')
 3 SYSTEMPATH\View\View.php(216): CodeIgniter\View\View->CodeIgniter\View\{closure}()
 4 SYSTEMPATH\Common.php(1184): CodeIgniter\View\View->render('Dasboards/masterpelanggan', [], true)
 5 APPPATH\Controllers\Template_dasboards.php(18): view('Dasboards/masterpelanggan')
 6 SYSTEMPATH\CodeIgniter.php(934): App\Controllers\Template_dasboards->masterpelanggan()
 7 SYSTEMPATH\CodeIgniter.php(499): CodeIgniter\CodeIgniter->runController(Object(App\Controllers\Template_dasboards))
 8 SYSTEMPATH\CodeIgniter.php(368): CodeIgniter\CodeIgniter->handleRequest(null, Object(Config\Cache), false)
 9 FCPATH\index.php(67): CodeIgniter\CodeIgniter->run()
10 SYSTEMPATH\Commands\Server\rewrite.php(47): require_once('C:\\xampp\\htdocs\\CI4\\public\\index.php')
CRITICAL - 2023-12-07 13:07:32 --> Undefined variable $data_client
in APPPATH\Views\Dasboards\masterpelanggan.php on line 53.
 1 APPPATH\Views\Dasboards\masterpelanggan.php(53): CodeIgniter\Debug\Exceptions->errorHandler(2, 'Undefined variable $data_client', 'C:\\xampp\\htdocs\\CI4\\app\\Views\\Dasboards\\masterpelanggan.php', 53)
 2 SYSTEMPATH\View\View.php(213): include('C:\\xampp\\htdocs\\CI4\\app\\Views\\Dasboards\\masterpelanggan.php')
 3 SYSTEMPATH\View\View.php(216): CodeIgniter\View\View->CodeIgniter\View\{closure}()
 4 SYSTEMPATH\Common.php(1184): CodeIgniter\View\View->render('Dasboards/masterpelanggan', [], true)
 5 APPPATH\Controllers\Template_dasboards.php(18): view('Dasboards/masterpelanggan')
 6 SYSTEMPATH\CodeIgniter.php(934): App\Controllers\Template_dasboards->masterpelanggan()
 7 SYSTEMPATH\CodeIgniter.php(499): CodeIgniter\CodeIgniter->runController(Object(App\Controllers\Template_dasboards))
 8 SYSTEMPATH\CodeIgniter.php(368): CodeIgniter\CodeIgniter->handleRequest(null, Object(Config\Cache), false)
 9 FCPATH\index.php(67): CodeIgniter\CodeIgniter->run()
10 SYSTEMPATH\Commands\Server\rewrite.php(47): require_once('C:\\xampp\\htdocs\\CI4\\public\\index.php')
CRITICAL - 2023-12-07 13:09:16 --> Undefined variable $data_client
in APPPATH\Views\Dasboards\masterpelanggan.php on line 53.
 1 APPPATH\Views\Dasboards\masterpelanggan.php(53): CodeIgniter\Debug\Exceptions->errorHandler(2, 'Undefined variable $data_client', 'C:\\xampp\\htdocs\\CI4\\app\\Views\\Dasboards\\masterpelanggan.php', 53)
 2 SYSTEMPATH\View\View.php(213): include('C:\\xampp\\htdocs\\CI4\\app\\Views\\Dasboards\\masterpelanggan.php')
 3 SYSTEMPATH\View\View.php(216): CodeIgniter\View\View->CodeIgniter\View\{closure}()
 4 SYSTEMPATH\Common.php(1184): CodeIgniter\View\View->render('Dasboards/masterpelanggan', [], true)
 5 APPPATH\Controllers\Template_dasboards.php(18): view('Dasboards/masterpelanggan')
 6 SYSTEMPATH\CodeIgniter.php(934): App\Controllers\Template_dasboards->masterpelanggan()
 7 SYSTEMPATH\CodeIgniter.php(499): CodeIgniter\CodeIgniter->runController(Object(App\Controllers\Template_dasboards))
 8 SYSTEMPATH\CodeIgniter.php(368): CodeIgniter\CodeIgniter->handleRequest(null, Object(Config\Cache), false)
 9 FCPATH\index.php(67): CodeIgniter\CodeIgniter->run()
10 SYSTEMPATH\Commands\Server\rewrite.php(47): require_once('C:\\xampp\\htdocs\\CI4\\public\\index.php')
CRITICAL - 2023-12-07 13:14:03 --> Undefined variable $data_client
in APPPATH\Views\Dasboards\masterpelanggan.php on line 53.
 1 APPPATH\Views\Dasboards\masterpelanggan.php(53): CodeIgniter\Debug\Exceptions->errorHandler(2, 'Undefined variable $data_client', 'C:\\xampp\\htdocs\\CI4\\app\\Views\\Dasboards\\masterpelanggan.php', 53)
 2 SYSTEMPATH\View\View.php(213): include('C:\\xampp\\htdocs\\CI4\\app\\Views\\Dasboards\\masterpelanggan.php')
 3 SYSTEMPATH\View\View.php(216): CodeIgniter\View\View->CodeIgniter\View\{closure}()
 4 SYSTEMPATH\Common.php(1184): CodeIgniter\View\View->render('Dasboards/masterpelanggan', [], true)
 5 APPPATH\Controllers\Template_dasboards.php(18): view('Dasboards/masterpelanggan')
 6 SYSTEMPATH\CodeIgniter.php(934): App\Controllers\Template_dasboards->masterpelanggan()
 7 SYSTEMPATH\CodeIgniter.php(499): CodeIgniter\CodeIgniter->runController(Object(App\Controllers\Template_dasboards))
 8 SYSTEMPATH\CodeIgniter.php(368): CodeIgniter\CodeIgniter->handleRequest(null, Object(Config\Cache), false)
 9 FCPATH\index.php(67): CodeIgniter\CodeIgniter->run()
10 SYSTEMPATH\Commands\Server\rewrite.php(47): require_once('C:\\xampp\\htdocs\\CI4\\public\\index.php')
CRITICAL - 2023-12-07 13:14:04 --> Undefined variable $data_client
in APPPATH\Views\Dasboards\masterpelanggan.php on line 53.
 1 APPPATH\Views\Dasboards\masterpelanggan.php(53): CodeIgniter\Debug\Exceptions->errorHandler(2, 'Undefined variable $data_client', 'C:\\xampp\\htdocs\\CI4\\app\\Views\\Dasboards\\masterpelanggan.php', 53)
 2 SYSTEMPATH\View\View.php(213): include('C:\\xampp\\htdocs\\CI4\\app\\Views\\Dasboards\\masterpelanggan.php')
 3 SYSTEMPATH\View\View.php(216): CodeIgniter\View\View->CodeIgniter\View\{closure}()
 4 SYSTEMPATH\Common.php(1184): CodeIgniter\View\View->render('Dasboards/masterpelanggan', [], true)
 5 APPPATH\Controllers\Template_dasboards.php(18): view('Dasboards/masterpelanggan')
 6 SYSTEMPATH\CodeIgniter.php(934): App\Controllers\Template_dasboards->masterpelanggan()
 7 SYSTEMPATH\CodeIgniter.php(499): CodeIgniter\CodeIgniter->runController(Object(App\Controllers\Template_dasboards))
 8 SYSTEMPATH\CodeIgniter.php(368): CodeIgniter\CodeIgniter->handleRequest(null, Object(Config\Cache), false)
 9 FCPATH\index.php(67): CodeIgniter\CodeIgniter->run()
10 SYSTEMPATH\Commands\Server\rewrite.php(47): require_once('C:\\xampp\\htdocs\\CI4\\public\\index.php')
CRITICAL - 2023-12-07 13:14:28 --> Undefined variable $data_client
in APPPATH\Views\Dasboards\masterpelanggan.php on line 53.
 1 APPPATH\Views\Dasboards\masterpelanggan.php(53): CodeIgniter\Debug\Exceptions->errorHandler(2, 'Undefined variable $data_client', 'C:\\xampp\\htdocs\\CI4\\app\\Views\\Dasboards\\masterpelanggan.php', 53)
 2 SYSTEMPATH\View\View.php(213): include('C:\\xampp\\htdocs\\CI4\\app\\Views\\Dasboards\\masterpelanggan.php')
 3 SYSTEMPATH\View\View.php(216): CodeIgniter\View\View->CodeIgniter\View\{closure}()
 4 SYSTEMPATH\Common.php(1184): CodeIgniter\View\View->render('Dasboards/masterpelanggan', [], true)
 5 APPPATH\Controllers\Template_dasboards.php(18): view('Dasboards/masterpelanggan')
 6 SYSTEMPATH\CodeIgniter.php(934): App\Controllers\Template_dasboards->masterpelanggan()
 7 SYSTEMPATH\CodeIgniter.php(499): CodeIgniter\CodeIgniter->runController(Object(App\Controllers\Template_dasboards))
 8 SYSTEMPATH\CodeIgniter.php(368): CodeIgniter\CodeIgniter->handleRequest(null, Object(Config\Cache), false)
 9 FCPATH\index.php(67): CodeIgniter\CodeIgniter->run()
10 SYSTEMPATH\Commands\Server\rewrite.php(47): require_once('C:\\xampp\\htdocs\\CI4\\public\\index.php')
CRITICAL - 2023-12-07 13:17:54 --> Undefined variable $data_client
in APPPATH\Views\Dasboards\masterpelanggan.php on line 53.
 1 APPPATH\Views\Dasboards\masterpelanggan.php(53): CodeIgniter\Debug\Exceptions->errorHandler(2, 'Undefined variable $data_client', 'C:\\xampp\\htdocs\\CI4\\app\\Views\\Dasboards\\masterpelanggan.php', 53)
 2 SYSTEMPATH\View\View.php(213): include('C:\\xampp\\htdocs\\CI4\\app\\Views\\Dasboards\\masterpelanggan.php')
 3 SYSTEMPATH\View\View.php(216): CodeIgniter\View\View->CodeIgniter\View\{closure}()
 4 SYSTEMPATH\Common.php(1184): CodeIgniter\View\View->render('Dasboards/masterpelanggan', [], true)
 5 APPPATH\Controllers\Template_dasboards.php(18): view('Dasboards/masterpelanggan')
 6 SYSTEMPATH\CodeIgniter.php(934): App\Controllers\Template_dasboards->masterpelanggan()
 7 SYSTEMPATH\CodeIgniter.php(499): CodeIgniter\CodeIgniter->runController(Object(App\Controllers\Template_dasboards))
 8 SYSTEMPATH\CodeIgniter.php(368): CodeIgniter\CodeIgniter->handleRequest(null, Object(Config\Cache), false)
 9 FCPATH\index.php(67): CodeIgniter\CodeIgniter->run()
10 SYSTEMPATH\Commands\Server\rewrite.php(47): require_once('C:\\xampp\\htdocs\\CI4\\public\\index.php')
CRITICAL - 2023-12-07 13:23:17 --> Undefined variable $data_client
in APPPATH\Views\Dasboards\masterpelanggan.php on line 52.
 1 APPPATH\Views\Dasboards\masterpelanggan.php(52): CodeIgniter\Debug\Exceptions->errorHandler(2, 'Undefined variable $data_client', 'C:\\xampp\\htdocs\\CI4\\app\\Views\\Dasboards\\masterpelanggan.php', 52)
 2 SYSTEMPATH\View\View.php(213): include('C:\\xampp\\htdocs\\CI4\\app\\Views\\Dasboards\\masterpelanggan.php')
 3 SYSTEMPATH\View\View.php(216): CodeIgniter\View\View->CodeIgniter\View\{closure}()
 4 SYSTEMPATH\Common.php(1184): CodeIgniter\View\View->render('Dasboards/masterpelanggan', [], true)
 5 APPPATH\Controllers\Template_dasboards.php(18): view('Dasboards/masterpelanggan')
 6 SYSTEMPATH\CodeIgniter.php(934): App\Controllers\Template_dasboards->masterpelanggan()
 7 SYSTEMPATH\CodeIgniter.php(499): CodeIgniter\CodeIgniter->runController(Object(App\Controllers\Template_dasboards))
 8 SYSTEMPATH\CodeIgniter.php(368): CodeIgniter\CodeIgniter->handleRequest(null, Object(Config\Cache), false)
 9 FCPATH\index.php(67): CodeIgniter\CodeIgniter->run()
10 SYSTEMPATH\Commands\Server\rewrite.php(47): require_once('C:\\xampp\\htdocs\\CI4\\public\\index.php')
CRITICAL - 2023-12-07 13:25:00 --> Undefined variable $data_client
in APPPATH\Views\Dasboards\masterpelanggan.php on line 52.
 1 APPPATH\Views\Dasboards\masterpelanggan.php(52): CodeIgniter\Debug\Exceptions->errorHandler(2, 'Undefined variable $data_client', 'C:\\xampp\\htdocs\\CI4\\app\\Views\\Dasboards\\masterpelanggan.php', 52)
 2 SYSTEMPATH\View\View.php(213): include('C:\\xampp\\htdocs\\CI4\\app\\Views\\Dasboards\\masterpelanggan.php')
 3 SYSTEMPATH\View\View.php(216): CodeIgniter\View\View->CodeIgniter\View\{closure}()
 4 SYSTEMPATH\Common.php(1184): CodeIgniter\View\View->render('Dasboards/masterpelanggan', [], true)
 5 APPPATH\Controllers\Template_dasboards.php(18): view('Dasboards/masterpelanggan')
 6 SYSTEMPATH\CodeIgniter.php(934): App\Controllers\Template_dasboards->masterpelanggan()
 7 SYSTEMPATH\CodeIgniter.php(499): CodeIgniter\CodeIgniter->runController(Object(App\Controllers\Template_dasboards))
 8 SYSTEMPATH\CodeIgniter.php(368): CodeIgniter\CodeIgniter->handleRequest(null, Object(Config\Cache), false)
 9 FCPATH\index.php(67): CodeIgniter\CodeIgniter->run()
10 SYSTEMPATH\Commands\Server\rewrite.php(47): require_once('C:\\xampp\\htdocs\\CI4\\public\\index.php')
CRITICAL - 2023-12-07 13:35:51 --> Undefined variable $data_client
in APPPATH\Views\Dasboards\masterpelanggan.php on line 52.
 1 APPPATH\Views\Dasboards\masterpelanggan.php(52): CodeIgniter\Debug\Exceptions->errorHandler(2, 'Undefined variable $data_client', 'C:\\xampp\\htdocs\\CI4\\app\\Views\\Dasboards\\masterpelanggan.php', 52)
 2 SYSTEMPATH\View\View.php(213): include('C:\\xampp\\htdocs\\CI4\\app\\Views\\Dasboards\\masterpelanggan.php')
 3 SYSTEMPATH\View\View.php(216): CodeIgniter\View\View->CodeIgniter\View\{closure}()
 4 SYSTEMPATH\Common.php(1184): CodeIgniter\View\View->render('Dasboards/masterpelanggan', [], true)
 5 APPPATH\Controllers\Template_dasboards.php(18): view('Dasboards/masterpelanggan')
 6 SYSTEMPATH\CodeIgniter.php(934): App\Controllers\Template_dasboards->masterpelanggan()
 7 SYSTEMPATH\CodeIgniter.php(499): CodeIgniter\CodeIgniter->runController(Object(App\Controllers\Template_dasboards))
 8 SYSTEMPATH\CodeIgniter.php(368): CodeIgniter\CodeIgniter->handleRequest(null, Object(Config\Cache), false)
 9 FCPATH\index.php(67): CodeIgniter\CodeIgniter->run()
10 SYSTEMPATH\Commands\Server\rewrite.php(47): require_once('C:\\xampp\\htdocs\\CI4\\public\\index.php')
CRITICAL - 2023-12-07 13:35:51 --> Undefined variable $data_client
in APPPATH\Views\Dasboards\masterpelanggan.php on line 52.
 1 APPPATH\Views\Dasboards\masterpelanggan.php(52): CodeIgniter\Debug\Exceptions->errorHandler(2, 'Undefined variable $data_client', 'C:\\xampp\\htdocs\\CI4\\app\\Views\\Dasboards\\masterpelanggan.php', 52)
 2 SYSTEMPATH\View\View.php(213): include('C:\\xampp\\htdocs\\CI4\\app\\Views\\Dasboards\\masterpelanggan.php')
 3 SYSTEMPATH\View\View.php(216): CodeIgniter\View\View->CodeIgniter\View\{closure}()
 4 SYSTEMPATH\Common.php(1184): CodeIgniter\View\View->render('Dasboards/masterpelanggan', [], true)
 5 APPPATH\Controllers\Template_dasboards.php(18): view('Dasboards/masterpelanggan')
 6 SYSTEMPATH\CodeIgniter.php(934): App\Controllers\Template_dasboards->masterpelanggan()
 7 SYSTEMPATH\CodeIgniter.php(499): CodeIgniter\CodeIgniter->runController(Object(App\Controllers\Template_dasboards))
 8 SYSTEMPATH\CodeIgniter.php(368): CodeIgniter\CodeIgniter->handleRequest(null, Object(Config\Cache), false)
 9 FCPATH\index.php(67): CodeIgniter\CodeIgniter->run()
10 SYSTEMPATH\Commands\Server\rewrite.php(47): require_once('C:\\xampp\\htdocs\\CI4\\public\\index.php')
CRITICAL - 2023-12-07 13:40:51 --> Undefined variable $data_client
in APPPATH\Views\Dasboards\masterpelanggan.php on line 52.
 1 APPPATH\Views\Dasboards\masterpelanggan.php(52): CodeIgniter\Debug\Exceptions->errorHandler(2, 'Undefined variable $data_client', 'C:\\xampp\\htdocs\\CI4\\app\\Views\\Dasboards\\masterpelanggan.php', 52)
 2 SYSTEMPATH\View\View.php(213): include('C:\\xampp\\htdocs\\CI4\\app\\Views\\Dasboards\\masterpelanggan.php')
 3 SYSTEMPATH\View\View.php(216): CodeIgniter\View\View->CodeIgniter\View\{closure}()
 4 SYSTEMPATH\Common.php(1184): CodeIgniter\View\View->render('Dasboards/masterpelanggan', [], true)
 5 APPPATH\Controllers\Template_dasboards.php(18): view('Dasboards/masterpelanggan')
 6 SYSTEMPATH\CodeIgniter.php(934): App\Controllers\Template_dasboards->masterpelanggan()
 7 SYSTEMPATH\CodeIgniter.php(499): CodeIgniter\CodeIgniter->runController(Object(App\Controllers\Template_dasboards))
 8 SYSTEMPATH\CodeIgniter.php(368): CodeIgniter\CodeIgniter->handleRequest(null, Object(Config\Cache), false)
 9 FCPATH\index.php(67): CodeIgniter\CodeIgniter->run()
10 SYSTEMPATH\Commands\Server\rewrite.php(47): require_once('C:\\xampp\\htdocs\\CI4\\public\\index.php')
CRITICAL - 2023-12-07 13:40:51 --> Undefined variable $data_client
in APPPATH\Views\Dasboards\masterpelanggan.php on line 52.
 1 APPPATH\Views\Dasboards\masterpelanggan.php(52): CodeIgniter\Debug\Exceptions->errorHandler(2, 'Undefined variable $data_client', 'C:\\xampp\\htdocs\\CI4\\app\\Views\\Dasboards\\masterpelanggan.php', 52)
 2 SYSTEMPATH\View\View.php(213): include('C:\\xampp\\htdocs\\CI4\\app\\Views\\Dasboards\\masterpelanggan.php')
 3 SYSTEMPATH\View\View.php(216): CodeIgniter\View\View->CodeIgniter\View\{closure}()
 4 SYSTEMPATH\Common.php(1184): CodeIgniter\View\View->render('Dasboards/masterpelanggan', [], true)
 5 APPPATH\Controllers\Template_dasboards.php(18): view('Dasboards/masterpelanggan')
 6 SYSTEMPATH\CodeIgniter.php(934): App\Controllers\Template_dasboards->masterpelanggan()
 7 SYSTEMPATH\CodeIgniter.php(499): CodeIgniter\CodeIgniter->runController(Object(App\Controllers\Template_dasboards))
 8 SYSTEMPATH\CodeIgniter.php(368): CodeIgniter\CodeIgniter->handleRequest(null, Object(Config\Cache), false)
 9 FCPATH\index.php(67): CodeIgniter\CodeIgniter->run()
10 SYSTEMPATH\Commands\Server\rewrite.php(47): require_once('C:\\xampp\\htdocs\\CI4\\public\\index.php')
INFO - 2023-12-07 13:42:31 --> Session: Class initialized using 'CodeIgniter\Session\Handlers\FileHandler' driver.
INFO - 2023-12-07 13:42:35 --> Session: Class initialized using 'CodeIgniter\Session\Handlers\FileHandler' driver.
INFO - 2023-12-07 13:52:19 --> Session: Class initialized using 'CodeIgniter\Session\Handlers\FileHandler' driver.
CRITICAL - 2023-12-07 13:54:56 --> Undefined variable $mobils
in APPPATH\Views\Dasboards\masterpelanggan.php on line 68.
 1 APPPATH\Views\Dasboards\masterpelanggan.php(68): CodeIgniter\Debug\Exceptions->errorHandler(2, 'Undefined variable $mobils', 'C:\\xampp\\htdocs\\CI4\\app\\Views\\Dasboards\\masterpelanggan.php', 68)
 2 SYSTEMPATH\View\View.php(213): include('C:\\xampp\\htdocs\\CI4\\app\\Views\\Dasboards\\masterpelanggan.php')
 3 SYSTEMPATH\View\View.php(216): CodeIgniter\View\View->CodeIgniter\View\{closure}()
 4 SYSTEMPATH\Common.php(1184): CodeIgniter\View\View->render('Dasboards/masterpelanggan', [], true)
 5 APPPATH\Controllers\User.php(21): view('Dasboards/masterpelanggan', [...])
 6 SYSTEMPATH\CodeIgniter.php(934): App\Controllers\User->dataclient()
 7 SYSTEMPATH\CodeIgniter.php(499): CodeIgniter\CodeIgniter->runController(Object(App\Controllers\User))
 8 SYSTEMPATH\CodeIgniter.php(368): CodeIgniter\CodeIgniter->handleRequest(null, Object(Config\Cache), false)
 9 FCPATH\index.php(67): CodeIgniter\CodeIgniter->run()
10 SYSTEMPATH\Commands\Server\rewrite.php(47): require_once('C:\\xampp\\htdocs\\CI4\\public\\index.php')
CRITICAL - 2023-12-07 13:55:30 --> Undefined array key "id_pelanggan"
in APPPATH\Views\Dasboards\masterpelanggan.php on line 68.
 1 APPPATH\Views\Dasboards\masterpelanggan.php(68): CodeIgniter\Debug\Exceptions->errorHandler(2, 'Undefined array key "id_pelanggan"', 'C:\\xampp\\htdocs\\CI4\\app\\Views\\Dasboards\\masterpelanggan.php', 68)
 2 SYSTEMPATH\View\View.php(213): include('C:\\xampp\\htdocs\\CI4\\app\\Views\\Dasboards\\masterpelanggan.php')
 3 SYSTEMPATH\View\View.php(216): CodeIgniter\View\View->CodeIgniter\View\{closure}()
 4 SYSTEMPATH\Common.php(1184): CodeIgniter\View\View->render('Dasboards/masterpelanggan', [], true)
 5 APPPATH\Controllers\User.php(21): view('Dasboards/masterpelanggan', [...])
 6 SYSTEMPATH\CodeIgniter.php(934): App\Controllers\User->dataclient()
 7 SYSTEMPATH\CodeIgniter.php(499): CodeIgniter\CodeIgniter->runController(Object(App\Controllers\User))
 8 SYSTEMPATH\CodeIgniter.php(368): CodeIgniter\CodeIgniter->handleRequest(null, Object(Config\Cache), false)
 9 FCPATH\index.php(67): CodeIgniter\CodeIgniter->run()
10 SYSTEMPATH\Commands\Server\rewrite.php(47): require_once('C:\\xampp\\htdocs\\CI4\\public\\index.php')
INFO - 2023-12-07 13:56:05 --> Session: Class initialized using 'CodeIgniter\Session\Handlers\FileHandler' driver.
INFO - 2023-12-07 13:56:05 --> Session: Class initialized using 'CodeIgniter\Session\Handlers\FileHandler' driver.
INFO - 2023-12-07 13:56:12 --> Session: Class initialized using 'CodeIgniter\Session\Handlers\FileHandler' driver.
INFO - 2023-12-07 13:56:12 --> Session: Class initialized using 'CodeIgniter\Session\Handlers\FileHandler' driver.
INFO - 2023-12-07 13:57:48 --> Session: Class initialized using 'CodeIgniter\Session\Handlers\FileHandler' driver.
INFO - 2023-12-07 13:57:48 --> Session: Class initialized using 'CodeIgniter\Session\Handlers\FileHandler' driver.
INFO - 2023-12-07 15:02:13 --> Session: Class initialized using 'CodeIgniter\Session\Handlers\FileHandler' driver.
INFO - 2023-12-07 15:02:28 --> Session: Class initialized using 'CodeIgniter\Session\Handlers\FileHandler' driver.
INFO - 2023-12-07 15:02:33 --> Session: Class initialized using 'CodeIgniter\Session\Handlers\FileHandler' driver.
INFO - 2023-12-07 15:03:25 --> Session: Class initialized using 'CodeIgniter\Session\Handlers\FileHandler' driver.
CRITICAL - 2023-12-07 15:03:51 --> Undefined variable $data_client
in APPPATH\Views\Dasboards\masterpelanggan.php on line 52.
 1 APPPATH\Views\Dasboards\masterpelanggan.php(52): CodeIgniter\Debug\Exceptions->errorHandler(2, 'Undefined variable $data_client', 'C:\\xampp\\htdocs\\CI4\\app\\Views\\Dasboards\\masterpelanggan.php', 52)
 2 SYSTEMPATH\View\View.php(213): include('C:\\xampp\\htdocs\\CI4\\app\\Views\\Dasboards\\masterpelanggan.php')
 3 SYSTEMPATH\View\View.php(216): CodeIgniter\View\View->CodeIgniter\View\{closure}()
 4 SYSTEMPATH\Common.php(1184): CodeIgniter\View\View->render('Dasboards/masterpelanggan', [], true)
 5 APPPATH\Controllers\Template_dasboards.php(18): view('Dasboards/masterpelanggan')
 6 SYSTEMPATH\CodeIgniter.php(934): App\Controllers\Template_dasboards->masterpelanggan()
 7 SYSTEMPATH\CodeIgniter.php(499): CodeIgniter\CodeIgniter->runController(Object(App\Controllers\Template_dasboards))
 8 SYSTEMPATH\CodeIgniter.php(368): CodeIgniter\CodeIgniter->handleRequest(null, Object(Config\Cache), false)
 9 FCPATH\index.php(67): CodeIgniter\CodeIgniter->run()
10 SYSTEMPATH\Commands\Server\rewrite.php(47): require_once('C:\\xampp\\htdocs\\CI4\\public\\index.php')
INFO - 2023-12-07 15:05:47 --> Session: Class initialized using 'CodeIgniter\Session\Handlers\FileHandler' driver.
INFO - 2023-12-07 15:06:02 --> Session: Class initialized using 'CodeIgniter\Session\Handlers\FileHandler' driver.
INFO - 2023-12-07 15:06:32 --> Session: Class initialized using 'CodeIgniter\Session\Handlers\FileHandler' driver.
INFO - 2023-12-07 15:06:38 --> Session: Class initialized using 'CodeIgniter\Session\Handlers\FileHandler' driver.
INFO - 2023-12-07 15:06:48 --> Session: Class initialized using 'CodeIgniter\Session\Handlers\FileHandler' driver.
