ERROR - 2023-10-13 20:22:46 --> Error connecting to the database: mysqli_sql_exception: No connection could be made because the target machine actively refused it in C:\xampp\htdocs\CI4\system\Database\MySQLi\Connection.php:173
Stack trace:
#0 C:\xampp\htdocs\CI4\system\Database\MySQLi\Connection.php(173): mysqli->real_connect('localhost', 'root', Object(SensitiveParameterValue), 'dbrental', 3306, '', 0)
#1 C:\xampp\htdocs\CI4\system\Database\BaseConnection.php(391): CodeIgniter\Database\MySQLi\Connection->connect(false)
#2 C:\xampp\htdocs\CI4\system\Database\BaseConnection.php(574): CodeIgniter\Database\BaseConnection->initialize()
#3 C:\xampp\htdocs\CI4\system\Database\BaseBuilder.php(1616): CodeIgniter\Database\BaseConnection->query('SELECT *\nFROM `...', Array, false)
#4 C:\xampp\htdocs\CI4\system\Model.php(241): CodeIgniter\Database\BaseBuilder->get()
#5 C:\xampp\htdocs\CI4\system\BaseModel.php(618): CodeIgniter\Model->doFindAll(0, 0)
#6 C:\xampp\htdocs\CI4\app\Models\M_home.php(16): CodeIgniter\BaseModel->findAll()
#7 C:\xampp\htdocs\CI4\app\Controllers\Pages.php(17): App\Models\M_Home->getDataMobil()
#8 C:\xampp\htdocs\CI4\system\CodeIgniter.php(934): App\Controllers\Pages->index()
#9 C:\xampp\htdocs\CI4\system\CodeIgniter.php(499): CodeIgniter\CodeIgniter->runController(Object(App\Controllers\Pages))
#10 C:\xampp\htdocs\CI4\system\CodeIgniter.php(368): CodeIgniter\CodeIgniter->handleRequest(NULL, Object(Config\Cache), false)
#11 C:\xampp\htdocs\CI4\public\index.php(67): CodeIgniter\CodeIgniter->run()
#12 C:\xampp\htdocs\CI4\system\Commands\Server\rewrite.php(47): require_once('C:\\xampp\\htdocs...')
#13 {main}

Next CodeIgniter\Database\Exceptions\DatabaseException: No connection could be made because the target machine actively refused it in C:\xampp\htdocs\CI4\system\Database\MySQLi\Connection.php:218
Stack trace:
#0 C:\xampp\htdocs\CI4\system\Database\BaseConnection.php(391): CodeIgniter\Database\MySQLi\Connection->connect(false)
#1 C:\xampp\htdocs\CI4\system\Database\BaseConnection.php(574): CodeIgniter\Database\BaseConnection->initialize()
#2 C:\xampp\htdocs\CI4\system\Database\BaseBuilder.php(1616): CodeIgniter\Database\BaseConnection->query('SELECT *\nFROM `...', Array, false)
#3 C:\xampp\htdocs\CI4\system\Model.php(241): CodeIgniter\Database\BaseBuilder->get()
#4 C:\xampp\htdocs\CI4\system\BaseModel.php(618): CodeIgniter\Model->doFindAll(0, 0)
#5 C:\xampp\htdocs\CI4\app\Models\M_home.php(16): CodeIgniter\BaseModel->findAll()
#6 C:\xampp\htdocs\CI4\app\Controllers\Pages.php(17): App\Models\M_Home->getDataMobil()
#7 C:\xampp\htdocs\CI4\system\CodeIgniter.php(934): App\Controllers\Pages->index()
#8 C:\xampp\htdocs\CI4\system\CodeIgniter.php(499): CodeIgniter\CodeIgniter->runController(Object(App\Controllers\Pages))
#9 C:\xampp\htdocs\CI4\system\CodeIgniter.php(368): CodeIgniter\CodeIgniter->handleRequest(NULL, Object(Config\Cache), false)
#10 C:\xampp\htdocs\CI4\public\index.php(67): CodeIgniter\CodeIgniter->run()
#11 C:\xampp\htdocs\CI4\system\Commands\Server\rewrite.php(47): require_once('C:\\xampp\\htdocs...')
#12 {main}
CRITICAL - 2023-10-13 20:22:46 --> Unable to connect to the database.
Main connection [MySQLi]: No connection could be made because the target machine actively refused it
in SYSTEMPATH\Database\BaseConnection.php on line 427.
 1 SYSTEMPATH\Database\BaseConnection.php(574): CodeIgniter\Database\BaseConnection->initialize()
 2 SYSTEMPATH\Database\BaseBuilder.php(1616): CodeIgniter\Database\BaseConnection->query('SELECT *
FROM `data_mobil`', [], false)
 3 SYSTEMPATH\Model.php(241): CodeIgniter\Database\BaseBuilder->get()
 4 SYSTEMPATH\BaseModel.php(618): CodeIgniter\Model->doFindAll(0, 0)
 5 APPPATH\Models\M_home.php(16): CodeIgniter\BaseModel->findAll()
 6 APPPATH\Controllers\Pages.php(17): App\Models\M_Home->getDataMobil()
 7 SYSTEMPATH\CodeIgniter.php(934): App\Controllers\Pages->index()
 8 SYSTEMPATH\CodeIgniter.php(499): CodeIgniter\CodeIgniter->runController(Object(App\Controllers\Pages))
 9 SYSTEMPATH\CodeIgniter.php(368): CodeIgniter\CodeIgniter->handleRequest(null, Object(Config\Cache), false)
10 FCPATH\index.php(67): CodeIgniter\CodeIgniter->run()
11 SYSTEMPATH\Commands\Server\rewrite.php(47): require_once('C:\\xampp\\htdocs\\CI4\\public\\index.php')
INFO - 2023-10-13 20:24:05 --> Session: Class initialized using 'CodeIgniter\Session\Handlers\FileHandler' driver.
INFO - 2023-10-13 20:28:41 --> Session: Class initialized using 'CodeIgniter\Session\Handlers\FileHandler' driver.
CRITICAL - 2023-10-13 20:28:50 --> Undefined variable $data_mobil
in APPPATH\Views\Pages\home1.php on line 105.
 1 APPPATH\Views\Pages\home1.php(105): CodeIgniter\Debug\Exceptions->errorHandler(2, 'Undefined variable $data_mobil', 'C:\\xampp\\htdocs\\CI4\\app\\Views\\Pages\\home1.php', 105)
 2 SYSTEMPATH\View\View.php(213): include('C:\\xampp\\htdocs\\CI4\\app\\Views\\Pages\\home1.php')
 3 SYSTEMPATH\View\View.php(216): CodeIgniter\View\View->CodeIgniter\View\{closure}()
 4 SYSTEMPATH\Common.php(1184): CodeIgniter\View\View->render('Pages/home1', [], true)
 5 APPPATH\Controllers\AuthController.php(21): view('Pages/home1')
 6 SYSTEMPATH\CodeIgniter.php(934): App\Controllers\AuthController->login()
 7 SYSTEMPATH\CodeIgniter.php(499): CodeIgniter\CodeIgniter->runController(Object(App\Controllers\AuthController))
 8 SYSTEMPATH\CodeIgniter.php(368): CodeIgniter\CodeIgniter->handleRequest(null, Object(Config\Cache), false)
 9 FCPATH\index.php(67): CodeIgniter\CodeIgniter->run()
10 SYSTEMPATH\Commands\Server\rewrite.php(47): require_once('C:\\xampp\\htdocs\\CI4\\public\\index.php')
INFO - 2023-10-13 20:30:33 --> Session: Class initialized using 'CodeIgniter\Session\Handlers\FileHandler' driver.
INFO - 2023-10-13 20:30:36 --> Session: Class initialized using 'CodeIgniter\Session\Handlers\FileHandler' driver.
INFO - 2023-10-13 20:31:03 --> Session: Class initialized using 'CodeIgniter\Session\Handlers\FileHandler' driver.
INFO - 2023-10-13 20:31:13 --> Session: Class initialized using 'CodeIgniter\Session\Handlers\FileHandler' driver.
INFO - 2023-10-13 20:34:19 --> Session: Class initialized using 'CodeIgniter\Session\Handlers\FileHandler' driver.
INFO - 2023-10-13 20:34:29 --> Session: Class initialized using 'CodeIgniter\Session\Handlers\FileHandler' driver.
INFO - 2023-10-13 20:35:48 --> Session: Class initialized using 'CodeIgniter\Session\Handlers\FileHandler' driver.
