INFO - 2023-12-15 08:26:31 --> Session: Class initialized using 'CodeIgniter\Session\Handlers\FileHandler' driver.
INFO - 2023-12-15 08:26:49 --> Session: Class initialized using 'CodeIgniter\Session\Handlers\FileHandler' driver.
INFO - 2023-12-15 08:50:48 --> Session: Class initialized using 'CodeIgniter\Session\Handlers\FileHandler' driver.
INFO - 2023-12-15 08:50:54 --> Session: Class initialized using 'CodeIgniter\Session\Handlers\FileHandler' driver.
INFO - 2023-12-15 08:50:57 --> Session: Class initialized using 'CodeIgniter\Session\Handlers\FileHandler' driver.
INFO - 2023-12-15 08:52:14 --> Session: Class initialized using 'CodeIgniter\Session\Handlers\FileHandler' driver.
INFO - 2023-12-15 08:54:27 --> Session: Class initialized using 'CodeIgniter\Session\Handlers\FileHandler' driver.
INFO - 2023-12-15 08:54:31 --> Session: Class initialized using 'CodeIgniter\Session\Handlers\FileHandler' driver.
INFO - 2023-12-15 08:58:16 --> Session: Class initialized using 'CodeIgniter\Session\Handlers\FileHandler' driver.
INFO - 2023-12-15 08:58:52 --> Session: Class initialized using 'CodeIgniter\Session\Handlers\FileHandler' driver.
INFO - 2023-12-15 09:00:04 --> Session: Class initialized using 'CodeIgniter\Session\Handlers\FileHandler' driver.
INFO - 2023-12-15 09:00:32 --> Session: Class initialized using 'CodeIgniter\Session\Handlers\FileHandler' driver.
INFO - 2023-12-15 09:00:36 --> Session: Class initialized using 'CodeIgniter\Session\Handlers\FileHandler' driver.
CRITICAL - 2023-12-15 13:10:05 --> Undefined variable $data_profil
in APPPATH\Views\Dasboards\masterview\masterview_profil.php on line 65.
 1 APPPATH\Views\Dasboards\masterview\masterview_profil.php(65): CodeIgniter\Debug\Exceptions->errorHandler(2, 'Undefined variable $data_profil', 'C:\\xampp\\htdocs\\CI4\\app\\Views\\Dasboards\\masterview\\masterview_profil.php', 65)
 2 SYSTEMPATH\View\View.php(213): include('C:\\xampp\\htdocs\\CI4\\app\\Views\\Dasboards\\masterview\\masterview_profil.php')
 3 SYSTEMPATH\View\View.php(216): CodeIgniter\View\View->CodeIgniter\View\{closure}()
 4 SYSTEMPATH\Common.php(1184): CodeIgniter\View\View->render('Dasboards/masterview/masterview_profil', [], true)
 5 APPPATH\Controllers\Template_dasboards.php(34): view('Dasboards/masterview/masterview_profil')
 6 SYSTEMPATH\CodeIgniter.php(934): App\Controllers\Template_dasboards->masterview_profil()
 7 SYSTEMPATH\CodeIgniter.php(499): CodeIgniter\CodeIgniter->runController(Object(App\Controllers\Template_dasboards))
 8 SYSTEMPATH\CodeIgniter.php(368): CodeIgniter\CodeIgniter->handleRequest(null, Object(Config\Cache), false)
 9 FCPATH\index.php(67): CodeIgniter\CodeIgniter->run()
10 SYSTEMPATH\Commands\Server\rewrite.php(47): require_once('C:\\xampp\\htdocs\\CI4\\public\\index.php')
CRITICAL - 2023-12-15 13:13:16 --> Undefined variable $data_profil
in APPPATH\Views\Dasboards\masterview\masterview_profil.php on line 65.
 1 APPPATH\Views\Dasboards\masterview\masterview_profil.php(65): CodeIgniter\Debug\Exceptions->errorHandler(2, 'Undefined variable $data_profil', 'C:\\xampp\\htdocs\\CI4\\app\\Views\\Dasboards\\masterview\\masterview_profil.php', 65)
 2 SYSTEMPATH\View\View.php(213): include('C:\\xampp\\htdocs\\CI4\\app\\Views\\Dasboards\\masterview\\masterview_profil.php')
 3 SYSTEMPATH\View\View.php(216): CodeIgniter\View\View->CodeIgniter\View\{closure}()
 4 SYSTEMPATH\Common.php(1184): CodeIgniter\View\View->render('Dasboards/masterview/masterview_profil', [], true)
 5 APPPATH\Controllers\Template_dasboards.php(34): view('Dasboards/masterview/masterview_profil')
 6 SYSTEMPATH\CodeIgniter.php(934): App\Controllers\Template_dasboards->masterview_profil()
 7 SYSTEMPATH\CodeIgniter.php(499): CodeIgniter\CodeIgniter->runController(Object(App\Controllers\Template_dasboards))
 8 SYSTEMPATH\CodeIgniter.php(368): CodeIgniter\CodeIgniter->handleRequest(null, Object(Config\Cache), false)
 9 FCPATH\index.php(67): CodeIgniter\CodeIgniter->run()
10 SYSTEMPATH\Commands\Server\rewrite.php(47): require_once('C:\\xampp\\htdocs\\CI4\\public\\index.php')
CRITICAL - 2023-12-15 13:13:17 --> Undefined variable $data_profil
in APPPATH\Views\Dasboards\masterview\masterview_profil.php on line 65.
 1 APPPATH\Views\Dasboards\masterview\masterview_profil.php(65): CodeIgniter\Debug\Exceptions->errorHandler(2, 'Undefined variable $data_profil', 'C:\\xampp\\htdocs\\CI4\\app\\Views\\Dasboards\\masterview\\masterview_profil.php', 65)
 2 SYSTEMPATH\View\View.php(213): include('C:\\xampp\\htdocs\\CI4\\app\\Views\\Dasboards\\masterview\\masterview_profil.php')
 3 SYSTEMPATH\View\View.php(216): CodeIgniter\View\View->CodeIgniter\View\{closure}()
 4 SYSTEMPATH\Common.php(1184): CodeIgniter\View\View->render('Dasboards/masterview/masterview_profil', [], true)
 5 APPPATH\Controllers\Template_dasboards.php(34): view('Dasboards/masterview/masterview_profil')
 6 SYSTEMPATH\CodeIgniter.php(934): App\Controllers\Template_dasboards->masterview_profil()
 7 SYSTEMPATH\CodeIgniter.php(499): CodeIgniter\CodeIgniter->runController(Object(App\Controllers\Template_dasboards))
 8 SYSTEMPATH\CodeIgniter.php(368): CodeIgniter\CodeIgniter->handleRequest(null, Object(Config\Cache), false)
 9 FCPATH\index.php(67): CodeIgniter\CodeIgniter->run()
10 SYSTEMPATH\Commands\Server\rewrite.php(47): require_once('C:\\xampp\\htdocs\\CI4\\public\\index.php')
CRITICAL - 2023-12-15 13:15:53 --> Undefined variable $data_profil
in APPPATH\Views\Dasboards\masterview\masterview_profil.php on line 65.
 1 APPPATH\Views\Dasboards\masterview\masterview_profil.php(65): CodeIgniter\Debug\Exceptions->errorHandler(2, 'Undefined variable $data_profil', 'C:\\xampp\\htdocs\\CI4\\app\\Views\\Dasboards\\masterview\\masterview_profil.php', 65)
 2 SYSTEMPATH\View\View.php(213): include('C:\\xampp\\htdocs\\CI4\\app\\Views\\Dasboards\\masterview\\masterview_profil.php')
 3 SYSTEMPATH\View\View.php(216): CodeIgniter\View\View->CodeIgniter\View\{closure}()
 4 SYSTEMPATH\Common.php(1184): CodeIgniter\View\View->render('Dasboards/masterview/masterview_profil', [], true)
 5 APPPATH\Controllers\Template_dasboards.php(34): view('Dasboards/masterview/masterview_profil')
 6 SYSTEMPATH\CodeIgniter.php(934): App\Controllers\Template_dasboards->masterview_profil()
 7 SYSTEMPATH\CodeIgniter.php(499): CodeIgniter\CodeIgniter->runController(Object(App\Controllers\Template_dasboards))
 8 SYSTEMPATH\CodeIgniter.php(368): CodeIgniter\CodeIgniter->handleRequest(null, Object(Config\Cache), false)
 9 FCPATH\index.php(67): CodeIgniter\CodeIgniter->run()
10 SYSTEMPATH\Commands\Server\rewrite.php(47): require_once('C:\\xampp\\htdocs\\CI4\\public\\index.php')
CRITICAL - 2023-12-15 13:15:54 --> Undefined variable $data_profil
in APPPATH\Views\Dasboards\masterview\masterview_profil.php on line 65.
 1 APPPATH\Views\Dasboards\masterview\masterview_profil.php(65): CodeIgniter\Debug\Exceptions->errorHandler(2, 'Undefined variable $data_profil', 'C:\\xampp\\htdocs\\CI4\\app\\Views\\Dasboards\\masterview\\masterview_profil.php', 65)
 2 SYSTEMPATH\View\View.php(213): include('C:\\xampp\\htdocs\\CI4\\app\\Views\\Dasboards\\masterview\\masterview_profil.php')
 3 SYSTEMPATH\View\View.php(216): CodeIgniter\View\View->CodeIgniter\View\{closure}()
 4 SYSTEMPATH\Common.php(1184): CodeIgniter\View\View->render('Dasboards/masterview/masterview_profil', [], true)
 5 APPPATH\Controllers\Template_dasboards.php(34): view('Dasboards/masterview/masterview_profil')
 6 SYSTEMPATH\CodeIgniter.php(934): App\Controllers\Template_dasboards->masterview_profil()
 7 SYSTEMPATH\CodeIgniter.php(499): CodeIgniter\CodeIgniter->runController(Object(App\Controllers\Template_dasboards))
 8 SYSTEMPATH\CodeIgniter.php(368): CodeIgniter\CodeIgniter->handleRequest(null, Object(Config\Cache), false)
 9 FCPATH\index.php(67): CodeIgniter\CodeIgniter->run()
10 SYSTEMPATH\Commands\Server\rewrite.php(47): require_once('C:\\xampp\\htdocs\\CI4\\public\\index.php')
CRITICAL - 2023-12-15 13:16:01 --> Undefined variable $data_profil
in APPPATH\Views\Dasboards\masterview\masterview_profil.php on line 65.
 1 APPPATH\Views\Dasboards\masterview\masterview_profil.php(65): CodeIgniter\Debug\Exceptions->errorHandler(2, 'Undefined variable $data_profil', 'C:\\xampp\\htdocs\\CI4\\app\\Views\\Dasboards\\masterview\\masterview_profil.php', 65)
 2 SYSTEMPATH\View\View.php(213): include('C:\\xampp\\htdocs\\CI4\\app\\Views\\Dasboards\\masterview\\masterview_profil.php')
 3 SYSTEMPATH\View\View.php(216): CodeIgniter\View\View->CodeIgniter\View\{closure}()
 4 SYSTEMPATH\Common.php(1184): CodeIgniter\View\View->render('Dasboards/masterview/masterview_profil', [], true)
 5 APPPATH\Controllers\Template_dasboards.php(34): view('Dasboards/masterview/masterview_profil')
 6 SYSTEMPATH\CodeIgniter.php(934): App\Controllers\Template_dasboards->masterview_profil()
 7 SYSTEMPATH\CodeIgniter.php(499): CodeIgniter\CodeIgniter->runController(Object(App\Controllers\Template_dasboards))
 8 SYSTEMPATH\CodeIgniter.php(368): CodeIgniter\CodeIgniter->handleRequest(null, Object(Config\Cache), false)
 9 FCPATH\index.php(67): CodeIgniter\CodeIgniter->run()
10 SYSTEMPATH\Commands\Server\rewrite.php(47): require_once('C:\\xampp\\htdocs\\CI4\\public\\index.php')
CRITICAL - 2023-12-15 13:17:01 --> Undefined variable $data_profil
in APPPATH\Views\Dasboards\masterview\masterview_profil.php on line 65.
 1 APPPATH\Views\Dasboards\masterview\masterview_profil.php(65): CodeIgniter\Debug\Exceptions->errorHandler(2, 'Undefined variable $data_profil', 'C:\\xampp\\htdocs\\CI4\\app\\Views\\Dasboards\\masterview\\masterview_profil.php', 65)
 2 SYSTEMPATH\View\View.php(213): include('C:\\xampp\\htdocs\\CI4\\app\\Views\\Dasboards\\masterview\\masterview_profil.php')
 3 SYSTEMPATH\View\View.php(216): CodeIgniter\View\View->CodeIgniter\View\{closure}()
 4 SYSTEMPATH\Common.php(1184): CodeIgniter\View\View->render('Dasboards/masterview/masterview_profil', [], true)
 5 APPPATH\Controllers\Template_dasboards.php(34): view('Dasboards/masterview/masterview_profil')
 6 SYSTEMPATH\CodeIgniter.php(934): App\Controllers\Template_dasboards->masterview_profil()
 7 SYSTEMPATH\CodeIgniter.php(499): CodeIgniter\CodeIgniter->runController(Object(App\Controllers\Template_dasboards))
 8 SYSTEMPATH\CodeIgniter.php(368): CodeIgniter\CodeIgniter->handleRequest(null, Object(Config\Cache), false)
 9 FCPATH\index.php(67): CodeIgniter\CodeIgniter->run()
10 SYSTEMPATH\Commands\Server\rewrite.php(47): require_once('C:\\xampp\\htdocs\\CI4\\public\\index.php')
CRITICAL - 2023-12-15 13:17:04 --> Undefined variable $data_profil
in APPPATH\Views\Dasboards\masterview\masterview_profil.php on line 65.
 1 APPPATH\Views\Dasboards\masterview\masterview_profil.php(65): CodeIgniter\Debug\Exceptions->errorHandler(2, 'Undefined variable $data_profil', 'C:\\xampp\\htdocs\\CI4\\app\\Views\\Dasboards\\masterview\\masterview_profil.php', 65)
 2 SYSTEMPATH\View\View.php(213): include('C:\\xampp\\htdocs\\CI4\\app\\Views\\Dasboards\\masterview\\masterview_profil.php')
 3 SYSTEMPATH\View\View.php(216): CodeIgniter\View\View->CodeIgniter\View\{closure}()
 4 SYSTEMPATH\Common.php(1184): CodeIgniter\View\View->render('Dasboards/masterview/masterview_profil', [], true)
 5 APPPATH\Controllers\Template_dasboards.php(34): view('Dasboards/masterview/masterview_profil')
 6 SYSTEMPATH\CodeIgniter.php(934): App\Controllers\Template_dasboards->masterview_profil()
 7 SYSTEMPATH\CodeIgniter.php(499): CodeIgniter\CodeIgniter->runController(Object(App\Controllers\Template_dasboards))
 8 SYSTEMPATH\CodeIgniter.php(368): CodeIgniter\CodeIgniter->handleRequest(null, Object(Config\Cache), false)
 9 FCPATH\index.php(67): CodeIgniter\CodeIgniter->run()
10 SYSTEMPATH\Commands\Server\rewrite.php(47): require_once('C:\\xampp\\htdocs\\CI4\\public\\index.php')
INFO - 2023-12-15 13:17:07 --> Session: Class initialized using 'CodeIgniter\Session\Handlers\FileHandler' driver.
INFO - 2023-12-15 13:28:24 --> Session: Class initialized using 'CodeIgniter\Session\Handlers\FileHandler' driver.
INFO - 2023-12-15 13:28:25 --> Session: Class initialized using 'CodeIgniter\Session\Handlers\FileHandler' driver.
INFO - 2023-12-15 13:29:00 --> Session: Class initialized using 'CodeIgniter\Session\Handlers\FileHandler' driver.
INFO - 2023-12-15 13:31:36 --> Session: Class initialized using 'CodeIgniter\Session\Handlers\FileHandler' driver.
INFO - 2023-12-15 13:32:01 --> Session: Class initialized using 'CodeIgniter\Session\Handlers\FileHandler' driver.
INFO - 2023-12-15 13:38:35 --> Session: Class initialized using 'CodeIgniter\Session\Handlers\FileHandler' driver.
CRITICAL - 2023-12-15 13:39:33 --> Undefined array key "teks"
in APPPATH\Views\Dasboards\masterview\masterview_profil.php on line 68.
 1 APPPATH\Views\Dasboards\masterview\masterview_profil.php(68): CodeIgniter\Debug\Exceptions->errorHandler(2, 'Undefined array key "teks"', 'C:\\xampp\\htdocs\\CI4\\app\\Views\\Dasboards\\masterview\\masterview_profil.php', 68)
 2 SYSTEMPATH\View\View.php(213): include('C:\\xampp\\htdocs\\CI4\\app\\Views\\Dasboards\\masterview\\masterview_profil.php')
 3 SYSTEMPATH\View\View.php(216): CodeIgniter\View\View->CodeIgniter\View\{closure}()
 4 SYSTEMPATH\Common.php(1184): CodeIgniter\View\View->render('Dasboards/masterview/masterview_profil', [], true)
 5 APPPATH\Controllers\MasterProfil.php(20): view('Dasboards/masterview/masterview_profil', [...])
 6 SYSTEMPATH\CodeIgniter.php(934): App\Controllers\MasterProfil->index()
 7 SYSTEMPATH\CodeIgniter.php(499): CodeIgniter\CodeIgniter->runController(Object(App\Controllers\MasterProfil))
 8 SYSTEMPATH\CodeIgniter.php(368): CodeIgniter\CodeIgniter->handleRequest(null, Object(Config\Cache), false)
 9 FCPATH\index.php(67): CodeIgniter\CodeIgniter->run()
10 SYSTEMPATH\Commands\Server\rewrite.php(47): require_once('C:\\xampp\\htdocs\\CI4\\public\\index.php')
CRITICAL - 2023-12-15 13:43:32 --> Too few arguments to function App\Models\M_Profil::getDataProfil(), 0 passed in C:\xampp\htdocs\CI4\app\Controllers\Pages.php on line 31 and exactly 1 expected
in APPPATH\Models\M_profil.php on line 14.
 1 APPPATH\Controllers\Pages.php(31): App\Models\M_Profil->getDataProfil()
 2 SYSTEMPATH\CodeIgniter.php(934): App\Controllers\Pages->profil()
 3 SYSTEMPATH\CodeIgniter.php(499): CodeIgniter\CodeIgniter->runController(Object(App\Controllers\Pages))
 4 SYSTEMPATH\CodeIgniter.php(368): CodeIgniter\CodeIgniter->handleRequest(null, Object(Config\Cache), false)
 5 FCPATH\index.php(67): CodeIgniter\CodeIgniter->run()
 6 SYSTEMPATH\Commands\Server\rewrite.php(47): require_once('C:\\xampp\\htdocs\\CI4\\public\\index.php')
CRITICAL - 2023-12-15 13:49:56 --> Too few arguments to function App\Controllers\Pages::profil(), 0 passed in C:\xampp\htdocs\CI4\system\CodeIgniter.php on line 934 and exactly 1 expected
in APPPATH\Controllers\Pages.php on line 28.
 1 SYSTEMPATH\CodeIgniter.php(934): App\Controllers\Pages->profil()
 2 SYSTEMPATH\CodeIgniter.php(499): CodeIgniter\CodeIgniter->runController(Object(App\Controllers\Pages))
 3 SYSTEMPATH\CodeIgniter.php(368): CodeIgniter\CodeIgniter->handleRequest(null, Object(Config\Cache), false)
 4 FCPATH\index.php(67): CodeIgniter\CodeIgniter->run()
 5 SYSTEMPATH\Commands\Server\rewrite.php(47): require_once('C:\\xampp\\htdocs\\CI4\\public\\index.php')
CRITICAL - 2023-12-15 13:51:14 --> Too few arguments to function App\Controllers\Pages::profil(), 0 passed in C:\xampp\htdocs\CI4\system\CodeIgniter.php on line 934 and exactly 1 expected
in APPPATH\Controllers\Pages.php on line 28.
 1 SYSTEMPATH\CodeIgniter.php(934): App\Controllers\Pages->profil()
 2 SYSTEMPATH\CodeIgniter.php(499): CodeIgniter\CodeIgniter->runController(Object(App\Controllers\Pages))
 3 SYSTEMPATH\CodeIgniter.php(368): CodeIgniter\CodeIgniter->handleRequest(null, Object(Config\Cache), false)
 4 FCPATH\index.php(67): CodeIgniter\CodeIgniter->run()
 5 SYSTEMPATH\Commands\Server\rewrite.php(47): require_once('C:\\xampp\\htdocs\\CI4\\public\\index.php')
CRITICAL - 2023-12-15 13:51:14 --> Too few arguments to function App\Controllers\Pages::profil(), 0 passed in C:\xampp\htdocs\CI4\system\CodeIgniter.php on line 934 and exactly 1 expected
in APPPATH\Controllers\Pages.php on line 28.
 1 SYSTEMPATH\CodeIgniter.php(934): App\Controllers\Pages->profil()
 2 SYSTEMPATH\CodeIgniter.php(499): CodeIgniter\CodeIgniter->runController(Object(App\Controllers\Pages))
 3 SYSTEMPATH\CodeIgniter.php(368): CodeIgniter\CodeIgniter->handleRequest(null, Object(Config\Cache), false)
 4 FCPATH\index.php(67): CodeIgniter\CodeIgniter->run()
 5 SYSTEMPATH\Commands\Server\rewrite.php(47): require_once('C:\\xampp\\htdocs\\CI4\\public\\index.php')
CRITICAL - 2023-12-15 13:51:19 --> Too few arguments to function App\Controllers\Pages::profil(), 0 passed in C:\xampp\htdocs\CI4\system\CodeIgniter.php on line 934 and exactly 1 expected
in APPPATH\Controllers\Pages.php on line 28.
 1 SYSTEMPATH\CodeIgniter.php(934): App\Controllers\Pages->profil()
 2 SYSTEMPATH\CodeIgniter.php(499): CodeIgniter\CodeIgniter->runController(Object(App\Controllers\Pages))
 3 SYSTEMPATH\CodeIgniter.php(368): CodeIgniter\CodeIgniter->handleRequest(null, Object(Config\Cache), false)
 4 FCPATH\index.php(67): CodeIgniter\CodeIgniter->run()
 5 SYSTEMPATH\Commands\Server\rewrite.php(47): require_once('C:\\xampp\\htdocs\\CI4\\public\\index.php')
CRITICAL - 2023-12-15 13:58:14 --> Too few arguments to function App\Models\M_Profil::getDataProfil(), 0 passed in C:\xampp\htdocs\CI4\app\Controllers\Pages.php on line 31 and exactly 1 expected
in APPPATH\Models\M_profil.php on line 14.
 1 APPPATH\Controllers\Pages.php(31): App\Models\M_Profil->getDataProfil()
 2 SYSTEMPATH\CodeIgniter.php(934): App\Controllers\Pages->profil()
 3 SYSTEMPATH\CodeIgniter.php(499): CodeIgniter\CodeIgniter->runController(Object(App\Controllers\Pages))
 4 SYSTEMPATH\CodeIgniter.php(368): CodeIgniter\CodeIgniter->handleRequest(null, Object(Config\Cache), false)
 5 FCPATH\index.php(67): CodeIgniter\CodeIgniter->run()
 6 SYSTEMPATH\Commands\Server\rewrite.php(47): require_once('C:\\xampp\\htdocs\\CI4\\public\\index.php')
INFO - 2023-12-15 13:58:17 --> Session: Class initialized using 'CodeIgniter\Session\Handlers\FileHandler' driver.
CRITICAL - 2023-12-15 13:58:29 --> Too few arguments to function App\Models\M_Profil::getDataProfil(), 0 passed in C:\xampp\htdocs\CI4\app\Controllers\Pages.php on line 31 and exactly 1 expected
in APPPATH\Models\M_profil.php on line 14.
 1 APPPATH\Controllers\Pages.php(31): App\Models\M_Profil->getDataProfil()
 2 SYSTEMPATH\CodeIgniter.php(934): App\Controllers\Pages->profil()
 3 SYSTEMPATH\CodeIgniter.php(499): CodeIgniter\CodeIgniter->runController(Object(App\Controllers\Pages))
 4 SYSTEMPATH\CodeIgniter.php(368): CodeIgniter\CodeIgniter->handleRequest(null, Object(Config\Cache), false)
 5 FCPATH\index.php(67): CodeIgniter\CodeIgniter->run()
 6 SYSTEMPATH\Commands\Server\rewrite.php(47): require_once('C:\\xampp\\htdocs\\CI4\\public\\index.php')
CRITICAL - 2023-12-15 14:03:54 --> Too few arguments to function App\Models\M_Profil::getDataProfil(), 0 passed in C:\xampp\htdocs\CI4\app\Controllers\Pages.php on line 31 and exactly 1 expected
in APPPATH\Models\M_profil.php on line 15.
 1 APPPATH\Controllers\Pages.php(31): App\Models\M_Profil->getDataProfil()
 2 SYSTEMPATH\CodeIgniter.php(934): App\Controllers\Pages->profil()
 3 SYSTEMPATH\CodeIgniter.php(499): CodeIgniter\CodeIgniter->runController(Object(App\Controllers\Pages))
 4 SYSTEMPATH\CodeIgniter.php(368): CodeIgniter\CodeIgniter->handleRequest(null, Object(Config\Cache), false)
 5 FCPATH\index.php(67): CodeIgniter\CodeIgniter->run()
 6 SYSTEMPATH\Commands\Server\rewrite.php(47): require_once('C:\\xampp\\htdocs\\CI4\\public\\index.php')
INFO - 2023-12-15 14:15:03 --> Session: Class initialized using 'CodeIgniter\Session\Handlers\FileHandler' driver.
INFO - 2023-12-15 14:15:05 --> Session: Class initialized using 'CodeIgniter\Session\Handlers\FileHandler' driver.
INFO - 2023-12-15 14:44:07 --> Session: Class initialized using 'CodeIgniter\Session\Handlers\FileHandler' driver.
