INFO - 2023-11-30 10:47:15 --> Session: Class initialized using 'CodeIgniter\Session\Handlers\FileHandler' driver.
CRITICAL - 2023-11-30 10:47:26 --> Undefined variable $data_client
in APPPATH\Views\Dasboards\masterpelanggan.php on line 53.
 1 APPPATH\Views\Dasboards\masterpelanggan.php(53): CodeIgniter\Debug\Exceptions->errorHandler(2, 'Undefined variable $data_client', 'C:\\xampp\\htdocs\\CI4\\app\\Views\\Dasboards\\masterpelanggan.php', 53)
 2 SYSTEMPATH\View\View.php(213): include('C:\\xampp\\htdocs\\CI4\\app\\Views\\Dasboards\\masterpelanggan.php')
 3 SYSTEMPATH\View\View.php(216): CodeIgniter\View\View->CodeIgniter\View\{closure}()
 4 SYSTEMPATH\Common.php(1184): CodeIgniter\View\View->render('Dasboards/masterpelanggan', [], true)
 5 APPPATH\Controllers\Template_dasboards.php(18): view('Dasboards/masterpelanggan')
 6 SYSTEMPATH\CodeIgniter.php(934): App\Controllers\Template_dasboards->masterpelanggan()
 7 SYSTEMPATH\CodeIgniter.php(499): CodeIgniter\CodeIgniter->runController(Object(App\Controllers\Template_dasboards))
 8 SYSTEMPATH\CodeIgniter.php(368): CodeIgniter\CodeIgniter->handleRequest(null, Object(Config\Cache), false)
 9 FCPATH\index.php(67): CodeIgniter\CodeIgniter->run()
10 SYSTEMPATH\Commands\Server\rewrite.php(47): require_once('C:\\xampp\\htdocs\\CI4\\public\\index.php')
CRITICAL - 2023-11-30 10:51:57 --> Undefined variable $data_client
in APPPATH\Views\Dasboards\masterpelanggan.php on line 53.
 1 APPPATH\Views\Dasboards\masterpelanggan.php(53): CodeIgniter\Debug\Exceptions->errorHandler(2, 'Undefined variable $data_client', 'C:\\xampp\\htdocs\\CI4\\app\\Views\\Dasboards\\masterpelanggan.php', 53)
 2 SYSTEMPATH\View\View.php(213): include('C:\\xampp\\htdocs\\CI4\\app\\Views\\Dasboards\\masterpelanggan.php')
 3 SYSTEMPATH\View\View.php(216): CodeIgniter\View\View->CodeIgniter\View\{closure}()
 4 SYSTEMPATH\Common.php(1184): CodeIgniter\View\View->render('Dasboards/masterpelanggan', [], true)
 5 APPPATH\Controllers\Template_dasboards.php(18): view('Dasboards/masterpelanggan')
 6 SYSTEMPATH\CodeIgniter.php(934): App\Controllers\Template_dasboards->masterpelanggan()
 7 SYSTEMPATH\CodeIgniter.php(499): CodeIgniter\CodeIgniter->runController(Object(App\Controllers\Template_dasboards))
 8 SYSTEMPATH\CodeIgniter.php(368): CodeIgniter\CodeIgniter->handleRequest(null, Object(Config\Cache), false)
 9 FCPATH\index.php(67): CodeIgniter\CodeIgniter->run()
10 SYSTEMPATH\Commands\Server\rewrite.php(47): require_once('C:\\xampp\\htdocs\\CI4\\public\\index.php')
CRITICAL - 2023-11-30 10:54:10 --> Undefined variable $data_client
in APPPATH\Views\Dasboards\masterpelanggan.php on line 53.
 1 APPPATH\Views\Dasboards\masterpelanggan.php(53): CodeIgniter\Debug\Exceptions->errorHandler(2, 'Undefined variable $data_client', 'C:\\xampp\\htdocs\\CI4\\app\\Views\\Dasboards\\masterpelanggan.php', 53)
 2 SYSTEMPATH\View\View.php(213): include('C:\\xampp\\htdocs\\CI4\\app\\Views\\Dasboards\\masterpelanggan.php')
 3 SYSTEMPATH\View\View.php(216): CodeIgniter\View\View->CodeIgniter\View\{closure}()
 4 SYSTEMPATH\Common.php(1184): CodeIgniter\View\View->render('Dasboards/masterpelanggan', [], true)
 5 APPPATH\Controllers\Template_dasboards.php(18): view('Dasboards/masterpelanggan')
 6 SYSTEMPATH\CodeIgniter.php(934): App\Controllers\Template_dasboards->masterpelanggan()
 7 SYSTEMPATH\CodeIgniter.php(499): CodeIgniter\CodeIgniter->runController(Object(App\Controllers\Template_dasboards))
 8 SYSTEMPATH\CodeIgniter.php(368): CodeIgniter\CodeIgniter->handleRequest(null, Object(Config\Cache), false)
 9 FCPATH\index.php(67): CodeIgniter\CodeIgniter->run()
10 SYSTEMPATH\Commands\Server\rewrite.php(47): require_once('C:\\xampp\\htdocs\\CI4\\public\\index.php')
CRITICAL - 2023-11-30 10:54:11 --> Undefined variable $data_client
in APPPATH\Views\Dasboards\masterpelanggan.php on line 53.
 1 APPPATH\Views\Dasboards\masterpelanggan.php(53): CodeIgniter\Debug\Exceptions->errorHandler(2, 'Undefined variable $data_client', 'C:\\xampp\\htdocs\\CI4\\app\\Views\\Dasboards\\masterpelanggan.php', 53)
 2 SYSTEMPATH\View\View.php(213): include('C:\\xampp\\htdocs\\CI4\\app\\Views\\Dasboards\\masterpelanggan.php')
 3 SYSTEMPATH\View\View.php(216): CodeIgniter\View\View->CodeIgniter\View\{closure}()
 4 SYSTEMPATH\Common.php(1184): CodeIgniter\View\View->render('Dasboards/masterpelanggan', [], true)
 5 APPPATH\Controllers\Template_dasboards.php(18): view('Dasboards/masterpelanggan')
 6 SYSTEMPATH\CodeIgniter.php(934): App\Controllers\Template_dasboards->masterpelanggan()
 7 SYSTEMPATH\CodeIgniter.php(499): CodeIgniter\CodeIgniter->runController(Object(App\Controllers\Template_dasboards))
 8 SYSTEMPATH\CodeIgniter.php(368): CodeIgniter\CodeIgniter->handleRequest(null, Object(Config\Cache), false)
 9 FCPATH\index.php(67): CodeIgniter\CodeIgniter->run()
10 SYSTEMPATH\Commands\Server\rewrite.php(47): require_once('C:\\xampp\\htdocs\\CI4\\public\\index.php')
CRITICAL - 2023-11-30 10:54:14 --> Undefined variable $data_client
in APPPATH\Views\Dasboards\masterpelanggan.php on line 53.
 1 APPPATH\Views\Dasboards\masterpelanggan.php(53): CodeIgniter\Debug\Exceptions->errorHandler(2, 'Undefined variable $data_client', 'C:\\xampp\\htdocs\\CI4\\app\\Views\\Dasboards\\masterpelanggan.php', 53)
 2 SYSTEMPATH\View\View.php(213): include('C:\\xampp\\htdocs\\CI4\\app\\Views\\Dasboards\\masterpelanggan.php')
 3 SYSTEMPATH\View\View.php(216): CodeIgniter\View\View->CodeIgniter\View\{closure}()
 4 SYSTEMPATH\Common.php(1184): CodeIgniter\View\View->render('Dasboards/masterpelanggan', [], true)
 5 APPPATH\Controllers\Template_dasboards.php(18): view('Dasboards/masterpelanggan')
 6 SYSTEMPATH\CodeIgniter.php(934): App\Controllers\Template_dasboards->masterpelanggan()
 7 SYSTEMPATH\CodeIgniter.php(499): CodeIgniter\CodeIgniter->runController(Object(App\Controllers\Template_dasboards))
 8 SYSTEMPATH\CodeIgniter.php(368): CodeIgniter\CodeIgniter->handleRequest(null, Object(Config\Cache), false)
 9 FCPATH\index.php(67): CodeIgniter\CodeIgniter->run()
10 SYSTEMPATH\Commands\Server\rewrite.php(47): require_once('C:\\xampp\\htdocs\\CI4\\public\\index.php')
INFO - 2023-11-30 10:55:20 --> Session: Class initialized using 'CodeIgniter\Session\Handlers\FileHandler' driver.
CRITICAL - 2023-11-30 10:55:24 --> Undefined variable $data_client
in APPPATH\Views\Dasboards\masterpelanggan.php on line 53.
 1 APPPATH\Views\Dasboards\masterpelanggan.php(53): CodeIgniter\Debug\Exceptions->errorHandler(2, 'Undefined variable $data_client', 'C:\\xampp\\htdocs\\CI4\\app\\Views\\Dasboards\\masterpelanggan.php', 53)
 2 SYSTEMPATH\View\View.php(213): include('C:\\xampp\\htdocs\\CI4\\app\\Views\\Dasboards\\masterpelanggan.php')
 3 SYSTEMPATH\View\View.php(216): CodeIgniter\View\View->CodeIgniter\View\{closure}()
 4 SYSTEMPATH\Common.php(1184): CodeIgniter\View\View->render('Dasboards/masterpelanggan', [], true)
 5 APPPATH\Controllers\Template_dasboards.php(18): view('Dasboards/masterpelanggan')
 6 SYSTEMPATH\CodeIgniter.php(934): App\Controllers\Template_dasboards->masterpelanggan()
 7 SYSTEMPATH\CodeIgniter.php(499): CodeIgniter\CodeIgniter->runController(Object(App\Controllers\Template_dasboards))
 8 SYSTEMPATH\CodeIgniter.php(368): CodeIgniter\CodeIgniter->handleRequest(null, Object(Config\Cache), false)
 9 FCPATH\index.php(67): CodeIgniter\CodeIgniter->run()
10 SYSTEMPATH\Commands\Server\rewrite.php(47): require_once('C:\\xampp\\htdocs\\CI4\\public\\index.php')
CRITICAL - 2023-11-30 10:59:56 --> Undefined variable $data_client
in APPPATH\Views\Dasboards\masterpelanggan.php on line 53.
 1 APPPATH\Views\Dasboards\masterpelanggan.php(53): CodeIgniter\Debug\Exceptions->errorHandler(2, 'Undefined variable $data_client', 'C:\\xampp\\htdocs\\CI4\\app\\Views\\Dasboards\\masterpelanggan.php', 53)
 2 SYSTEMPATH\View\View.php(213): include('C:\\xampp\\htdocs\\CI4\\app\\Views\\Dasboards\\masterpelanggan.php')
 3 SYSTEMPATH\View\View.php(216): CodeIgniter\View\View->CodeIgniter\View\{closure}()
 4 SYSTEMPATH\Common.php(1184): CodeIgniter\View\View->render('Dasboards/masterpelanggan', [], true)
 5 APPPATH\Controllers\Template_dasboards.php(18): view('Dasboards/masterpelanggan')
 6 SYSTEMPATH\CodeIgniter.php(934): App\Controllers\Template_dasboards->masterpelanggan()
 7 SYSTEMPATH\CodeIgniter.php(499): CodeIgniter\CodeIgniter->runController(Object(App\Controllers\Template_dasboards))
 8 SYSTEMPATH\CodeIgniter.php(368): CodeIgniter\CodeIgniter->handleRequest(null, Object(Config\Cache), false)
 9 FCPATH\index.php(67): CodeIgniter\CodeIgniter->run()
10 SYSTEMPATH\Commands\Server\rewrite.php(47): require_once('C:\\xampp\\htdocs\\CI4\\public\\index.php')
CRITICAL - 2023-11-30 10:59:57 --> Undefined variable $data_client
in APPPATH\Views\Dasboards\masterpelanggan.php on line 53.
 1 APPPATH\Views\Dasboards\masterpelanggan.php(53): CodeIgniter\Debug\Exceptions->errorHandler(2, 'Undefined variable $data_client', 'C:\\xampp\\htdocs\\CI4\\app\\Views\\Dasboards\\masterpelanggan.php', 53)
 2 SYSTEMPATH\View\View.php(213): include('C:\\xampp\\htdocs\\CI4\\app\\Views\\Dasboards\\masterpelanggan.php')
 3 SYSTEMPATH\View\View.php(216): CodeIgniter\View\View->CodeIgniter\View\{closure}()
 4 SYSTEMPATH\Common.php(1184): CodeIgniter\View\View->render('Dasboards/masterpelanggan', [], true)
 5 APPPATH\Controllers\Template_dasboards.php(18): view('Dasboards/masterpelanggan')
 6 SYSTEMPATH\CodeIgniter.php(934): App\Controllers\Template_dasboards->masterpelanggan()
 7 SYSTEMPATH\CodeIgniter.php(499): CodeIgniter\CodeIgniter->runController(Object(App\Controllers\Template_dasboards))
 8 SYSTEMPATH\CodeIgniter.php(368): CodeIgniter\CodeIgniter->handleRequest(null, Object(Config\Cache), false)
 9 FCPATH\index.php(67): CodeIgniter\CodeIgniter->run()
10 SYSTEMPATH\Commands\Server\rewrite.php(47): require_once('C:\\xampp\\htdocs\\CI4\\public\\index.php')
CRITICAL - 2023-11-30 11:01:46 --> Undefined variable $data_client
in APPPATH\Views\Dasboards\masterpelanggan.php on line 53.
 1 APPPATH\Views\Dasboards\masterpelanggan.php(53): CodeIgniter\Debug\Exceptions->errorHandler(2, 'Undefined variable $data_client', 'C:\\xampp\\htdocs\\CI4\\app\\Views\\Dasboards\\masterpelanggan.php', 53)
 2 SYSTEMPATH\View\View.php(213): include('C:\\xampp\\htdocs\\CI4\\app\\Views\\Dasboards\\masterpelanggan.php')
 3 SYSTEMPATH\View\View.php(216): CodeIgniter\View\View->CodeIgniter\View\{closure}()
 4 SYSTEMPATH\Common.php(1184): CodeIgniter\View\View->render('Dasboards/masterpelanggan', [], true)
 5 APPPATH\Controllers\Template_dasboards.php(18): view('Dasboards/masterpelanggan')
 6 SYSTEMPATH\CodeIgniter.php(934): App\Controllers\Template_dasboards->masterpelanggan()
 7 SYSTEMPATH\CodeIgniter.php(499): CodeIgniter\CodeIgniter->runController(Object(App\Controllers\Template_dasboards))
 8 SYSTEMPATH\CodeIgniter.php(368): CodeIgniter\CodeIgniter->handleRequest(null, Object(Config\Cache), false)
 9 FCPATH\index.php(67): CodeIgniter\CodeIgniter->run()
10 SYSTEMPATH\Commands\Server\rewrite.php(47): require_once('C:\\xampp\\htdocs\\CI4\\public\\index.php')
CRITICAL - 2023-11-30 11:01:47 --> Undefined variable $data_client
in APPPATH\Views\Dasboards\masterpelanggan.php on line 53.
 1 APPPATH\Views\Dasboards\masterpelanggan.php(53): CodeIgniter\Debug\Exceptions->errorHandler(2, 'Undefined variable $data_client', 'C:\\xampp\\htdocs\\CI4\\app\\Views\\Dasboards\\masterpelanggan.php', 53)
 2 SYSTEMPATH\View\View.php(213): include('C:\\xampp\\htdocs\\CI4\\app\\Views\\Dasboards\\masterpelanggan.php')
 3 SYSTEMPATH\View\View.php(216): CodeIgniter\View\View->CodeIgniter\View\{closure}()
 4 SYSTEMPATH\Common.php(1184): CodeIgniter\View\View->render('Dasboards/masterpelanggan', [], true)
 5 APPPATH\Controllers\Template_dasboards.php(18): view('Dasboards/masterpelanggan')
 6 SYSTEMPATH\CodeIgniter.php(934): App\Controllers\Template_dasboards->masterpelanggan()
 7 SYSTEMPATH\CodeIgniter.php(499): CodeIgniter\CodeIgniter->runController(Object(App\Controllers\Template_dasboards))
 8 SYSTEMPATH\CodeIgniter.php(368): CodeIgniter\CodeIgniter->handleRequest(null, Object(Config\Cache), false)
 9 FCPATH\index.php(67): CodeIgniter\CodeIgniter->run()
10 SYSTEMPATH\Commands\Server\rewrite.php(47): require_once('C:\\xampp\\htdocs\\CI4\\public\\index.php')
CRITICAL - 2023-11-30 11:03:44 --> Undefined variable $data_client
in APPPATH\Views\Dasboards\masterpelanggan.php on line 53.
 1 APPPATH\Views\Dasboards\masterpelanggan.php(53): CodeIgniter\Debug\Exceptions->errorHandler(2, 'Undefined variable $data_client', 'C:\\xampp\\htdocs\\CI4\\app\\Views\\Dasboards\\masterpelanggan.php', 53)
 2 SYSTEMPATH\View\View.php(213): include('C:\\xampp\\htdocs\\CI4\\app\\Views\\Dasboards\\masterpelanggan.php')
 3 SYSTEMPATH\View\View.php(216): CodeIgniter\View\View->CodeIgniter\View\{closure}()
 4 SYSTEMPATH\Common.php(1184): CodeIgniter\View\View->render('Dasboards/masterpelanggan', [], true)
 5 APPPATH\Controllers\Template_dasboards.php(18): view('Dasboards/masterpelanggan')
 6 SYSTEMPATH\CodeIgniter.php(934): App\Controllers\Template_dasboards->masterpelanggan()
 7 SYSTEMPATH\CodeIgniter.php(499): CodeIgniter\CodeIgniter->runController(Object(App\Controllers\Template_dasboards))
 8 SYSTEMPATH\CodeIgniter.php(368): CodeIgniter\CodeIgniter->handleRequest(null, Object(Config\Cache), false)
 9 FCPATH\index.php(67): CodeIgniter\CodeIgniter->run()
10 SYSTEMPATH\Commands\Server\rewrite.php(47): require_once('C:\\xampp\\htdocs\\CI4\\public\\index.php')
CRITICAL - 2023-11-30 11:03:45 --> Undefined variable $data_client
in APPPATH\Views\Dasboards\masterpelanggan.php on line 53.
 1 APPPATH\Views\Dasboards\masterpelanggan.php(53): CodeIgniter\Debug\Exceptions->errorHandler(2, 'Undefined variable $data_client', 'C:\\xampp\\htdocs\\CI4\\app\\Views\\Dasboards\\masterpelanggan.php', 53)
 2 SYSTEMPATH\View\View.php(213): include('C:\\xampp\\htdocs\\CI4\\app\\Views\\Dasboards\\masterpelanggan.php')
 3 SYSTEMPATH\View\View.php(216): CodeIgniter\View\View->CodeIgniter\View\{closure}()
 4 SYSTEMPATH\Common.php(1184): CodeIgniter\View\View->render('Dasboards/masterpelanggan', [], true)
 5 APPPATH\Controllers\Template_dasboards.php(18): view('Dasboards/masterpelanggan')
 6 SYSTEMPATH\CodeIgniter.php(934): App\Controllers\Template_dasboards->masterpelanggan()
 7 SYSTEMPATH\CodeIgniter.php(499): CodeIgniter\CodeIgniter->runController(Object(App\Controllers\Template_dasboards))
 8 SYSTEMPATH\CodeIgniter.php(368): CodeIgniter\CodeIgniter->handleRequest(null, Object(Config\Cache), false)
 9 FCPATH\index.php(67): CodeIgniter\CodeIgniter->run()
10 SYSTEMPATH\Commands\Server\rewrite.php(47): require_once('C:\\xampp\\htdocs\\CI4\\public\\index.php')
CRITICAL - 2023-11-30 11:03:46 --> Undefined variable $data_client
in APPPATH\Views\Dasboards\masterpelanggan.php on line 53.
 1 APPPATH\Views\Dasboards\masterpelanggan.php(53): CodeIgniter\Debug\Exceptions->errorHandler(2, 'Undefined variable $data_client', 'C:\\xampp\\htdocs\\CI4\\app\\Views\\Dasboards\\masterpelanggan.php', 53)
 2 SYSTEMPATH\View\View.php(213): include('C:\\xampp\\htdocs\\CI4\\app\\Views\\Dasboards\\masterpelanggan.php')
 3 SYSTEMPATH\View\View.php(216): CodeIgniter\View\View->CodeIgniter\View\{closure}()
 4 SYSTEMPATH\Common.php(1184): CodeIgniter\View\View->render('Dasboards/masterpelanggan', [], true)
 5 APPPATH\Controllers\Template_dasboards.php(18): view('Dasboards/masterpelanggan')
 6 SYSTEMPATH\CodeIgniter.php(934): App\Controllers\Template_dasboards->masterpelanggan()
 7 SYSTEMPATH\CodeIgniter.php(499): CodeIgniter\CodeIgniter->runController(Object(App\Controllers\Template_dasboards))
 8 SYSTEMPATH\CodeIgniter.php(368): CodeIgniter\CodeIgniter->handleRequest(null, Object(Config\Cache), false)
 9 FCPATH\index.php(67): CodeIgniter\CodeIgniter->run()
10 SYSTEMPATH\Commands\Server\rewrite.php(47): require_once('C:\\xampp\\htdocs\\CI4\\public\\index.php')
CRITICAL - 2023-11-30 11:03:46 --> Undefined variable $data_client
in APPPATH\Views\Dasboards\masterpelanggan.php on line 53.
 1 APPPATH\Views\Dasboards\masterpelanggan.php(53): CodeIgniter\Debug\Exceptions->errorHandler(2, 'Undefined variable $data_client', 'C:\\xampp\\htdocs\\CI4\\app\\Views\\Dasboards\\masterpelanggan.php', 53)
 2 SYSTEMPATH\View\View.php(213): include('C:\\xampp\\htdocs\\CI4\\app\\Views\\Dasboards\\masterpelanggan.php')
 3 SYSTEMPATH\View\View.php(216): CodeIgniter\View\View->CodeIgniter\View\{closure}()
 4 SYSTEMPATH\Common.php(1184): CodeIgniter\View\View->render('Dasboards/masterpelanggan', [], true)
 5 APPPATH\Controllers\Template_dasboards.php(18): view('Dasboards/masterpelanggan')
 6 SYSTEMPATH\CodeIgniter.php(934): App\Controllers\Template_dasboards->masterpelanggan()
 7 SYSTEMPATH\CodeIgniter.php(499): CodeIgniter\CodeIgniter->runController(Object(App\Controllers\Template_dasboards))
 8 SYSTEMPATH\CodeIgniter.php(368): CodeIgniter\CodeIgniter->handleRequest(null, Object(Config\Cache), false)
 9 FCPATH\index.php(67): CodeIgniter\CodeIgniter->run()
10 SYSTEMPATH\Commands\Server\rewrite.php(47): require_once('C:\\xampp\\htdocs\\CI4\\public\\index.php')
INFO - 2023-11-30 11:04:40 --> Session: Class initialized using 'CodeIgniter\Session\Handlers\FileHandler' driver.
INFO - 2023-11-30 11:04:42 --> Session: Class initialized using 'CodeIgniter\Session\Handlers\FileHandler' driver.
CRITICAL - 2023-11-30 11:04:50 --> Undefined variable $data_client
in APPPATH\Views\Dasboards\masterpelanggan.php on line 53.
 1 APPPATH\Views\Dasboards\masterpelanggan.php(53): CodeIgniter\Debug\Exceptions->errorHandler(2, 'Undefined variable $data_client', 'C:\\xampp\\htdocs\\CI4\\app\\Views\\Dasboards\\masterpelanggan.php', 53)
 2 SYSTEMPATH\View\View.php(213): include('C:\\xampp\\htdocs\\CI4\\app\\Views\\Dasboards\\masterpelanggan.php')
 3 SYSTEMPATH\View\View.php(216): CodeIgniter\View\View->CodeIgniter\View\{closure}()
 4 SYSTEMPATH\Common.php(1184): CodeIgniter\View\View->render('Dasboards/masterpelanggan', [], true)
 5 APPPATH\Controllers\Template_dasboards.php(18): view('Dasboards/masterpelanggan')
 6 SYSTEMPATH\CodeIgniter.php(934): App\Controllers\Template_dasboards->masterpelanggan()
 7 SYSTEMPATH\CodeIgniter.php(499): CodeIgniter\CodeIgniter->runController(Object(App\Controllers\Template_dasboards))
 8 SYSTEMPATH\CodeIgniter.php(368): CodeIgniter\CodeIgniter->handleRequest(null, Object(Config\Cache), false)
 9 FCPATH\index.php(67): CodeIgniter\CodeIgniter->run()
10 SYSTEMPATH\Commands\Server\rewrite.php(47): require_once('C:\\xampp\\htdocs\\CI4\\public\\index.php')
CRITICAL - 2023-11-30 11:05:04 --> Undefined variable $data_client
in APPPATH\Views\Dasboards\masterpelanggan.php on line 53.
 1 APPPATH\Views\Dasboards\masterpelanggan.php(53): CodeIgniter\Debug\Exceptions->errorHandler(2, 'Undefined variable $data_client', 'C:\\xampp\\htdocs\\CI4\\app\\Views\\Dasboards\\masterpelanggan.php', 53)
 2 SYSTEMPATH\View\View.php(213): include('C:\\xampp\\htdocs\\CI4\\app\\Views\\Dasboards\\masterpelanggan.php')
 3 SYSTEMPATH\View\View.php(216): CodeIgniter\View\View->CodeIgniter\View\{closure}()
 4 SYSTEMPATH\Common.php(1184): CodeIgniter\View\View->render('Dasboards/masterpelanggan', [], true)
 5 APPPATH\Controllers\Template_dasboards.php(18): view('Dasboards/masterpelanggan')
 6 SYSTEMPATH\CodeIgniter.php(934): App\Controllers\Template_dasboards->masterpelanggan()
 7 SYSTEMPATH\CodeIgniter.php(499): CodeIgniter\CodeIgniter->runController(Object(App\Controllers\Template_dasboards))
 8 SYSTEMPATH\CodeIgniter.php(368): CodeIgniter\CodeIgniter->handleRequest(null, Object(Config\Cache), false)
 9 FCPATH\index.php(67): CodeIgniter\CodeIgniter->run()
10 SYSTEMPATH\Commands\Server\rewrite.php(47): require_once('C:\\xampp\\htdocs\\CI4\\public\\index.php')
CRITICAL - 2023-11-30 11:06:14 --> Undefined variable $data_client
in APPPATH\Views\Dasboards\masterpelanggan.php on line 53.
 1 APPPATH\Views\Dasboards\masterpelanggan.php(53): CodeIgniter\Debug\Exceptions->errorHandler(2, 'Undefined variable $data_client', 'C:\\xampp\\htdocs\\CI4\\app\\Views\\Dasboards\\masterpelanggan.php', 53)
 2 SYSTEMPATH\View\View.php(213): include('C:\\xampp\\htdocs\\CI4\\app\\Views\\Dasboards\\masterpelanggan.php')
 3 SYSTEMPATH\View\View.php(216): CodeIgniter\View\View->CodeIgniter\View\{closure}()
 4 SYSTEMPATH\Common.php(1184): CodeIgniter\View\View->render('Dasboards/masterpelanggan', [], true)
 5 APPPATH\Controllers\Template_dasboards.php(18): view('Dasboards/masterpelanggan')
 6 SYSTEMPATH\CodeIgniter.php(934): App\Controllers\Template_dasboards->masterpelanggan()
 7 SYSTEMPATH\CodeIgniter.php(499): CodeIgniter\CodeIgniter->runController(Object(App\Controllers\Template_dasboards))
 8 SYSTEMPATH\CodeIgniter.php(368): CodeIgniter\CodeIgniter->handleRequest(null, Object(Config\Cache), false)
 9 FCPATH\index.php(67): CodeIgniter\CodeIgniter->run()
10 SYSTEMPATH\Commands\Server\rewrite.php(47): require_once('C:\\xampp\\htdocs\\CI4\\public\\index.php')
CRITICAL - 2023-11-30 11:08:36 --> Undefined variable $data_client
in APPPATH\Views\Dasboards\masterpelanggan.php on line 53.
 1 APPPATH\Views\Dasboards\masterpelanggan.php(53): CodeIgniter\Debug\Exceptions->errorHandler(2, 'Undefined variable $data_client', 'C:\\xampp\\htdocs\\CI4\\app\\Views\\Dasboards\\masterpelanggan.php', 53)
 2 SYSTEMPATH\View\View.php(213): include('C:\\xampp\\htdocs\\CI4\\app\\Views\\Dasboards\\masterpelanggan.php')
 3 SYSTEMPATH\View\View.php(216): CodeIgniter\View\View->CodeIgniter\View\{closure}()
 4 SYSTEMPATH\Common.php(1184): CodeIgniter\View\View->render('Dasboards/masterpelanggan', [], true)
 5 APPPATH\Controllers\Template_dasboards.php(18): view('Dasboards/masterpelanggan')
 6 SYSTEMPATH\CodeIgniter.php(934): App\Controllers\Template_dasboards->masterpelanggan()
 7 SYSTEMPATH\CodeIgniter.php(499): CodeIgniter\CodeIgniter->runController(Object(App\Controllers\Template_dasboards))
 8 SYSTEMPATH\CodeIgniter.php(368): CodeIgniter\CodeIgniter->handleRequest(null, Object(Config\Cache), false)
 9 FCPATH\index.php(67): CodeIgniter\CodeIgniter->run()
10 SYSTEMPATH\Commands\Server\rewrite.php(47): require_once('C:\\xampp\\htdocs\\CI4\\public\\index.php')
CRITICAL - 2023-11-30 11:08:38 --> Undefined variable $data_client
in APPPATH\Views\Dasboards\masterpelanggan.php on line 53.
 1 APPPATH\Views\Dasboards\masterpelanggan.php(53): CodeIgniter\Debug\Exceptions->errorHandler(2, 'Undefined variable $data_client', 'C:\\xampp\\htdocs\\CI4\\app\\Views\\Dasboards\\masterpelanggan.php', 53)
 2 SYSTEMPATH\View\View.php(213): include('C:\\xampp\\htdocs\\CI4\\app\\Views\\Dasboards\\masterpelanggan.php')
 3 SYSTEMPATH\View\View.php(216): CodeIgniter\View\View->CodeIgniter\View\{closure}()
 4 SYSTEMPATH\Common.php(1184): CodeIgniter\View\View->render('Dasboards/masterpelanggan', [], true)
 5 APPPATH\Controllers\Template_dasboards.php(18): view('Dasboards/masterpelanggan')
 6 SYSTEMPATH\CodeIgniter.php(934): App\Controllers\Template_dasboards->masterpelanggan()
 7 SYSTEMPATH\CodeIgniter.php(499): CodeIgniter\CodeIgniter->runController(Object(App\Controllers\Template_dasboards))
 8 SYSTEMPATH\CodeIgniter.php(368): CodeIgniter\CodeIgniter->handleRequest(null, Object(Config\Cache), false)
 9 FCPATH\index.php(67): CodeIgniter\CodeIgniter->run()
10 SYSTEMPATH\Commands\Server\rewrite.php(47): require_once('C:\\xampp\\htdocs\\CI4\\public\\index.php')
CRITICAL - 2023-11-30 11:09:25 --> Undefined variable $data_client
in APPPATH\Views\Dasboards\masterpelanggan.php on line 53.
 1 APPPATH\Views\Dasboards\masterpelanggan.php(53): CodeIgniter\Debug\Exceptions->errorHandler(2, 'Undefined variable $data_client', 'C:\\xampp\\htdocs\\CI4\\app\\Views\\Dasboards\\masterpelanggan.php', 53)
 2 SYSTEMPATH\View\View.php(213): include('C:\\xampp\\htdocs\\CI4\\app\\Views\\Dasboards\\masterpelanggan.php')
 3 SYSTEMPATH\View\View.php(216): CodeIgniter\View\View->CodeIgniter\View\{closure}()
 4 SYSTEMPATH\Common.php(1184): CodeIgniter\View\View->render('Dasboards/masterpelanggan', [], true)
 5 APPPATH\Controllers\Template_dasboards.php(18): view('Dasboards/masterpelanggan')
 6 SYSTEMPATH\CodeIgniter.php(934): App\Controllers\Template_dasboards->masterpelanggan()
 7 SYSTEMPATH\CodeIgniter.php(499): CodeIgniter\CodeIgniter->runController(Object(App\Controllers\Template_dasboards))
 8 SYSTEMPATH\CodeIgniter.php(368): CodeIgniter\CodeIgniter->handleRequest(null, Object(Config\Cache), false)
 9 FCPATH\index.php(67): CodeIgniter\CodeIgniter->run()
10 SYSTEMPATH\Commands\Server\rewrite.php(47): require_once('C:\\xampp\\htdocs\\CI4\\public\\index.php')
CRITICAL - 2023-11-30 11:11:03 --> Undefined variable $data_client
in APPPATH\Views\Dasboards\masterpelanggan.php on line 53.
 1 APPPATH\Views\Dasboards\masterpelanggan.php(53): CodeIgniter\Debug\Exceptions->errorHandler(2, 'Undefined variable $data_client', 'C:\\xampp\\htdocs\\CI4\\app\\Views\\Dasboards\\masterpelanggan.php', 53)
 2 SYSTEMPATH\View\View.php(213): include('C:\\xampp\\htdocs\\CI4\\app\\Views\\Dasboards\\masterpelanggan.php')
 3 SYSTEMPATH\View\View.php(216): CodeIgniter\View\View->CodeIgniter\View\{closure}()
 4 SYSTEMPATH\Common.php(1184): CodeIgniter\View\View->render('Dasboards/masterpelanggan', [], true)
 5 APPPATH\Controllers\Template_dasboards.php(18): view('Dasboards/masterpelanggan')
 6 SYSTEMPATH\CodeIgniter.php(934): App\Controllers\Template_dasboards->masterpelanggan()
 7 SYSTEMPATH\CodeIgniter.php(499): CodeIgniter\CodeIgniter->runController(Object(App\Controllers\Template_dasboards))
 8 SYSTEMPATH\CodeIgniter.php(368): CodeIgniter\CodeIgniter->handleRequest(null, Object(Config\Cache), false)
 9 FCPATH\index.php(67): CodeIgniter\CodeIgniter->run()
10 SYSTEMPATH\Commands\Server\rewrite.php(47): require_once('C:\\xampp\\htdocs\\CI4\\public\\index.php')
CRITICAL - 2023-11-30 11:11:04 --> Undefined variable $data_client
in APPPATH\Views\Dasboards\masterpelanggan.php on line 53.
 1 APPPATH\Views\Dasboards\masterpelanggan.php(53): CodeIgniter\Debug\Exceptions->errorHandler(2, 'Undefined variable $data_client', 'C:\\xampp\\htdocs\\CI4\\app\\Views\\Dasboards\\masterpelanggan.php', 53)
 2 SYSTEMPATH\View\View.php(213): include('C:\\xampp\\htdocs\\CI4\\app\\Views\\Dasboards\\masterpelanggan.php')
 3 SYSTEMPATH\View\View.php(216): CodeIgniter\View\View->CodeIgniter\View\{closure}()
 4 SYSTEMPATH\Common.php(1184): CodeIgniter\View\View->render('Dasboards/masterpelanggan', [], true)
 5 APPPATH\Controllers\Template_dasboards.php(18): view('Dasboards/masterpelanggan')
 6 SYSTEMPATH\CodeIgniter.php(934): App\Controllers\Template_dasboards->masterpelanggan()
 7 SYSTEMPATH\CodeIgniter.php(499): CodeIgniter\CodeIgniter->runController(Object(App\Controllers\Template_dasboards))
 8 SYSTEMPATH\CodeIgniter.php(368): CodeIgniter\CodeIgniter->handleRequest(null, Object(Config\Cache), false)
 9 FCPATH\index.php(67): CodeIgniter\CodeIgniter->run()
10 SYSTEMPATH\Commands\Server\rewrite.php(47): require_once('C:\\xampp\\htdocs\\CI4\\public\\index.php')
CRITICAL - 2023-11-30 11:25:10 --> Undefined variable $data_client
in APPPATH\Views\Dasboards\masterpelanggan.php on line 53.
 1 APPPATH\Views\Dasboards\masterpelanggan.php(53): CodeIgniter\Debug\Exceptions->errorHandler(2, 'Undefined variable $data_client', 'C:\\xampp\\htdocs\\CI4\\app\\Views\\Dasboards\\masterpelanggan.php', 53)
 2 SYSTEMPATH\View\View.php(213): include('C:\\xampp\\htdocs\\CI4\\app\\Views\\Dasboards\\masterpelanggan.php')
 3 SYSTEMPATH\View\View.php(216): CodeIgniter\View\View->CodeIgniter\View\{closure}()
 4 SYSTEMPATH\Common.php(1184): CodeIgniter\View\View->render('Dasboards/masterpelanggan', [], true)
 5 APPPATH\Controllers\Template_dasboards.php(18): view('Dasboards/masterpelanggan')
 6 SYSTEMPATH\CodeIgniter.php(934): App\Controllers\Template_dasboards->masterpelanggan()
 7 SYSTEMPATH\CodeIgniter.php(499): CodeIgniter\CodeIgniter->runController(Object(App\Controllers\Template_dasboards))
 8 SYSTEMPATH\CodeIgniter.php(368): CodeIgniter\CodeIgniter->handleRequest(null, Object(Config\Cache), false)
 9 FCPATH\index.php(67): CodeIgniter\CodeIgniter->run()
10 SYSTEMPATH\Commands\Server\rewrite.php(47): require_once('C:\\xampp\\htdocs\\CI4\\public\\index.php')
CRITICAL - 2023-11-30 11:34:03 --> Undefined variable $data_client
in APPPATH\Views\Dasboards\masterpelanggan.php on line 53.
 1 APPPATH\Views\Dasboards\masterpelanggan.php(53): CodeIgniter\Debug\Exceptions->errorHandler(2, 'Undefined variable $data_client', 'C:\\xampp\\htdocs\\CI4\\app\\Views\\Dasboards\\masterpelanggan.php', 53)
 2 SYSTEMPATH\View\View.php(213): include('C:\\xampp\\htdocs\\CI4\\app\\Views\\Dasboards\\masterpelanggan.php')
 3 SYSTEMPATH\View\View.php(216): CodeIgniter\View\View->CodeIgniter\View\{closure}()
 4 SYSTEMPATH\Common.php(1184): CodeIgniter\View\View->render('Dasboards/masterpelanggan', [], true)
 5 APPPATH\Controllers\Template_dasboards.php(18): view('Dasboards/masterpelanggan')
 6 SYSTEMPATH\CodeIgniter.php(934): App\Controllers\Template_dasboards->masterpelanggan()
 7 SYSTEMPATH\CodeIgniter.php(499): CodeIgniter\CodeIgniter->runController(Object(App\Controllers\Template_dasboards))
 8 SYSTEMPATH\CodeIgniter.php(368): CodeIgniter\CodeIgniter->handleRequest(null, Object(Config\Cache), false)
 9 FCPATH\index.php(67): CodeIgniter\CodeIgniter->run()
10 SYSTEMPATH\Commands\Server\rewrite.php(47): require_once('C:\\xampp\\htdocs\\CI4\\public\\index.php')
CRITICAL - 2023-11-30 13:44:19 --> Undefined variable $data_client
in APPPATH\Views\Dasboards\masterpelanggan.php on line 53.
 1 APPPATH\Views\Dasboards\masterpelanggan.php(53): CodeIgniter\Debug\Exceptions->errorHandler(2, 'Undefined variable $data_client', 'C:\\xampp\\htdocs\\CI4\\app\\Views\\Dasboards\\masterpelanggan.php', 53)
 2 SYSTEMPATH\View\View.php(213): include('C:\\xampp\\htdocs\\CI4\\app\\Views\\Dasboards\\masterpelanggan.php')
 3 SYSTEMPATH\View\View.php(216): CodeIgniter\View\View->CodeIgniter\View\{closure}()
 4 SYSTEMPATH\Common.php(1184): CodeIgniter\View\View->render('Dasboards/masterpelanggan', [], true)
 5 APPPATH\Controllers\Template_dasboards.php(18): view('Dasboards/masterpelanggan')
 6 SYSTEMPATH\CodeIgniter.php(934): App\Controllers\Template_dasboards->masterpelanggan()
 7 SYSTEMPATH\CodeIgniter.php(499): CodeIgniter\CodeIgniter->runController(Object(App\Controllers\Template_dasboards))
 8 SYSTEMPATH\CodeIgniter.php(368): CodeIgniter\CodeIgniter->handleRequest(null, Object(Config\Cache), false)
 9 FCPATH\index.php(67): CodeIgniter\CodeIgniter->run()
10 SYSTEMPATH\Commands\Server\rewrite.php(47): require_once('C:\\xampp\\htdocs\\CI4\\public\\index.php')
CRITICAL - 2023-11-30 13:44:20 --> Undefined variable $data_client
in APPPATH\Views\Dasboards\masterpelanggan.php on line 53.
 1 APPPATH\Views\Dasboards\masterpelanggan.php(53): CodeIgniter\Debug\Exceptions->errorHandler(2, 'Undefined variable $data_client', 'C:\\xampp\\htdocs\\CI4\\app\\Views\\Dasboards\\masterpelanggan.php', 53)
 2 SYSTEMPATH\View\View.php(213): include('C:\\xampp\\htdocs\\CI4\\app\\Views\\Dasboards\\masterpelanggan.php')
 3 SYSTEMPATH\View\View.php(216): CodeIgniter\View\View->CodeIgniter\View\{closure}()
 4 SYSTEMPATH\Common.php(1184): CodeIgniter\View\View->render('Dasboards/masterpelanggan', [], true)
 5 APPPATH\Controllers\Template_dasboards.php(18): view('Dasboards/masterpelanggan')
 6 SYSTEMPATH\CodeIgniter.php(934): App\Controllers\Template_dasboards->masterpelanggan()
 7 SYSTEMPATH\CodeIgniter.php(499): CodeIgniter\CodeIgniter->runController(Object(App\Controllers\Template_dasboards))
 8 SYSTEMPATH\CodeIgniter.php(368): CodeIgniter\CodeIgniter->handleRequest(null, Object(Config\Cache), false)
 9 FCPATH\index.php(67): CodeIgniter\CodeIgniter->run()
10 SYSTEMPATH\Commands\Server\rewrite.php(47): require_once('C:\\xampp\\htdocs\\CI4\\public\\index.php')
CRITICAL - 2023-11-30 13:44:23 --> Undefined variable $data_client
in APPPATH\Views\Dasboards\masterpelanggan.php on line 53.
 1 APPPATH\Views\Dasboards\masterpelanggan.php(53): CodeIgniter\Debug\Exceptions->errorHandler(2, 'Undefined variable $data_client', 'C:\\xampp\\htdocs\\CI4\\app\\Views\\Dasboards\\masterpelanggan.php', 53)
 2 SYSTEMPATH\View\View.php(213): include('C:\\xampp\\htdocs\\CI4\\app\\Views\\Dasboards\\masterpelanggan.php')
 3 SYSTEMPATH\View\View.php(216): CodeIgniter\View\View->CodeIgniter\View\{closure}()
 4 SYSTEMPATH\Common.php(1184): CodeIgniter\View\View->render('Dasboards/masterpelanggan', [], true)
 5 APPPATH\Controllers\Template_dasboards.php(18): view('Dasboards/masterpelanggan')
 6 SYSTEMPATH\CodeIgniter.php(934): App\Controllers\Template_dasboards->masterpelanggan()
 7 SYSTEMPATH\CodeIgniter.php(499): CodeIgniter\CodeIgniter->runController(Object(App\Controllers\Template_dasboards))
 8 SYSTEMPATH\CodeIgniter.php(368): CodeIgniter\CodeIgniter->handleRequest(null, Object(Config\Cache), false)
 9 FCPATH\index.php(67): CodeIgniter\CodeIgniter->run()
10 SYSTEMPATH\Commands\Server\rewrite.php(47): require_once('C:\\xampp\\htdocs\\CI4\\public\\index.php')
CRITICAL - 2023-11-30 13:44:30 --> Undefined variable $data_client
in APPPATH\Views\Dasboards\masterpelanggan.php on line 53.
 1 APPPATH\Views\Dasboards\masterpelanggan.php(53): CodeIgniter\Debug\Exceptions->errorHandler(2, 'Undefined variable $data_client', 'C:\\xampp\\htdocs\\CI4\\app\\Views\\Dasboards\\masterpelanggan.php', 53)
 2 SYSTEMPATH\View\View.php(213): include('C:\\xampp\\htdocs\\CI4\\app\\Views\\Dasboards\\masterpelanggan.php')
 3 SYSTEMPATH\View\View.php(216): CodeIgniter\View\View->CodeIgniter\View\{closure}()
 4 SYSTEMPATH\Common.php(1184): CodeIgniter\View\View->render('Dasboards/masterpelanggan', [], true)
 5 APPPATH\Controllers\Template_dasboards.php(18): view('Dasboards/masterpelanggan')
 6 SYSTEMPATH\CodeIgniter.php(934): App\Controllers\Template_dasboards->masterpelanggan()
 7 SYSTEMPATH\CodeIgniter.php(499): CodeIgniter\CodeIgniter->runController(Object(App\Controllers\Template_dasboards))
 8 SYSTEMPATH\CodeIgniter.php(368): CodeIgniter\CodeIgniter->handleRequest(null, Object(Config\Cache), false)
 9 FCPATH\index.php(67): CodeIgniter\CodeIgniter->run()
10 SYSTEMPATH\Commands\Server\rewrite.php(47): require_once('C:\\xampp\\htdocs\\CI4\\public\\index.php')
CRITICAL - 2023-11-30 13:45:32 --> Undefined variable $data_client
in APPPATH\Views\Dasboards\masterpelanggan.php on line 53.
 1 APPPATH\Views\Dasboards\masterpelanggan.php(53): CodeIgniter\Debug\Exceptions->errorHandler(2, 'Undefined variable $data_client', 'C:\\xampp\\htdocs\\CI4\\app\\Views\\Dasboards\\masterpelanggan.php', 53)
 2 SYSTEMPATH\View\View.php(213): include('C:\\xampp\\htdocs\\CI4\\app\\Views\\Dasboards\\masterpelanggan.php')
 3 SYSTEMPATH\View\View.php(216): CodeIgniter\View\View->CodeIgniter\View\{closure}()
 4 SYSTEMPATH\Common.php(1184): CodeIgniter\View\View->render('Dasboards/masterpelanggan', [], true)
 5 APPPATH\Controllers\Template_dasboards.php(18): view('Dasboards/masterpelanggan')
 6 SYSTEMPATH\CodeIgniter.php(934): App\Controllers\Template_dasboards->masterpelanggan()
 7 SYSTEMPATH\CodeIgniter.php(499): CodeIgniter\CodeIgniter->runController(Object(App\Controllers\Template_dasboards))
 8 SYSTEMPATH\CodeIgniter.php(368): CodeIgniter\CodeIgniter->handleRequest(null, Object(Config\Cache), false)
 9 FCPATH\index.php(67): CodeIgniter\CodeIgniter->run()
10 SYSTEMPATH\Commands\Server\rewrite.php(47): require_once('C:\\xampp\\htdocs\\CI4\\public\\index.php')
