ERROR - 2023-10-20 06:40:36 --> Error connecting to the database: mysqli_sql_exception: No connection could be made because the target machine actively refused it in C:\xampp\htdocs\CI4\system\Database\MySQLi\Connection.php:173
Stack trace:
#0 C:\xampp\htdocs\CI4\system\Database\MySQLi\Connection.php(173): mysqli->real_connect('localhost', 'root', Object(SensitiveParameterValue), 'dbrental', 3306, '', 0)
#1 C:\xampp\htdocs\CI4\system\Database\BaseConnection.php(391): CodeIgniter\Database\MySQLi\Connection->connect(false)
#2 C:\xampp\htdocs\CI4\system\Database\BaseConnection.php(574): CodeIgniter\Database\BaseConnection->initialize()
#3 C:\xampp\htdocs\CI4\system\Database\BaseBuilder.php(1616): CodeIgniter\Database\BaseConnection->query('SELECT *\nFROM `...', Array, false)
#4 C:\xampp\htdocs\CI4\system\Model.php(241): CodeIgniter\Database\BaseBuilder->get()
#5 C:\xampp\htdocs\CI4\system\BaseModel.php(618): CodeIgniter\Model->doFindAll(0, 0)
#6 C:\xampp\htdocs\CI4\app\Models\M_home.php(16): CodeIgniter\BaseModel->findAll()
#7 C:\xampp\htdocs\CI4\app\Controllers\Pages.php(17): App\Models\M_Home->getDataMobil()
#8 C:\xampp\htdocs\CI4\system\CodeIgniter.php(934): App\Controllers\Pages->index()
#9 C:\xampp\htdocs\CI4\system\CodeIgniter.php(499): CodeIgniter\CodeIgniter->runController(Object(App\Controllers\Pages))
#10 C:\xampp\htdocs\CI4\system\CodeIgniter.php(368): CodeIgniter\CodeIgniter->handleRequest(NULL, Object(Config\Cache), false)
#11 C:\xampp\htdocs\CI4\public\index.php(67): CodeIgniter\CodeIgniter->run()
#12 C:\xampp\htdocs\CI4\system\Commands\Server\rewrite.php(47): require_once('C:\\xampp\\htdocs...')
#13 {main}

Next CodeIgniter\Database\Exceptions\DatabaseException: No connection could be made because the target machine actively refused it in C:\xampp\htdocs\CI4\system\Database\MySQLi\Connection.php:218
Stack trace:
#0 C:\xampp\htdocs\CI4\system\Database\BaseConnection.php(391): CodeIgniter\Database\MySQLi\Connection->connect(false)
#1 C:\xampp\htdocs\CI4\system\Database\BaseConnection.php(574): CodeIgniter\Database\BaseConnection->initialize()
#2 C:\xampp\htdocs\CI4\system\Database\BaseBuilder.php(1616): CodeIgniter\Database\BaseConnection->query('SELECT *\nFROM `...', Array, false)
#3 C:\xampp\htdocs\CI4\system\Model.php(241): CodeIgniter\Database\BaseBuilder->get()
#4 C:\xampp\htdocs\CI4\system\BaseModel.php(618): CodeIgniter\Model->doFindAll(0, 0)
#5 C:\xampp\htdocs\CI4\app\Models\M_home.php(16): CodeIgniter\BaseModel->findAll()
#6 C:\xampp\htdocs\CI4\app\Controllers\Pages.php(17): App\Models\M_Home->getDataMobil()
#7 C:\xampp\htdocs\CI4\system\CodeIgniter.php(934): App\Controllers\Pages->index()
#8 C:\xampp\htdocs\CI4\system\CodeIgniter.php(499): CodeIgniter\CodeIgniter->runController(Object(App\Controllers\Pages))
#9 C:\xampp\htdocs\CI4\system\CodeIgniter.php(368): CodeIgniter\CodeIgniter->handleRequest(NULL, Object(Config\Cache), false)
#10 C:\xampp\htdocs\CI4\public\index.php(67): CodeIgniter\CodeIgniter->run()
#11 C:\xampp\htdocs\CI4\system\Commands\Server\rewrite.php(47): require_once('C:\\xampp\\htdocs...')
#12 {main}
CRITICAL - 2023-10-20 06:40:36 --> Unable to connect to the database.
Main connection [MySQLi]: No connection could be made because the target machine actively refused it
in SYSTEMPATH\Database\BaseConnection.php on line 427.
 1 SYSTEMPATH\Database\BaseConnection.php(574): CodeIgniter\Database\BaseConnection->initialize()
 2 SYSTEMPATH\Database\BaseBuilder.php(1616): CodeIgniter\Database\BaseConnection->query('SELECT *
FROM `data_mobil`', [], false)
 3 SYSTEMPATH\Model.php(241): CodeIgniter\Database\BaseBuilder->get()
 4 SYSTEMPATH\BaseModel.php(618): CodeIgniter\Model->doFindAll(0, 0)
 5 APPPATH\Models\M_home.php(16): CodeIgniter\BaseModel->findAll()
 6 APPPATH\Controllers\Pages.php(17): App\Models\M_Home->getDataMobil()
 7 SYSTEMPATH\CodeIgniter.php(934): App\Controllers\Pages->index()
 8 SYSTEMPATH\CodeIgniter.php(499): CodeIgniter\CodeIgniter->runController(Object(App\Controllers\Pages))
 9 SYSTEMPATH\CodeIgniter.php(368): CodeIgniter\CodeIgniter->handleRequest(null, Object(Config\Cache), false)
10 FCPATH\index.php(67): CodeIgniter\CodeIgniter->run()
11 SYSTEMPATH\Commands\Server\rewrite.php(47): require_once('C:\\xampp\\htdocs\\CI4\\public\\index.php')
INFO - 2023-10-20 06:41:41 --> Session: Class initialized using 'CodeIgniter\Session\Handlers\FileHandler' driver.
CRITICAL - 2023-10-20 06:51:35 --> syntax error, unexpected double-quoted string ">Ubah</a>", expecting "," or ";"
in APPPATH\Views\Dasboards\mastermobil.php on line 74.
 1 SYSTEMPATH\View\View.php(216): CodeIgniter\View\View->CodeIgniter\View\{closure}()
 2 SYSTEMPATH\Common.php(1184): CodeIgniter\View\View->render('Dasboards/mastermobil', [], true)
 3 APPPATH\Controllers\MasterMobil.php(14): view('Dasboards/mastermobil', [...])
 4 SYSTEMPATH\CodeIgniter.php(934): App\Controllers\MasterMobil->index()
 5 SYSTEMPATH\CodeIgniter.php(499): CodeIgniter\CodeIgniter->runController(Object(App\Controllers\MasterMobil))
 6 SYSTEMPATH\CodeIgniter.php(368): CodeIgniter\CodeIgniter->handleRequest(null, Object(Config\Cache), false)
 7 FCPATH\index.php(67): CodeIgniter\CodeIgniter->run()
 8 SYSTEMPATH\Commands\Server\rewrite.php(47): require_once('C:\\xampp\\htdocs\\CI4\\public\\index.php')
CRITICAL - 2023-10-20 06:53:00 --> Undefined array key "id"
in APPPATH\Views\Dasboards\mastermobil.php on line 71.
 1 APPPATH\Views\Dasboards\mastermobil.php(71): CodeIgniter\Debug\Exceptions->errorHandler(2, 'Undefined array key "id"', 'C:\\xampp\\htdocs\\CI4\\app\\Views\\Dasboards\\mastermobil.php', 71)
 2 SYSTEMPATH\View\View.php(213): include('C:\\xampp\\htdocs\\CI4\\app\\Views\\Dasboards\\mastermobil.php')
 3 SYSTEMPATH\View\View.php(216): CodeIgniter\View\View->CodeIgniter\View\{closure}()
 4 SYSTEMPATH\Common.php(1184): CodeIgniter\View\View->render('Dasboards/mastermobil', [], true)
 5 APPPATH\Controllers\MasterMobil.php(14): view('Dasboards/mastermobil', [...])
 6 SYSTEMPATH\CodeIgniter.php(934): App\Controllers\MasterMobil->index()
 7 SYSTEMPATH\CodeIgniter.php(499): CodeIgniter\CodeIgniter->runController(Object(App\Controllers\MasterMobil))
 8 SYSTEMPATH\CodeIgniter.php(368): CodeIgniter\CodeIgniter->handleRequest(null, Object(Config\Cache), false)
 9 FCPATH\index.php(67): CodeIgniter\CodeIgniter->run()
10 SYSTEMPATH\Commands\Server\rewrite.php(47): require_once('C:\\xampp\\htdocs\\CI4\\public\\index.php')
CRITICAL - 2023-10-20 06:54:35 --> Undefined array key "id"
in APPPATH\Views\Dasboards\mastermobil.php on line 71.
 1 APPPATH\Views\Dasboards\mastermobil.php(71): CodeIgniter\Debug\Exceptions->errorHandler(2, 'Undefined array key "id"', 'C:\\xampp\\htdocs\\CI4\\app\\Views\\Dasboards\\mastermobil.php', 71)
 2 SYSTEMPATH\View\View.php(213): include('C:\\xampp\\htdocs\\CI4\\app\\Views\\Dasboards\\mastermobil.php')
 3 SYSTEMPATH\View\View.php(216): CodeIgniter\View\View->CodeIgniter\View\{closure}()
 4 SYSTEMPATH\Common.php(1184): CodeIgniter\View\View->render('Dasboards/mastermobil', [], true)
 5 APPPATH\Controllers\MasterMobil.php(14): view('Dasboards/mastermobil', [...])
 6 SYSTEMPATH\CodeIgniter.php(934): App\Controllers\MasterMobil->index()
 7 SYSTEMPATH\CodeIgniter.php(499): CodeIgniter\CodeIgniter->runController(Object(App\Controllers\MasterMobil))
 8 SYSTEMPATH\CodeIgniter.php(368): CodeIgniter\CodeIgniter->handleRequest(null, Object(Config\Cache), false)
 9 FCPATH\index.php(67): CodeIgniter\CodeIgniter->run()
10 SYSTEMPATH\Commands\Server\rewrite.php(47): require_once('C:\\xampp\\htdocs\\CI4\\public\\index.php')
CRITICAL - 2023-10-20 06:54:36 --> Undefined array key "id"
in APPPATH\Views\Dasboards\mastermobil.php on line 71.
 1 APPPATH\Views\Dasboards\mastermobil.php(71): CodeIgniter\Debug\Exceptions->errorHandler(2, 'Undefined array key "id"', 'C:\\xampp\\htdocs\\CI4\\app\\Views\\Dasboards\\mastermobil.php', 71)
 2 SYSTEMPATH\View\View.php(213): include('C:\\xampp\\htdocs\\CI4\\app\\Views\\Dasboards\\mastermobil.php')
 3 SYSTEMPATH\View\View.php(216): CodeIgniter\View\View->CodeIgniter\View\{closure}()
 4 SYSTEMPATH\Common.php(1184): CodeIgniter\View\View->render('Dasboards/mastermobil', [], true)
 5 APPPATH\Controllers\MasterMobil.php(14): view('Dasboards/mastermobil', [...])
 6 SYSTEMPATH\CodeIgniter.php(934): App\Controllers\MasterMobil->index()
 7 SYSTEMPATH\CodeIgniter.php(499): CodeIgniter\CodeIgniter->runController(Object(App\Controllers\MasterMobil))
 8 SYSTEMPATH\CodeIgniter.php(368): CodeIgniter\CodeIgniter->handleRequest(null, Object(Config\Cache), false)
 9 FCPATH\index.php(67): CodeIgniter\CodeIgniter->run()
10 SYSTEMPATH\Commands\Server\rewrite.php(47): require_once('C:\\xampp\\htdocs\\CI4\\public\\index.php')
CRITICAL - 2023-10-20 06:57:34 --> Undefined array key "tambahmobil"
in APPPATH\Views\Dasboards\mastermobil.php on line 252.
 1 APPPATH\Views\Dasboards\mastermobil.php(252): CodeIgniter\Debug\Exceptions->errorHandler(2, 'Undefined array key "tambahmobil"', 'C:\\xampp\\htdocs\\CI4\\app\\Views\\Dasboards\\mastermobil.php', 252)
 2 SYSTEMPATH\View\View.php(213): include('C:\\xampp\\htdocs\\CI4\\app\\Views\\Dasboards\\mastermobil.php')
 3 SYSTEMPATH\View\View.php(216): CodeIgniter\View\View->CodeIgniter\View\{closure}()
 4 SYSTEMPATH\Common.php(1184): CodeIgniter\View\View->render('Dasboards/mastermobil', [], true)
 5 APPPATH\Controllers\MasterMobil.php(14): view('Dasboards/mastermobil', [...])
 6 SYSTEMPATH\CodeIgniter.php(934): App\Controllers\MasterMobil->index()
 7 SYSTEMPATH\CodeIgniter.php(499): CodeIgniter\CodeIgniter->runController(Object(App\Controllers\MasterMobil))
 8 SYSTEMPATH\CodeIgniter.php(368): CodeIgniter\CodeIgniter->handleRequest(null, Object(Config\Cache), false)
 9 FCPATH\index.php(67): CodeIgniter\CodeIgniter->run()
10 SYSTEMPATH\Commands\Server\rewrite.php(47): require_once('C:\\xampp\\htdocs\\CI4\\public\\index.php')
CRITICAL - 2023-10-20 07:11:09 --> Undefined array key "id=ubahdatamobil"
in APPPATH\Views\Dasboards\mastermobil.php on line 71.
 1 APPPATH\Views\Dasboards\mastermobil.php(71): CodeIgniter\Debug\Exceptions->errorHandler(2, 'Undefined array key "id=ubahdatamobil"', 'C:\\xampp\\htdocs\\CI4\\app\\Views\\Dasboards\\mastermobil.php', 71)
 2 SYSTEMPATH\View\View.php(213): include('C:\\xampp\\htdocs\\CI4\\app\\Views\\Dasboards\\mastermobil.php')
 3 SYSTEMPATH\View\View.php(216): CodeIgniter\View\View->CodeIgniter\View\{closure}()
 4 SYSTEMPATH\Common.php(1184): CodeIgniter\View\View->render('Dasboards/mastermobil', [], true)
 5 APPPATH\Controllers\MasterMobil.php(14): view('Dasboards/mastermobil', [...])
 6 SYSTEMPATH\CodeIgniter.php(934): App\Controllers\MasterMobil->index()
 7 SYSTEMPATH\CodeIgniter.php(499): CodeIgniter\CodeIgniter->runController(Object(App\Controllers\MasterMobil))
 8 SYSTEMPATH\CodeIgniter.php(368): CodeIgniter\CodeIgniter->handleRequest(null, Object(Config\Cache), false)
 9 FCPATH\index.php(67): CodeIgniter\CodeIgniter->run()
10 SYSTEMPATH\Commands\Server\rewrite.php(47): require_once('C:\\xampp\\htdocs\\CI4\\public\\index.php')
CRITICAL - 2023-10-20 07:13:15 --> Undefined array key "id"
in APPPATH\Views\Dasboards\mastermobil.php on line 71.
 1 APPPATH\Views\Dasboards\mastermobil.php(71): CodeIgniter\Debug\Exceptions->errorHandler(2, 'Undefined array key "id"', 'C:\\xampp\\htdocs\\CI4\\app\\Views\\Dasboards\\mastermobil.php', 71)
 2 SYSTEMPATH\View\View.php(213): include('C:\\xampp\\htdocs\\CI4\\app\\Views\\Dasboards\\mastermobil.php')
 3 SYSTEMPATH\View\View.php(216): CodeIgniter\View\View->CodeIgniter\View\{closure}()
 4 SYSTEMPATH\Common.php(1184): CodeIgniter\View\View->render('Dasboards/mastermobil', [], true)
 5 APPPATH\Controllers\MasterMobil.php(14): view('Dasboards/mastermobil', [...])
 6 SYSTEMPATH\CodeIgniter.php(934): App\Controllers\MasterMobil->index()
 7 SYSTEMPATH\CodeIgniter.php(499): CodeIgniter\CodeIgniter->runController(Object(App\Controllers\MasterMobil))
 8 SYSTEMPATH\CodeIgniter.php(368): CodeIgniter\CodeIgniter->handleRequest(null, Object(Config\Cache), false)
 9 FCPATH\index.php(67): CodeIgniter\CodeIgniter->run()
10 SYSTEMPATH\Commands\Server\rewrite.php(47): require_once('C:\\xampp\\htdocs\\CI4\\public\\index.php')
CRITICAL - 2023-10-20 07:21:29 --> Undefined variable $key
in APPPATH\Views\Dasboards\mastermobil.php on line 71.
 1 APPPATH\Views\Dasboards\mastermobil.php(71): CodeIgniter\Debug\Exceptions->errorHandler(2, 'Undefined variable $key', 'C:\\xampp\\htdocs\\CI4\\app\\Views\\Dasboards\\mastermobil.php', 71)
 2 SYSTEMPATH\View\View.php(213): include('C:\\xampp\\htdocs\\CI4\\app\\Views\\Dasboards\\mastermobil.php')
 3 SYSTEMPATH\View\View.php(216): CodeIgniter\View\View->CodeIgniter\View\{closure}()
 4 SYSTEMPATH\Common.php(1184): CodeIgniter\View\View->render('Dasboards/mastermobil', [], true)
 5 APPPATH\Controllers\MasterMobil.php(14): view('Dasboards/mastermobil', [...])
 6 SYSTEMPATH\CodeIgniter.php(934): App\Controllers\MasterMobil->index()
 7 SYSTEMPATH\CodeIgniter.php(499): CodeIgniter\CodeIgniter->runController(Object(App\Controllers\MasterMobil))
 8 SYSTEMPATH\CodeIgniter.php(368): CodeIgniter\CodeIgniter->handleRequest(null, Object(Config\Cache), false)
 9 FCPATH\index.php(67): CodeIgniter\CodeIgniter->run()
10 SYSTEMPATH\Commands\Server\rewrite.php(47): require_once('C:\\xampp\\htdocs\\CI4\\public\\index.php')
CRITICAL - 2023-10-20 07:22:37 --> Trying to access array offset on value of type int
in APPPATH\Views\Dasboards\mastermobil.php on line 59.
 1 APPPATH\Views\Dasboards\mastermobil.php(59): CodeIgniter\Debug\Exceptions->errorHandler(2, 'Trying to access array offset on value of type int', 'C:\\xampp\\htdocs\\CI4\\app\\Views\\Dasboards\\mastermobil.php', 59)
 2 SYSTEMPATH\View\View.php(213): include('C:\\xampp\\htdocs\\CI4\\app\\Views\\Dasboards\\mastermobil.php')
 3 SYSTEMPATH\View\View.php(216): CodeIgniter\View\View->CodeIgniter\View\{closure}()
 4 SYSTEMPATH\Common.php(1184): CodeIgniter\View\View->render('Dasboards/mastermobil', [], true)
 5 APPPATH\Controllers\MasterMobil.php(14): view('Dasboards/mastermobil', [...])
 6 SYSTEMPATH\CodeIgniter.php(934): App\Controllers\MasterMobil->index()
 7 SYSTEMPATH\CodeIgniter.php(499): CodeIgniter\CodeIgniter->runController(Object(App\Controllers\MasterMobil))
 8 SYSTEMPATH\CodeIgniter.php(368): CodeIgniter\CodeIgniter->handleRequest(null, Object(Config\Cache), false)
 9 FCPATH\index.php(67): CodeIgniter\CodeIgniter->run()
10 SYSTEMPATH\Commands\Server\rewrite.php(47): require_once('C:\\xampp\\htdocs\\CI4\\public\\index.php')
CRITICAL - 2023-10-20 07:23:10 --> Undefined variable $mobils
in APPPATH\Views\Dasboards\mastermobil.php on line 59.
 1 APPPATH\Views\Dasboards\mastermobil.php(59): CodeIgniter\Debug\Exceptions->errorHandler(2, 'Undefined variable $mobils', 'C:\\xampp\\htdocs\\CI4\\app\\Views\\Dasboards\\mastermobil.php', 59)
 2 SYSTEMPATH\View\View.php(213): include('C:\\xampp\\htdocs\\CI4\\app\\Views\\Dasboards\\mastermobil.php')
 3 SYSTEMPATH\View\View.php(216): CodeIgniter\View\View->CodeIgniter\View\{closure}()
 4 SYSTEMPATH\Common.php(1184): CodeIgniter\View\View->render('Dasboards/mastermobil', [], true)
 5 APPPATH\Controllers\MasterMobil.php(14): view('Dasboards/mastermobil', [...])
 6 SYSTEMPATH\CodeIgniter.php(934): App\Controllers\MasterMobil->index()
 7 SYSTEMPATH\CodeIgniter.php(499): CodeIgniter\CodeIgniter->runController(Object(App\Controllers\MasterMobil))
 8 SYSTEMPATH\CodeIgniter.php(368): CodeIgniter\CodeIgniter->handleRequest(null, Object(Config\Cache), false)
 9 FCPATH\index.php(67): CodeIgniter\CodeIgniter->run()
10 SYSTEMPATH\Commands\Server\rewrite.php(47): require_once('C:\\xampp\\htdocs\\CI4\\public\\index.php')
CRITICAL - 2023-10-20 07:23:11 --> Undefined variable $mobils
in APPPATH\Views\Dasboards\mastermobil.php on line 59.
 1 APPPATH\Views\Dasboards\mastermobil.php(59): CodeIgniter\Debug\Exceptions->errorHandler(2, 'Undefined variable $mobils', 'C:\\xampp\\htdocs\\CI4\\app\\Views\\Dasboards\\mastermobil.php', 59)
 2 SYSTEMPATH\View\View.php(213): include('C:\\xampp\\htdocs\\CI4\\app\\Views\\Dasboards\\mastermobil.php')
 3 SYSTEMPATH\View\View.php(216): CodeIgniter\View\View->CodeIgniter\View\{closure}()
 4 SYSTEMPATH\Common.php(1184): CodeIgniter\View\View->render('Dasboards/mastermobil', [], true)
 5 APPPATH\Controllers\MasterMobil.php(14): view('Dasboards/mastermobil', [...])
 6 SYSTEMPATH\CodeIgniter.php(934): App\Controllers\MasterMobil->index()
 7 SYSTEMPATH\CodeIgniter.php(499): CodeIgniter\CodeIgniter->runController(Object(App\Controllers\MasterMobil))
 8 SYSTEMPATH\CodeIgniter.php(368): CodeIgniter\CodeIgniter->handleRequest(null, Object(Config\Cache), false)
 9 FCPATH\index.php(67): CodeIgniter\CodeIgniter->run()
10 SYSTEMPATH\Commands\Server\rewrite.php(47): require_once('C:\\xampp\\htdocs\\CI4\\public\\index.php')
