CRITICAL - 2023-12-26 15:15:28 --> Undefined variable $loggedIn
in APPPATH\Views\Pages\home1.php on line 124.
 1 APPPATH\Views\Pages\home1.php(124): CodeIgniter\Debug\Exceptions->errorHandler(2, 'Undefined variable $loggedIn', 'C:\\xampp\\htdocs\\CI4\\app\\Views\\Pages\\home1.php', 124)
 2 SYSTEMPATH\View\View.php(213): include('C:\\xampp\\htdocs\\CI4\\app\\Views\\Pages\\home1.php')
 3 SYSTEMPATH\View\View.php(216): CodeIgniter\View\View->CodeIgniter\View\{closure}()
 4 SYSTEMPATH\Common.php(1184): CodeIgniter\View\View->render('Pages/home1', [], true)
 5 APPPATH\Controllers\Pages.php(18): view('Pages/home1', [...])
 6 SYSTEMPATH\CodeIgniter.php(934): App\Controllers\Pages->index()
 7 SYSTEMPATH\CodeIgniter.php(499): CodeIgniter\CodeIgniter->runController(Object(App\Controllers\Pages))
 8 SYSTEMPATH\CodeIgniter.php(368): CodeIgniter\CodeIgniter->handleRequest(null, Object(Config\Cache), false)
 9 FCPATH\index.php(67): CodeIgniter\CodeIgniter->run()
10 SYSTEMPATH\Commands\Server\rewrite.php(47): require_once('C:\\xampp\\htdocs\\CI4\\public\\index.php')
CRITICAL - 2023-12-26 15:16:11 --> Undefined variable $login
in APPPATH\Views\Pages\home1.php on line 124.
 1 APPPATH\Views\Pages\home1.php(124): CodeIgniter\Debug\Exceptions->errorHandler(2, 'Undefined variable $login', 'C:\\xampp\\htdocs\\CI4\\app\\Views\\Pages\\home1.php', 124)
 2 SYSTEMPATH\View\View.php(213): include('C:\\xampp\\htdocs\\CI4\\app\\Views\\Pages\\home1.php')
 3 SYSTEMPATH\View\View.php(216): CodeIgniter\View\View->CodeIgniter\View\{closure}()
 4 SYSTEMPATH\Common.php(1184): CodeIgniter\View\View->render('Pages/home1', [], true)
 5 APPPATH\Controllers\Pages.php(18): view('Pages/home1', [...])
 6 SYSTEMPATH\CodeIgniter.php(934): App\Controllers\Pages->index()
 7 SYSTEMPATH\CodeIgniter.php(499): CodeIgniter\CodeIgniter->runController(Object(App\Controllers\Pages))
 8 SYSTEMPATH\CodeIgniter.php(368): CodeIgniter\CodeIgniter->handleRequest(null, Object(Config\Cache), false)
 9 FCPATH\index.php(67): CodeIgniter\CodeIgniter->run()
10 SYSTEMPATH\Commands\Server\rewrite.php(47): require_once('C:\\xampp\\htdocs\\CI4\\public\\index.php')
CRITICAL - 2023-12-26 15:16:29 --> Undefined variable $loggedIn
in APPPATH\Views\Pages\home1.php on line 124.
 1 APPPATH\Views\Pages\home1.php(124): CodeIgniter\Debug\Exceptions->errorHandler(2, 'Undefined variable $loggedIn', 'C:\\xampp\\htdocs\\CI4\\app\\Views\\Pages\\home1.php', 124)
 2 SYSTEMPATH\View\View.php(213): include('C:\\xampp\\htdocs\\CI4\\app\\Views\\Pages\\home1.php')
 3 SYSTEMPATH\View\View.php(216): CodeIgniter\View\View->CodeIgniter\View\{closure}()
 4 SYSTEMPATH\Common.php(1184): CodeIgniter\View\View->render('Pages/home1', [], true)
 5 APPPATH\Controllers\Pages.php(18): view('Pages/home1', [...])
 6 SYSTEMPATH\CodeIgniter.php(934): App\Controllers\Pages->index()
 7 SYSTEMPATH\CodeIgniter.php(499): CodeIgniter\CodeIgniter->runController(Object(App\Controllers\Pages))
 8 SYSTEMPATH\CodeIgniter.php(368): CodeIgniter\CodeIgniter->handleRequest(null, Object(Config\Cache), false)
 9 FCPATH\index.php(67): CodeIgniter\CodeIgniter->run()
10 SYSTEMPATH\Commands\Server\rewrite.php(47): require_once('C:\\xampp\\htdocs\\CI4\\public\\index.php')
INFO - 2023-12-26 15:18:34 --> Session: Class initialized using 'CodeIgniter\Session\Handlers\FileHandler' driver.
INFO - 2023-12-26 15:20:16 --> Session: Class initialized using 'CodeIgniter\Session\Handlers\FileHandler' driver.
