CRITICAL - 2023-07-14 01:18:45 --> Invalid file: "Pages/header.php"
in SYSTEMPATH\Exceptions\FrameworkException.php on line 33.
 1 SYSTEMPATH\View\View.php(201): CodeIgniter\Exceptions\FrameworkException::forInvalidFile('Pages/header.php')
 2 SYSTEMPATH\Common.php(1184): CodeIgniter\View\View->render('Pages/header', [], true)
 3 APPPATH\Controllers\Pages.php(35): view('Pages/header')
 4 SYSTEMPATH\CodeIgniter.php(934): App\Controllers\Pages->index()
 5 SYSTEMPATH\CodeIgniter.php(499): CodeIgniter\CodeIgniter->runController(Object(App\Controllers\Pages))
 6 SYSTEMPATH\CodeIgniter.php(368): CodeIgniter\CodeIgniter->handleRequest(null, Object(Config\Cache), false)
 7 FCPATH\index.php(67): CodeIgniter\CodeIgniter->run()
 8 SYSTEMPATH\Commands\Server\rewrite.php(47): require_once('C:\\xampp\\htdocs\\CI4\\public\\index.php')
CRITICAL - 2023-07-14 01:45:49 --> Call to undefined function link_tag()
in APPPATH\Views\Templates\header.php on line 7.
 1 SYSTEMPATH\View\View.php(213): include()
 2 SYSTEMPATH\View\View.php(216): CodeIgniter\View\View->CodeIgniter\View\{closure}()
 3 SYSTEMPATH\Common.php(1184): CodeIgniter\View\View->render('Templates/header', [], true)
 4 APPPATH\Controllers\Pages.php(35): view('Templates/header')
 5 SYSTEMPATH\CodeIgniter.php(934): App\Controllers\Pages->index()
 6 SYSTEMPATH\CodeIgniter.php(499): CodeIgniter\CodeIgniter->runController(Object(App\Controllers\Pages))
 7 SYSTEMPATH\CodeIgniter.php(368): CodeIgniter\CodeIgniter->handleRequest(null, Object(Config\Cache), false)
 8 FCPATH\index.php(67): CodeIgniter\CodeIgniter->run()
 9 SYSTEMPATH\Commands\Server\rewrite.php(47): require_once('C:\\xampp\\htdocs\\CI4\\public\\index.php')
CRITICAL - 2023-07-14 01:46:43 --> Call to undefined function link_tag()
in APPPATH\Views\Templates\header.php on line 7.
 1 SYSTEMPATH\View\View.php(213): include()
 2 SYSTEMPATH\View\View.php(216): CodeIgniter\View\View->CodeIgniter\View\{closure}()
 3 SYSTEMPATH\Common.php(1184): CodeIgniter\View\View->render('Templates/header', [], true)
 4 APPPATH\Controllers\Pages.php(35): view('Templates/header')
 5 SYSTEMPATH\CodeIgniter.php(934): App\Controllers\Pages->index()
 6 SYSTEMPATH\CodeIgniter.php(499): CodeIgniter\CodeIgniter->runController(Object(App\Controllers\Pages))
 7 SYSTEMPATH\CodeIgniter.php(368): CodeIgniter\CodeIgniter->handleRequest(null, Object(Config\Cache), false)
 8 FCPATH\index.php(67): CodeIgniter\CodeIgniter->run()
 9 SYSTEMPATH\Commands\Server\rewrite.php(47): require_once('C:\\xampp\\htdocs\\CI4\\public\\index.php')
CRITICAL - 2023-07-14 01:52:18 --> include(Assets/style.css): Failed to open stream: No such file or directory
in APPPATH\Views\Templates\header.php on line 7.
 1 APPPATH\Views\Templates\header.php(7): CodeIgniter\Debug\Exceptions->errorHandler(2, 'include(Assets/style.css): Failed to open stream: No such file or directory', 'C:\\xampp\\htdocs\\CI4\\app\\Views\\Templates\\header.php', 7)
 2 APPPATH\Views\Templates\header.php(7): include()
 3 SYSTEMPATH\View\View.php(213): include('C:\\xampp\\htdocs\\CI4\\app\\Views\\Templates\\header.php')
 4 SYSTEMPATH\View\View.php(216): CodeIgniter\View\View->CodeIgniter\View\{closure}()
 5 SYSTEMPATH\Common.php(1184): CodeIgniter\View\View->render('Templates/header', [], true)
 6 APPPATH\Controllers\Pages.php(35): view('Templates/header')
 7 SYSTEMPATH\CodeIgniter.php(934): App\Controllers\Pages->index()
 8 SYSTEMPATH\CodeIgniter.php(499): CodeIgniter\CodeIgniter->runController(Object(App\Controllers\Pages))
 9 SYSTEMPATH\CodeIgniter.php(368): CodeIgniter\CodeIgniter->handleRequest(null, Object(Config\Cache), false)
10 FCPATH\index.php(67): CodeIgniter\CodeIgniter->run()
11 SYSTEMPATH\Commands\Server\rewrite.php(47): require_once('C:\\xampp\\htdocs\\CI4\\public\\index.php')
CRITICAL - 2023-07-14 01:52:52 --> include(Assets/style.css): Failed to open stream: No such file or directory
in APPPATH\Views\Templates\header.php on line 7.
 1 APPPATH\Views\Templates\header.php(7): CodeIgniter\Debug\Exceptions->errorHandler(2, 'include(Assets/style.css): Failed to open stream: No such file or directory', 'C:\\xampp\\htdocs\\CI4\\app\\Views\\Templates\\header.php', 7)
 2 APPPATH\Views\Templates\header.php(7): include()
 3 SYSTEMPATH\View\View.php(213): include('C:\\xampp\\htdocs\\CI4\\app\\Views\\Templates\\header.php')
 4 SYSTEMPATH\View\View.php(216): CodeIgniter\View\View->CodeIgniter\View\{closure}()
 5 SYSTEMPATH\Common.php(1184): CodeIgniter\View\View->render('Templates/header', [], true)
 6 APPPATH\Controllers\Pages.php(35): view('Templates/header')
 7 SYSTEMPATH\CodeIgniter.php(934): App\Controllers\Pages->index()
 8 SYSTEMPATH\CodeIgniter.php(499): CodeIgniter\CodeIgniter->runController(Object(App\Controllers\Pages))
 9 SYSTEMPATH\CodeIgniter.php(368): CodeIgniter\CodeIgniter->handleRequest(null, Object(Config\Cache), false)
10 FCPATH\index.php(67): CodeIgniter\CodeIgniter->run()
11 SYSTEMPATH\Commands\Server\rewrite.php(47): require_once('C:\\xampp\\htdocs\\CI4\\public\\index.php')
CRITICAL - 2023-07-14 01:53:37 --> include(./Assets/style.css): Failed to open stream: No such file or directory
in APPPATH\Views\Templates\header.php on line 7.
 1 APPPATH\Views\Templates\header.php(7): CodeIgniter\Debug\Exceptions->errorHandler(2, 'include(./Assets/style.css): Failed to open stream: No such file or directory', 'C:\\xampp\\htdocs\\CI4\\app\\Views\\Templates\\header.php', 7)
 2 APPPATH\Views\Templates\header.php(7): include()
 3 SYSTEMPATH\View\View.php(213): include('C:\\xampp\\htdocs\\CI4\\app\\Views\\Templates\\header.php')
 4 SYSTEMPATH\View\View.php(216): CodeIgniter\View\View->CodeIgniter\View\{closure}()
 5 SYSTEMPATH\Common.php(1184): CodeIgniter\View\View->render('Templates/header', [], true)
 6 APPPATH\Controllers\Pages.php(35): view('Templates/header')
 7 SYSTEMPATH\CodeIgniter.php(934): App\Controllers\Pages->index()
 8 SYSTEMPATH\CodeIgniter.php(499): CodeIgniter\CodeIgniter->runController(Object(App\Controllers\Pages))
 9 SYSTEMPATH\CodeIgniter.php(368): CodeIgniter\CodeIgniter->handleRequest(null, Object(Config\Cache), false)
10 FCPATH\index.php(67): CodeIgniter\CodeIgniter->run()
11 SYSTEMPATH\Commands\Server\rewrite.php(47): require_once('C:\\xampp\\htdocs\\CI4\\public\\index.php')
CRITICAL - 2023-07-14 01:58:20 --> Path cannot be empty
in APPPATH\Views\Templates\header.php on line 7.
 1 SYSTEMPATH\View\View.php(213): include()
 2 SYSTEMPATH\View\View.php(216): CodeIgniter\View\View->CodeIgniter\View\{closure}()
 3 SYSTEMPATH\Common.php(1184): CodeIgniter\View\View->render('Templates/header', [], true)
 4 APPPATH\Controllers\Pages.php(35): view('Templates/header')
 5 SYSTEMPATH\CodeIgniter.php(934): App\Controllers\Pages->index()
 6 SYSTEMPATH\CodeIgniter.php(499): CodeIgniter\CodeIgniter->runController(Object(App\Controllers\Pages))
 7 SYSTEMPATH\CodeIgniter.php(368): CodeIgniter\CodeIgniter->handleRequest(null, Object(Config\Cache), false)
 8 FCPATH\index.php(67): CodeIgniter\CodeIgniter->run()
 9 SYSTEMPATH\Commands\Server\rewrite.php(47): require_once('C:\\xampp\\htdocs\\CI4\\public\\index.php')
CRITICAL - 2023-07-14 01:58:32 --> include(Assets/style.css): Failed to open stream: No such file or directory
in APPPATH\Views\Templates\header.php on line 12.
 1 APPPATH\Views\Templates\header.php(12): CodeIgniter\Debug\Exceptions->errorHandler(2, 'include(Assets/style.css): Failed to open stream: No such file or directory', 'C:\\xampp\\htdocs\\CI4\\app\\Views\\Templates\\header.php', 12)
 2 APPPATH\Views\Templates\header.php(12): include()
 3 SYSTEMPATH\View\View.php(213): include('C:\\xampp\\htdocs\\CI4\\app\\Views\\Templates\\header.php')
 4 SYSTEMPATH\View\View.php(216): CodeIgniter\View\View->CodeIgniter\View\{closure}()
 5 SYSTEMPATH\Common.php(1184): CodeIgniter\View\View->render('Templates/header', [], true)
 6 APPPATH\Controllers\Pages.php(35): view('Templates/header')
 7 SYSTEMPATH\CodeIgniter.php(934): App\Controllers\Pages->index()
 8 SYSTEMPATH\CodeIgniter.php(499): CodeIgniter\CodeIgniter->runController(Object(App\Controllers\Pages))
 9 SYSTEMPATH\CodeIgniter.php(368): CodeIgniter\CodeIgniter->handleRequest(null, Object(Config\Cache), false)
10 FCPATH\index.php(67): CodeIgniter\CodeIgniter->run()
11 SYSTEMPATH\Commands\Server\rewrite.php(47): require_once('C:\\xampp\\htdocs\\CI4\\public\\index.php')
CRITICAL - 2023-07-14 02:02:10 --> file_get_contents(Assets/style.css): Failed to open stream: No such file or directory
in APPPATH\Views\Templates\header.php on line 7.
 1 [internal function]: CodeIgniter\Debug\Exceptions->errorHandler(2, 'file_get_contents(Assets/style.css): Failed to open stream: No such file or directory', 'C:\\xampp\\htdocs\\CI4\\app\\Views\\Templates\\header.php', 7)
 2 APPPATH\Views\Templates\header.php(7): file_get_contents('Assets/style.css')
 3 SYSTEMPATH\View\View.php(213): include('C:\\xampp\\htdocs\\CI4\\app\\Views\\Templates\\header.php')
 4 SYSTEMPATH\View\View.php(216): CodeIgniter\View\View->CodeIgniter\View\{closure}()
 5 SYSTEMPATH\Common.php(1184): CodeIgniter\View\View->render('Templates/header', [], true)
 6 APPPATH\Controllers\Pages.php(35): view('Templates/header')
 7 SYSTEMPATH\CodeIgniter.php(934): App\Controllers\Pages->index()
 8 SYSTEMPATH\CodeIgniter.php(499): CodeIgniter\CodeIgniter->runController(Object(App\Controllers\Pages))
 9 SYSTEMPATH\CodeIgniter.php(368): CodeIgniter\CodeIgniter->handleRequest(null, Object(Config\Cache), false)
10 FCPATH\index.php(67): CodeIgniter\CodeIgniter->run()
11 SYSTEMPATH\Commands\Server\rewrite.php(47): require_once('C:\\xampp\\htdocs\\CI4\\public\\index.php')
CRITICAL - 2023-07-14 02:03:00 --> Path cannot be empty
in APPPATH\Views\Templates\header.php on line 7.
 1 SYSTEMPATH\View\View.php(213): include()
 2 SYSTEMPATH\View\View.php(216): CodeIgniter\View\View->CodeIgniter\View\{closure}()
 3 SYSTEMPATH\Common.php(1184): CodeIgniter\View\View->render('Templates/header', [], true)
 4 APPPATH\Controllers\Pages.php(35): view('Templates/header')
 5 SYSTEMPATH\CodeIgniter.php(934): App\Controllers\Pages->index()
 6 SYSTEMPATH\CodeIgniter.php(499): CodeIgniter\CodeIgniter->runController(Object(App\Controllers\Pages))
 7 SYSTEMPATH\CodeIgniter.php(368): CodeIgniter\CodeIgniter->handleRequest(null, Object(Config\Cache), false)
 8 FCPATH\index.php(67): CodeIgniter\CodeIgniter->run()
 9 SYSTEMPATH\Commands\Server\rewrite.php(47): require_once('C:\\xampp\\htdocs\\CI4\\public\\index.php')
CRITICAL - 2023-07-14 02:07:49 --> Path cannot be empty
in APPPATH\Views\Templates\header.php on line 7.
 1 SYSTEMPATH\View\View.php(213): include()
 2 SYSTEMPATH\View\View.php(216): CodeIgniter\View\View->CodeIgniter\View\{closure}()
 3 SYSTEMPATH\Common.php(1184): CodeIgniter\View\View->render('Templates/header', [], true)
 4 APPPATH\Controllers\Pages.php(35): view('Templates/header')
 5 SYSTEMPATH\CodeIgniter.php(934): App\Controllers\Pages->index()
 6 SYSTEMPATH\CodeIgniter.php(499): CodeIgniter\CodeIgniter->runController(Object(App\Controllers\Pages))
 7 SYSTEMPATH\CodeIgniter.php(368): CodeIgniter\CodeIgniter->handleRequest(null, Object(Config\Cache), false)
 8 FCPATH\index.php(67): CodeIgniter\CodeIgniter->run()
 9 SYSTEMPATH\Commands\Server\rewrite.php(47): require_once('C:\\xampp\\htdocs\\CI4\\public\\index.php')
CRITICAL - 2023-07-14 02:07:50 --> Path cannot be empty
in APPPATH\Views\Templates\header.php on line 7.
 1 SYSTEMPATH\View\View.php(213): include()
 2 SYSTEMPATH\View\View.php(216): CodeIgniter\View\View->CodeIgniter\View\{closure}()
 3 SYSTEMPATH\Common.php(1184): CodeIgniter\View\View->render('Templates/header', [], true)
 4 APPPATH\Controllers\Pages.php(35): view('Templates/header')
 5 SYSTEMPATH\CodeIgniter.php(934): App\Controllers\Pages->index()
 6 SYSTEMPATH\CodeIgniter.php(499): CodeIgniter\CodeIgniter->runController(Object(App\Controllers\Pages))
 7 SYSTEMPATH\CodeIgniter.php(368): CodeIgniter\CodeIgniter->handleRequest(null, Object(Config\Cache), false)
 8 FCPATH\index.php(67): CodeIgniter\CodeIgniter->run()
 9 SYSTEMPATH\Commands\Server\rewrite.php(47): require_once('C:\\xampp\\htdocs\\CI4\\public\\index.php')
